<?xml version="1.0" encoding="UTF-8"?>
<!-- Generated by org.testng.reporters.JUnitXMLReporter -->
<testsuite hostname="NATA-PC" ignored="6" tests="3" failures="0" timestamp="2021-08-17T21:27:37 EEST" time="0.336" errors="0">
  <testcase name="verifyCreatingGenrePostRequest" time="0.047" classname="GenreTest"/>
  <testcase name="verifyDeletingGenreByIdDeleteRequest" time="0.065" classname="GenreTest"/>
  <testcase name="verifyUpdatingGenrePutRequest" time="0.033" classname="GenreTest"/>
  <testcase name="verifyGetAllGenresByAuthorIdGetRequest" time="0.0" classname="GenreTest">
    <ignored/>
  </testcase> <!-- verifyGetAllGenresByAuthorIdGetRequest -->
  <testcase name="verifyGetNotFoundGenreByIdGetRequestNegativeCase" time="0.0" classname="GenreTest">
    <ignored/>
  </testcase> <!-- verifyGetNotFoundGenreByIdGetRequestNegativeCase -->
  <testcase name="verifyGetGenreByIdGetRequest" time="0.0" classname="GenreTest">
    <ignored/>
  </testcase> <!-- verifyGetGenreByIdGetRequest -->
  <testcase name="verifyGetGenreByBookIdGetRequest" time="0.0" classname="GenreTest">
    <ignored/>
  </testcase> <!-- verifyGetGenreByBookIdGetRequest -->
  <testcase name="verifySearchGenresGetRequest" time="0.0" classname="GenreTest">
    <ignored/>
  </testcase> <!-- verifySearchGenresGetRequest -->
  <testcase name="verifyGetAllGenresGetRequest" time="0.0" classname="GenreTest">
    <ignored/>
  </testcase> <!-- verifyGetAllGenresGetRequest -->
</testsuite>
