<?xml version="1.0" encoding="UTF-8"?>
<!-- Generated by org.testng.reporters.JUnitXMLReporter -->
<testsuite hostname="NATA-PC" ignored="3" tests="6" failures="1" timestamp="2021-08-17T21:27:38 EEST" time="0.277" errors="0">
  <testcase name="verifyGetAllGenresByAuthorIdGetRequest" time="0.049" classname="GenreTest"/>
  <testcase name="verifyGetAllGenresGetRequest" time="0.046" classname="GenreTest"/>
  <testcase name="verifyGetGenreByBookIdGetRequest" time="0.061" classname="GenreTest"/>
  <testcase name="verifyGetGenreByIdGetRequest" time="0.029" classname="GenreTest"/>
  <testcase name="verifyGetNotFoundGenreByIdGetRequestNegativeCase" time="0.026" classname="GenreTest"/>
  <testcase name="verifySearchGenresGetRequest" time="0.018" classname="GenreTest">
    <failure type="java.lang.AssertionError" message="Actual StatusCode not matching to Expected one. expected [200] but found [400]">
      <![CDATA[java.lang.AssertionError: Actual StatusCode not matching to Expected one. expected [200] but found [400]
at utils.Validator.validateStatusCode(Validator.java:21)
at GenreTest.verifySearchGenresGetRequest(GenreTest.java:106)
at java.util.ArrayList.forEach(ArrayList.java:1257)
... Removed 37 stack frames]]>
    </failure>
  </testcase> <!-- verifySearchGenresGetRequest -->
  <testcase name="verifyUpdatingGenrePutRequest" time="0.0" classname="GenreTest">
    <ignored/>
  </testcase> <!-- verifyUpdatingGenrePutRequest -->
  <testcase name="verifyCreatingGenrePostRequest" time="0.0" classname="GenreTest">
    <ignored/>
  </testcase> <!-- verifyCreatingGenrePostRequest -->
  <testcase name="verifyDeletingGenreByIdDeleteRequest" time="0.0" classname="GenreTest">
    <ignored/>
  </testcase> <!-- verifyDeletingGenreByIdDeleteRequest -->
</testsuite>
