<?xml version="1.0" encoding="UTF-8"?>
<!-- Generated by org.testng.reporters.JUnitXMLReporter -->
<testsuite hostname="NATA-PC" ignored="0" tests="28" failures="12" timestamp="2021-08-16T20:34:34 EEST" time="7.101" errors="0">
  <testcase name="verifyCreatedAuthorPostRequest" time="3.754" classname="AuthorTest"/>
  <testcase name="verifyDeleteAuthorByIdDeleteRequest" time="0.247" classname="AuthorTest">
    <failure type="com.fasterxml.jackson.databind.exc.UnrecognizedPropertyException" message="Unrecognized field &amp;quot;timeStamp&amp;quot; (class pojo.Author), not marked as ignorable (5 known properties: &amp;quot;authorDescription&amp;quot;, &amp;quot;nationality&amp;quot;, &amp;quot;authorId&amp;quot;, &amp;quot;birth&amp;quot;, &amp;quot;authorName&amp;quot;])
 at [Source: (String)&amp;quot;{&amp;quot;timeStamp&amp;quot;:&amp;quot;20:34:31.816 16-08-2021&amp;quot;,&amp;quot;statusCode&amp;quot;:404,&amp;quot;error&amp;quot;:&amp;quot;Not Found&amp;quot;,&amp;quot;errorMessage&amp;quot;:&amp;quot;Author with &amp;apos;authorId&amp;apos; = &amp;apos;9999&amp;apos; doesn&amp;apos;t exist!&amp;quot;}&amp;quot;; line: 1, column: 15] (through reference chain: pojo.Author[&amp;quot;timeStamp&amp;quot;])">
      <![CDATA[com.fasterxml.jackson.databind.exc.UnrecognizedPropertyException: Unrecognized field "timeStamp" (class pojo.Author), not marked as ignorable (5 known properties: "authorDescription", "nationality", "authorId", "birth", "authorName"])
 at [Source: (String)"{"timeStamp":"20:34:31.816 16-08-2021","statusCode":404,"error":"Not Found","errorMessage":"Author with 'authorId' = '9999' doesn't exist!"}"; line: 1, column: 15] (through reference chain: pojo.Author["timeStamp"])
at com.fasterxml.jackson.databind.exc.UnrecognizedPropertyException.from(UnrecognizedPropertyException.java:61)
at com.fasterxml.jackson.databind.DeserializationContext.handleUnknownProperty(DeserializationContext.java:987)
at com.fasterxml.jackson.databind.deser.std.StdDeserializer.handleUnknownProperty(StdDeserializer.java:1974)
at com.fasterxml.jackson.databind.deser.BeanDeserializerBase.handleUnknownProperty(BeanDeserializerBase.java:1701)
at com.fasterxml.jackson.databind.deser.BeanDeserializerBase.handleUnknownVanilla(BeanDeserializerBase.java:1679)
at com.fasterxml.jackson.databind.deser.BeanDeserializer.vanillaDeserialize(BeanDeserializer.java:330)
at com.fasterxml.jackson.databind.deser.BeanDeserializer.deserialize(BeanDeserializer.java:187)
at com.fasterxml.jackson.databind.deser.DefaultDeserializationContext.readRootValue(DefaultDeserializationContext.java:322)
at com.fasterxml.jackson.databind.ObjectMapper._readMapAndClose(ObjectMapper.java:4593)
at com.fasterxml.jackson.databind.ObjectMapper.readValue(ObjectMapper.java:3548)
at com.fasterxml.jackson.databind.ObjectMapper$readValue$0.call(Unknown Source)
at io.restassured.internal.path.json.mapping.JsonPathJackson2ObjectDeserializer.deserialize(JsonPathJackson2ObjectDeserializer.groovy:46)
at io.restassured.path.json.mapping.JsonPathObjectDeserializer$deserialize.call(Unknown Source)
at io.restassured.internal.path.json.mapping.JsonObjectDeserializer.deserializeWithJackson2(JsonObjectDeserializer.groovy:109)
at io.restassured.internal.path.json.mapping.JsonObjectDeserializer$deserializeWithJackson2.callStatic(Unknown Source)
at io.restassured.internal.path.json.mapping.JsonObjectDeserializer.deserialize(JsonObjectDeserializer.groovy:70)
at io.restassured.path.json.JsonPath.jsonStringToObject(JsonPath.java:1093)
at io.restassured.path.json.JsonPath.getObject(JsonPath.java:560)
at service.AuthorService.getActualObjAuthor(AuthorService.java:99)
at AuthorTest.verifyDeleteAuthorByIdDeleteRequest(AuthorTest.java:64)
at java.util.ArrayList.forEach(ArrayList.java:1257)
... Removed 32 stack frames]]>
    </failure>
  </testcase> <!-- verifyDeleteAuthorByIdDeleteRequest -->
  <testcase name="verifyGetAllAuthorsGetRequest" time="0.14" classname="AuthorTest"/>
  <testcase name="verifyGetAuthorByBookIdGetRequest" time="0.092" classname="AuthorTest"/>
  <testcase name="verifyGetAuthorByIdGetRequest" time="0.074" classname="AuthorTest"/>
  <testcase name="verifyGetAuthorsByGenreIdGetRequest" time="0.097" classname="AuthorTest"/>
  <testcase name="verifyGetNotFoundAuthorByIdGetRequestNegativeCase" time="0.074" classname="AuthorTest">
    <failure type="com.fasterxml.jackson.databind.exc.UnrecognizedPropertyException" message="Unrecognized field &amp;quot;timeStamp&amp;quot; (class pojo.Author), not marked as ignorable (5 known properties: &amp;quot;authorDescription&amp;quot;, &amp;quot;nationality&amp;quot;, &amp;quot;authorId&amp;quot;, &amp;quot;birth&amp;quot;, &amp;quot;authorName&amp;quot;])
 at [Source: (String)&amp;quot;{&amp;quot;timeStamp&amp;quot;:&amp;quot;20:34:32.413 16-08-2021&amp;quot;,&amp;quot;statusCode&amp;quot;:404,&amp;quot;error&amp;quot;:&amp;quot;Not Found&amp;quot;,&amp;quot;errorMessage&amp;quot;:&amp;quot;Author with &amp;apos;authorId&amp;apos; = &amp;apos;9999&amp;apos; doesn&amp;apos;t exist!&amp;quot;}&amp;quot;; line: 1, column: 15] (through reference chain: pojo.Author[&amp;quot;timeStamp&amp;quot;])">
      <![CDATA[com.fasterxml.jackson.databind.exc.UnrecognizedPropertyException: Unrecognized field "timeStamp" (class pojo.Author), not marked as ignorable (5 known properties: "authorDescription", "nationality", "authorId", "birth", "authorName"])
 at [Source: (String)"{"timeStamp":"20:34:32.413 16-08-2021","statusCode":404,"error":"Not Found","errorMessage":"Author with 'authorId' = '9999' doesn't exist!"}"; line: 1, column: 15] (through reference chain: pojo.Author["timeStamp"])
at com.fasterxml.jackson.databind.exc.UnrecognizedPropertyException.from(UnrecognizedPropertyException.java:61)
at com.fasterxml.jackson.databind.DeserializationContext.handleUnknownProperty(DeserializationContext.java:987)
at com.fasterxml.jackson.databind.deser.std.StdDeserializer.handleUnknownProperty(StdDeserializer.java:1974)
at com.fasterxml.jackson.databind.deser.BeanDeserializerBase.handleUnknownProperty(BeanDeserializerBase.java:1701)
at com.fasterxml.jackson.databind.deser.BeanDeserializerBase.handleUnknownVanilla(BeanDeserializerBase.java:1679)
at com.fasterxml.jackson.databind.deser.BeanDeserializer.vanillaDeserialize(BeanDeserializer.java:330)
at com.fasterxml.jackson.databind.deser.BeanDeserializer.deserialize(BeanDeserializer.java:187)
at com.fasterxml.jackson.databind.deser.DefaultDeserializationContext.readRootValue(DefaultDeserializationContext.java:322)
at com.fasterxml.jackson.databind.ObjectMapper._readMapAndClose(ObjectMapper.java:4593)
at com.fasterxml.jackson.databind.ObjectMapper.readValue(ObjectMapper.java:3548)
at com.fasterxml.jackson.databind.ObjectMapper$readValue$0.call(Unknown Source)
at io.restassured.internal.path.json.mapping.JsonPathJackson2ObjectDeserializer.deserialize(JsonPathJackson2ObjectDeserializer.groovy:46)
at io.restassured.path.json.mapping.JsonPathObjectDeserializer$deserialize.call(Unknown Source)
at io.restassured.internal.path.json.mapping.JsonObjectDeserializer.deserializeWithJackson2(JsonObjectDeserializer.groovy:109)
at io.restassured.internal.path.json.mapping.JsonObjectDeserializer$deserializeWithJackson2.callStatic(Unknown Source)
at io.restassured.internal.path.json.mapping.JsonObjectDeserializer.deserialize(JsonObjectDeserializer.groovy:70)
at io.restassured.path.json.JsonPath.jsonStringToObject(JsonPath.java:1093)
at io.restassured.path.json.JsonPath.getObject(JsonPath.java:560)
at service.AuthorService.getActualObjAuthor(AuthorService.java:99)
at AuthorTest.verifyGetNotFoundAuthorByIdGetRequestNegativeCase(AuthorTest.java:73)
at java.util.ArrayList.forEach(ArrayList.java:1257)
... Removed 32 stack frames]]>
    </failure>
  </testcase> <!-- verifyGetNotFoundAuthorByIdGetRequestNegativeCase -->
  <testcase name="verifySearchAuthorsGetRequest" time="0.03" classname="AuthorTest">
    <failure type="java.lang.AssertionError" message="Actual StatusCode not matching to Expected one. expected [200] but found [400]">
      <![CDATA[java.lang.AssertionError: Actual StatusCode not matching to Expected one. expected [200] but found [400]
at utils.Validator.validateStatusCode(Validator.java:18)
at AuthorTest.verifySearchAuthorsGetRequest(AuthorTest.java:95)
at java.util.ArrayList.forEach(ArrayList.java:1257)
... Removed 37 stack frames]]>
    </failure>
  </testcase> <!-- verifySearchAuthorsGetRequest -->
  <testcase name="verifyUpdatedAuthorPutRequest" time="0.217" classname="AuthorTest"/>
  <testcase name="verifyCreatedBookPostRequest" time="0.002" classname="BookTest">
    <failure type="org.testng.internal.reflect.MethodMatcherException" message="
[public void BookTest.verifyCreatedBookPostRequest(pojo.Book,pojo.Author,pojo.Genre)] has no parameters defined but was found to be using a data provider (either explicitly specified or inherited from class level annotation).
Data provider mismatch
Method: verifyCreatedBookPostRequest([Parameter{index=0, type=pojo.Book, declaredAnnotations=[]}, Parameter{index=1, type=pojo.Author, declaredAnnotations=[]}, Parameter{index=2, type=pojo.Genre, declaredAnnotations=[]}])
Arguments: [(pojo.Book) {&amp;quot;bookId&amp;quot;:536, &amp;quot;bookName&amp;quot;:&amp;quot;Sed sunt et quas&amp;quot;, &amp;quot;bookLanguage&amp;quot;:&amp;quot;spanish&amp;quot;, &amp;quot;bookDescription&amp;quot;:&amp;quot;Qui quisquam omnis dolores voluptates ut. Ad officia suscipit nihil et vero. Ut veniam esse aliquam eum ea. Est nesciunt est id iure fuga.&amp;quot;, &amp;quot;publicationYear&amp;quot;:1974, &amp;quot;additional&amp;quot;:{&amp;quot;pageCount&amp;quot;:573, &amp;quot;size&amp;quot;:{&amp;quot;height&amp;quot;:14.9, &amp;quot;width&amp;quot;:0.0, &amp;quot;lenght&amp;quot;:0.0}}}]">
      <![CDATA[org.testng.internal.reflect.MethodMatcherException: 
[public void BookTest.verifyCreatedBookPostRequest(pojo.Book,pojo.Author,pojo.Genre)] has no parameters defined but was found to be using a data provider (either explicitly specified or inherited from class level annotation).
Data provider mismatch
Method: verifyCreatedBookPostRequest([Parameter{index=0, type=pojo.Book, declaredAnnotations=[]}, Parameter{index=1, type=pojo.Author, declaredAnnotations=[]}, Parameter{index=2, type=pojo.Genre, declaredAnnotations=[]}])
Arguments: [(pojo.Book) {"bookId":536, "bookName":"Sed sunt et quas", "bookLanguage":"spanish", "bookDescription":"Qui quisquam omnis dolores voluptates ut. Ad officia suscipit nihil et vero. Ut veniam esse aliquam eum ea. Est nesciunt est id iure fuga.", "publicationYear":1974, "additional":{"pageCount":573, "size":{"height":14.9, "width":0.0, "lenght":0.0}}}]
at java.util.ArrayList.forEach(ArrayList.java:1257)
... Removed 27 stack frames]]>
    </failure>
  </testcase> <!-- verifyCreatedBookPostRequest -->
  <testcase name="verifyDeleteBookByIdDeleteRequest" time="0.262" classname="BookTest">
    <failure type="com.fasterxml.jackson.databind.exc.UnrecognizedPropertyException" message="Unrecognized field &amp;quot;timeStamp&amp;quot; (class pojo.Book), not marked as ignorable (6 known properties: &amp;quot;bookLanguage&amp;quot;, &amp;quot;bookDescription&amp;quot;, &amp;quot;bookId&amp;quot;, &amp;quot;additional&amp;quot;, &amp;quot;publicationYear&amp;quot;, &amp;quot;bookName&amp;quot;])
 at [Source: (String)&amp;quot;{&amp;quot;timeStamp&amp;quot;:&amp;quot;20:34:32.983 16-08-2021&amp;quot;,&amp;quot;statusCode&amp;quot;:404,&amp;quot;error&amp;quot;:&amp;quot;Not Found&amp;quot;,&amp;quot;errorMessage&amp;quot;:&amp;quot;Book with &amp;apos;bookId&amp;apos; = &amp;apos;536&amp;apos; doesn&amp;apos;t exist!&amp;quot;}&amp;quot;; line: 1, column: 15] (through reference chain: pojo.Book[&amp;quot;timeStamp&amp;quot;])">
      <![CDATA[com.fasterxml.jackson.databind.exc.UnrecognizedPropertyException: Unrecognized field "timeStamp" (class pojo.Book), not marked as ignorable (6 known properties: "bookLanguage", "bookDescription", "bookId", "additional", "publicationYear", "bookName"])
 at [Source: (String)"{"timeStamp":"20:34:32.983 16-08-2021","statusCode":404,"error":"Not Found","errorMessage":"Book with 'bookId' = '536' doesn't exist!"}"; line: 1, column: 15] (through reference chain: pojo.Book["timeStamp"])
at com.fasterxml.jackson.databind.exc.UnrecognizedPropertyException.from(UnrecognizedPropertyException.java:61)
at com.fasterxml.jackson.databind.DeserializationContext.handleUnknownProperty(DeserializationContext.java:987)
at com.fasterxml.jackson.databind.deser.std.StdDeserializer.handleUnknownProperty(StdDeserializer.java:1974)
at com.fasterxml.jackson.databind.deser.BeanDeserializerBase.handleUnknownProperty(BeanDeserializerBase.java:1701)
at com.fasterxml.jackson.databind.deser.BeanDeserializerBase.handleUnknownVanilla(BeanDeserializerBase.java:1679)
at com.fasterxml.jackson.databind.deser.BeanDeserializer.vanillaDeserialize(BeanDeserializer.java:330)
at com.fasterxml.jackson.databind.deser.BeanDeserializer.deserialize(BeanDeserializer.java:187)
at com.fasterxml.jackson.databind.deser.DefaultDeserializationContext.readRootValue(DefaultDeserializationContext.java:322)
at com.fasterxml.jackson.databind.ObjectMapper._readMapAndClose(ObjectMapper.java:4593)
at com.fasterxml.jackson.databind.ObjectMapper.readValue(ObjectMapper.java:3548)
at com.fasterxml.jackson.databind.ObjectMapper$readValue$0.call(Unknown Source)
at io.restassured.internal.path.json.mapping.JsonPathJackson2ObjectDeserializer.deserialize(JsonPathJackson2ObjectDeserializer.groovy:46)
at io.restassured.path.json.mapping.JsonPathObjectDeserializer$deserialize.call(Unknown Source)
at io.restassured.internal.path.json.mapping.JsonObjectDeserializer.deserializeWithJackson2(JsonObjectDeserializer.groovy:109)
at io.restassured.internal.path.json.mapping.JsonObjectDeserializer$deserializeWithJackson2.callStatic(Unknown Source)
at io.restassured.internal.path.json.mapping.JsonObjectDeserializer.deserialize(JsonObjectDeserializer.groovy:70)
at io.restassured.path.json.JsonPath.jsonStringToObject(JsonPath.java:1093)
at io.restassured.path.json.JsonPath.getObject(JsonPath.java:560)
at service.BookService.getActualObjBook(BookService.java:72)
at BookTest.verifyDeleteBookByIdDeleteRequest(BookTest.java:69)
at java.util.ArrayList.forEach(ArrayList.java:1257)
... Removed 32 stack frames]]>
    </failure>
  </testcase> <!-- verifyDeleteBookByIdDeleteRequest -->
  <testcase name="verifyGetAllBooksGetRequest" time="0.121" classname="BookTest"/>
  <testcase name="verifyGetBookByIdGetRequest" time="0.072" classname="BookTest"/>
  <testcase name="verifyGetBooksByAuthorIdGenreIdGetRequest" time="0.099" classname="BookTest">
    <failure type="java.lang.AssertionError" message="List of books is empty expected [false] but found [true]">
      <![CDATA[java.lang.AssertionError: List of books is empty expected [false] but found [true]
at BookTest.verifyGetBooksByAuthorIdGenreIdGetRequest(BookTest.java:105)
at java.util.ArrayList.forEach(ArrayList.java:1257)
... Removed 35 stack frames]]>
    </failure>
  </testcase> <!-- verifyGetBooksByAuthorIdGenreIdGetRequest -->
  <testcase name="verifyGetBooksByAuthorIdGetRequest" time="0.106" classname="BookTest"/>
  <testcase name="verifyGetBooksByGenreIdGetRequest" time="0.132" classname="BookTest"/>
  <testcase name="verifyGetNotFoundBookByIdGetRequestNegativeCase" time="0.072" classname="BookTest">
    <failure type="com.fasterxml.jackson.databind.exc.UnrecognizedPropertyException" message="Unrecognized field &amp;quot;timeStamp&amp;quot; (class pojo.Book), not marked as ignorable (6 known properties: &amp;quot;bookLanguage&amp;quot;, &amp;quot;bookDescription&amp;quot;, &amp;quot;bookId&amp;quot;, &amp;quot;additional&amp;quot;, &amp;quot;publicationYear&amp;quot;, &amp;quot;bookName&amp;quot;])
 at [Source: (String)&amp;quot;{&amp;quot;timeStamp&amp;quot;:&amp;quot;20:34:33.647 16-08-2021&amp;quot;,&amp;quot;statusCode&amp;quot;:404,&amp;quot;error&amp;quot;:&amp;quot;Not Found&amp;quot;,&amp;quot;errorMessage&amp;quot;:&amp;quot;Book with &amp;apos;bookId&amp;apos; = &amp;apos;536&amp;apos; doesn&amp;apos;t exist!&amp;quot;}&amp;quot;; line: 1, column: 15] (through reference chain: pojo.Book[&amp;quot;timeStamp&amp;quot;])">
      <![CDATA[com.fasterxml.jackson.databind.exc.UnrecognizedPropertyException: Unrecognized field "timeStamp" (class pojo.Book), not marked as ignorable (6 known properties: "bookLanguage", "bookDescription", "bookId", "additional", "publicationYear", "bookName"])
 at [Source: (String)"{"timeStamp":"20:34:33.647 16-08-2021","statusCode":404,"error":"Not Found","errorMessage":"Book with 'bookId' = '536' doesn't exist!"}"; line: 1, column: 15] (through reference chain: pojo.Book["timeStamp"])
at com.fasterxml.jackson.databind.exc.UnrecognizedPropertyException.from(UnrecognizedPropertyException.java:61)
at com.fasterxml.jackson.databind.DeserializationContext.handleUnknownProperty(DeserializationContext.java:987)
at com.fasterxml.jackson.databind.deser.std.StdDeserializer.handleUnknownProperty(StdDeserializer.java:1974)
at com.fasterxml.jackson.databind.deser.BeanDeserializerBase.handleUnknownProperty(BeanDeserializerBase.java:1701)
at com.fasterxml.jackson.databind.deser.BeanDeserializerBase.handleUnknownVanilla(BeanDeserializerBase.java:1679)
at com.fasterxml.jackson.databind.deser.BeanDeserializer.vanillaDeserialize(BeanDeserializer.java:330)
at com.fasterxml.jackson.databind.deser.BeanDeserializer.deserialize(BeanDeserializer.java:187)
at com.fasterxml.jackson.databind.deser.DefaultDeserializationContext.readRootValue(DefaultDeserializationContext.java:322)
at com.fasterxml.jackson.databind.ObjectMapper._readMapAndClose(ObjectMapper.java:4593)
at com.fasterxml.jackson.databind.ObjectMapper.readValue(ObjectMapper.java:3548)
at com.fasterxml.jackson.databind.ObjectMapper$readValue$0.call(Unknown Source)
at io.restassured.internal.path.json.mapping.JsonPathJackson2ObjectDeserializer.deserialize(JsonPathJackson2ObjectDeserializer.groovy:46)
at io.restassured.path.json.mapping.JsonPathObjectDeserializer$deserialize.call(Unknown Source)
at io.restassured.internal.path.json.mapping.JsonObjectDeserializer.deserializeWithJackson2(JsonObjectDeserializer.groovy:109)
at io.restassured.internal.path.json.mapping.JsonObjectDeserializer$deserializeWithJackson2.callStatic(Unknown Source)
at io.restassured.internal.path.json.mapping.JsonObjectDeserializer.deserialize(JsonObjectDeserializer.groovy:70)
at io.restassured.path.json.JsonPath.jsonStringToObject(JsonPath.java:1093)
at io.restassured.path.json.JsonPath.getObject(JsonPath.java:560)
at service.BookService.getActualObjBook(BookService.java:72)
at BookTest.verifyGetNotFoundBookByIdGetRequestNegativeCase(BookTest.java:78)
at java.util.ArrayList.forEach(ArrayList.java:1257)
... Removed 32 stack frames]]>
    </failure>
  </testcase> <!-- verifyGetNotFoundBookByIdGetRequestNegativeCase -->
  <testcase name="verifySearchBooksGetRequest" time="0.018" classname="BookTest">
    <failure type="java.lang.AssertionError" message="Actual StatusCode not matching to Expected one. expected [200] but found [400]">
      <![CDATA[java.lang.AssertionError: Actual StatusCode not matching to Expected one. expected [200] but found [400]
at utils.Validator.validateStatusCode(Validator.java:18)
at BookTest.verifySearchBooksGetRequest(BookTest.java:112)
at java.util.ArrayList.forEach(ArrayList.java:1257)
... Removed 37 stack frames]]>
    </failure>
  </testcase> <!-- verifySearchBooksGetRequest -->
  <testcase name="verifyUpdatedBookPutRequest" time="0.205" classname="BookTest"/>
  <testcase name="verifyCreatedGenrePostRequest" time="0.103" classname="GenreTest"/>
  <testcase name="verifyDeleteGenreByIdDeleteRequest" time="0.145" classname="GenreTest">
    <failure type="com.fasterxml.jackson.databind.exc.UnrecognizedPropertyException" message="Unrecognized field &amp;quot;timeStamp&amp;quot; (class pojo.Genre), not marked as ignorable (3 known properties: &amp;quot;genreDescription&amp;quot;, &amp;quot;genreId&amp;quot;, &amp;quot;genreName&amp;quot;])
 at [Source: (String)&amp;quot;{&amp;quot;timeStamp&amp;quot;:&amp;quot;20:34:34.150 16-08-2021&amp;quot;,&amp;quot;statusCode&amp;quot;:404,&amp;quot;error&amp;quot;:&amp;quot;Not Found&amp;quot;,&amp;quot;errorMessage&amp;quot;:&amp;quot;Genre with &amp;apos;genreId&amp;apos; = &amp;apos;9999&amp;apos; doesn&amp;apos;t exist!&amp;quot;}&amp;quot;; line: 1, column: 15] (through reference chain: pojo.Genre[&amp;quot;timeStamp&amp;quot;])">
      <![CDATA[com.fasterxml.jackson.databind.exc.UnrecognizedPropertyException: Unrecognized field "timeStamp" (class pojo.Genre), not marked as ignorable (3 known properties: "genreDescription", "genreId", "genreName"])
 at [Source: (String)"{"timeStamp":"20:34:34.150 16-08-2021","statusCode":404,"error":"Not Found","errorMessage":"Genre with 'genreId' = '9999' doesn't exist!"}"; line: 1, column: 15] (through reference chain: pojo.Genre["timeStamp"])
at com.fasterxml.jackson.databind.exc.UnrecognizedPropertyException.from(UnrecognizedPropertyException.java:61)
at com.fasterxml.jackson.databind.DeserializationContext.handleUnknownProperty(DeserializationContext.java:987)
at com.fasterxml.jackson.databind.deser.std.StdDeserializer.handleUnknownProperty(StdDeserializer.java:1974)
at com.fasterxml.jackson.databind.deser.BeanDeserializerBase.handleUnknownProperty(BeanDeserializerBase.java:1701)
at com.fasterxml.jackson.databind.deser.BeanDeserializerBase.handleUnknownVanilla(BeanDeserializerBase.java:1679)
at com.fasterxml.jackson.databind.deser.BeanDeserializer.vanillaDeserialize(BeanDeserializer.java:330)
at com.fasterxml.jackson.databind.deser.BeanDeserializer.deserialize(BeanDeserializer.java:187)
at com.fasterxml.jackson.databind.deser.DefaultDeserializationContext.readRootValue(DefaultDeserializationContext.java:322)
at com.fasterxml.jackson.databind.ObjectMapper._readMapAndClose(ObjectMapper.java:4593)
at com.fasterxml.jackson.databind.ObjectMapper.readValue(ObjectMapper.java:3548)
at com.fasterxml.jackson.databind.ObjectMapper$readValue$0.call(Unknown Source)
at io.restassured.internal.path.json.mapping.JsonPathJackson2ObjectDeserializer.deserialize(JsonPathJackson2ObjectDeserializer.groovy:46)
at io.restassured.path.json.mapping.JsonPathObjectDeserializer$deserialize.call(Unknown Source)
at io.restassured.internal.path.json.mapping.JsonObjectDeserializer.deserializeWithJackson2(JsonObjectDeserializer.groovy:109)
at io.restassured.internal.path.json.mapping.JsonObjectDeserializer$deserializeWithJackson2.callStatic(Unknown Source)
at io.restassured.internal.path.json.mapping.JsonObjectDeserializer.deserialize(JsonObjectDeserializer.groovy:70)
at io.restassured.path.json.JsonPath.jsonStringToObject(JsonPath.java:1093)
at io.restassured.path.json.JsonPath.getObject(JsonPath.java:560)
at service.GenreService.getActualObjGenre(GenreService.java:71)
at GenreTest.verifyDeleteGenreByIdDeleteRequest(GenreTest.java:65)
at java.util.ArrayList.forEach(ArrayList.java:1257)
... Removed 32 stack frames]]>
    </failure>
  </testcase> <!-- verifyDeleteGenreByIdDeleteRequest -->
  <testcase name="verifyGetAllGenresByAuthorIdGetRequest" time="0.058" classname="GenreTest"/>
  <testcase name="verifyGetAllGenresGetRequest" time="0.054" classname="GenreTest"/>
  <testcase name="verifyGetGenreByIdGetRequest" time="0.033" classname="GenreTest"/>
  <testcase name="verifyGetGenresByBookIdGetRequest" time="0.023" classname="GenreTest">
    <failure type="java.lang.AssertionError" message="Actual StatusCode not matching to Expected one. expected [200] but found [405]">
      <![CDATA[java.lang.AssertionError: Actual StatusCode not matching to Expected one. expected [200] but found [405]
at utils.Validator.validateStatusCode(Validator.java:18)
at GenreTest.verifyGetGenresByBookIdGetRequest(GenreTest.java:91)
at java.util.ArrayList.forEach(ArrayList.java:1257)
... Removed 37 stack frames]]>
    </failure>
  </testcase> <!-- verifyGetGenresByBookIdGetRequest -->
  <testcase name="verifyGetNotFoundGenreByIdGetRequestNegativeCase" time="0.038" classname="GenreTest">
    <failure type="com.fasterxml.jackson.databind.exc.UnrecognizedPropertyException" message="Unrecognized field &amp;quot;timeStamp&amp;quot; (class pojo.Genre), not marked as ignorable (3 known properties: &amp;quot;genreDescription&amp;quot;, &amp;quot;genreId&amp;quot;, &amp;quot;genreName&amp;quot;])
 at [Source: (String)&amp;quot;{&amp;quot;timeStamp&amp;quot;:&amp;quot;20:34:34.397 16-08-2021&amp;quot;,&amp;quot;statusCode&amp;quot;:404,&amp;quot;error&amp;quot;:&amp;quot;Not Found&amp;quot;,&amp;quot;errorMessage&amp;quot;:&amp;quot;Genre with &amp;apos;genreId&amp;apos; = &amp;apos;9999&amp;apos; doesn&amp;apos;t exist!&amp;quot;}&amp;quot;; line: 1, column: 15] (through reference chain: pojo.Genre[&amp;quot;timeStamp&amp;quot;])">
      <![CDATA[com.fasterxml.jackson.databind.exc.UnrecognizedPropertyException: Unrecognized field "timeStamp" (class pojo.Genre), not marked as ignorable (3 known properties: "genreDescription", "genreId", "genreName"])
 at [Source: (String)"{"timeStamp":"20:34:34.397 16-08-2021","statusCode":404,"error":"Not Found","errorMessage":"Genre with 'genreId' = '9999' doesn't exist!"}"; line: 1, column: 15] (through reference chain: pojo.Genre["timeStamp"])
at com.fasterxml.jackson.databind.exc.UnrecognizedPropertyException.from(UnrecognizedPropertyException.java:61)
at com.fasterxml.jackson.databind.DeserializationContext.handleUnknownProperty(DeserializationContext.java:987)
at com.fasterxml.jackson.databind.deser.std.StdDeserializer.handleUnknownProperty(StdDeserializer.java:1974)
at com.fasterxml.jackson.databind.deser.BeanDeserializerBase.handleUnknownProperty(BeanDeserializerBase.java:1701)
at com.fasterxml.jackson.databind.deser.BeanDeserializerBase.handleUnknownVanilla(BeanDeserializerBase.java:1679)
at com.fasterxml.jackson.databind.deser.BeanDeserializer.vanillaDeserialize(BeanDeserializer.java:330)
at com.fasterxml.jackson.databind.deser.BeanDeserializer.deserialize(BeanDeserializer.java:187)
at com.fasterxml.jackson.databind.deser.DefaultDeserializationContext.readRootValue(DefaultDeserializationContext.java:322)
at com.fasterxml.jackson.databind.ObjectMapper._readMapAndClose(ObjectMapper.java:4593)
at com.fasterxml.jackson.databind.ObjectMapper.readValue(ObjectMapper.java:3548)
at com.fasterxml.jackson.databind.ObjectMapper$readValue$0.call(Unknown Source)
at io.restassured.internal.path.json.mapping.JsonPathJackson2ObjectDeserializer.deserialize(JsonPathJackson2ObjectDeserializer.groovy:46)
at io.restassured.path.json.mapping.JsonPathObjectDeserializer$deserialize.call(Unknown Source)
at io.restassured.internal.path.json.mapping.JsonObjectDeserializer.deserializeWithJackson2(JsonObjectDeserializer.groovy:109)
at io.restassured.internal.path.json.mapping.JsonObjectDeserializer$deserializeWithJackson2.callStatic(Unknown Source)
at io.restassured.internal.path.json.mapping.JsonObjectDeserializer.deserialize(JsonObjectDeserializer.groovy:70)
at io.restassured.path.json.JsonPath.jsonStringToObject(JsonPath.java:1093)
at io.restassured.path.json.JsonPath.getObject(JsonPath.java:560)
at service.GenreService.getActualObjGenre(GenreService.java:71)
at GenreTest.verifyGetNotFoundGenreByIdGetRequestNegativeCase(GenreTest.java:74)
at java.util.ArrayList.forEach(ArrayList.java:1257)
... Removed 32 stack frames]]>
    </failure>
  </testcase> <!-- verifyGetNotFoundGenreByIdGetRequestNegativeCase -->
  <testcase name="verifySearchGenressGetRequest" time="0.02" classname="GenreTest">
    <failure type="java.lang.AssertionError" message="Actual StatusCode not matching to Expected one. expected [200] but found [400]">
      <![CDATA[java.lang.AssertionError: Actual StatusCode not matching to Expected one. expected [200] but found [400]
at utils.Validator.validateStatusCode(Validator.java:18)
at GenreTest.verifySearchGenressGetRequest(GenreTest.java:100)
at java.util.ArrayList.forEach(ArrayList.java:1257)
... Removed 37 stack frames]]>
    </failure>
  </testcase> <!-- verifySearchGenressGetRequest -->
  <testcase name="verifyUpdatedGenrePutRequest" time="0.154" classname="GenreTest"/>
</testsuite>
