<?xml version="1.0" encoding="UTF-8"?>
<testsuite xmlns:xsi="http://www.w3.org/2001/XMLSchema-instance" xsi:noNamespaceSchemaLocation="https://maven.apache.org/surefire/maven-surefire-plugin/xsd/surefire-test-report-3.0.xsd" version="3.0" name="TestSuite" time="10.628" tests="28" errors="0" skipped="0" failures="3">
  <properties>
[...]
</properties>
  <testcase name="verifyCreatingBookPostRequest[{&quot;bookId&quot;:536, &quot;bookName&quot;:&quot;Sed sunt et quas&quot;, &quot;bookLanguage&quot;:&quot;spanish&quot;, &quot;bookDescription&quot;:&quot;Qui quisquam omnis dolores voluptates ut. Ad officia suscipit nihil et vero. Ut veniam esse aliquam eum ea. Est nesciunt est id iure fuga.&quot;, &quot;publicationYear&quot;:1974, &quot;additional&quot;:{&quot;pageCount&quot;:573, &quot;size&quot;:{&quot;height&quot;:14.9, &quot;width&quot;:0.0, &quot;lenght&quot;:0.0}}}, {&quot;authorDescription&quot;:&quot;Neque natus sequi. Sunt molestiae quia numquam qui qui quasi ipsa. Vel ea iusto assumenda voluptatem eos qui. Qui excepturi dolor vitae ea et repudiandae. Voluptas mollitia vero autem minima unde commodi sint.&quot;, &quot;authorId&quot;:37, &quot;authorName&quot;:{&quot;first&quot;:&quot;Alexandro&quot;, &quot;second&quot;:&quot;Kris&quot;}, &quot;birth&quot;:{&quot;city&quot;:&quot;Doylechester&quot;, &quot;country&quot;:&quot;Venezuela&quot;, &quot;date&quot;:&quot;1930-09-19&quot;}, &quot;nationality&quot;:&quot;Turkish&quot;}, {&quot;genreDescription&quot;:&quot;Impedit velit distinctio fuga. Asperiores enim impedit et et. Aut cum eum.&quot;, &quot;genreId&quot;:7448, &quot;genreName&quot;:&quot;Folklore&quot;}](1)" classname="BookTest" time="3.831">
    <system-out><![CDATA[beforeGroupBook
beforeMethod
2021-08-18 17:04 INFO  BaseTest - Test 'verifyCreatingBookPostRequest' started.
beforeMethodBook
2021-08-18 17:04 INFO  HttpClient - 

REQUEST:
method: POST
uri: http://localhost:8080/api/library/book/37/7448/
queryParam: 
body:
{"bookId":536, "bookName":"Sed sunt et quas", "bookLanguage":"spanish", "bookDescription":"Qui quisquam omnis dolores voluptates ut. Ad officia suscipit nihil et vero. Ut veniam esse aliquam eum ea. Est nesciunt est id iure fuga.", "publicationYear":1974, "additional":{"pageCount":573, "size":{"height":14.9, "width":0.0, "lenght":0.0}}}

2021-08-18 17:04 INFO  HttpClient - 

RESPONSE:
status line: HTTP/1.1 201 
location: null
body:
{
    "bookId": 536,
    "bookName": "Sed sunt et quas",
    "bookLanguage": "spanish",
    "bookDescription": "Qui quisquam omnis dolores voluptates ut. Ad officia suscipit nihil et vero. Ut veniam esse aliquam eum ea. Est nesciunt est id iure fuga.",
    "additional": {
        "pageCount": 573,
        "size": {
            "height": 14.9,
            "width": 0.0,
            "length": 0.0
        }
    },
    "publicationYear": 1974
}

]]></system-out>
    <system-err><![CDATA[SLF4J: Failed to load class "org.slf4j.impl.StaticLoggerBinder".
SLF4J: Defaulting to no-operation (NOP) logger implementation
SLF4J: See http://www.slf4j.org/codes.html#StaticLoggerBinder for further details.
]]></system-err>
  </testcase>
  <testcase name="verifyDeletingBookByIdDeleteRequest[{&quot;bookId&quot;:536, &quot;bookName&quot;:&quot;Sed sunt et quas&quot;, &quot;bookLanguage&quot;:&quot;spanish&quot;, &quot;bookDescription&quot;:&quot;Qui quisquam omnis dolores voluptates ut. Ad officia suscipit nihil et vero. Ut veniam esse aliquam eum ea. Est nesciunt est id iure fuga.&quot;, &quot;publicationYear&quot;:1974, &quot;additional&quot;:{&quot;pageCount&quot;:573, &quot;size&quot;:{&quot;height&quot;:14.9, &quot;width&quot;:0.0, &quot;lenght&quot;:0.0}}}](1)" classname="BookTest" time="0.064">
    <system-out><![CDATA[afterMethod
2021-08-18 17:04 INFO  BaseTest - Test 'verifyCreatingBookPostRequest' completed.
afterMethodBook
2021-08-18 17:04 INFO  HttpClient - 

REQUEST:
method: DELETE
uri: http://localhost:8080/api/library/book/536/
queryParam: 
body:
null

2021-08-18 17:04 INFO  HttpClient - 

RESPONSE:
status line: HTTP/1.1 204 
location: null
body:


beforeMethod
2021-08-18 17:04 INFO  BaseTest - Test 'verifyDeletingBookByIdDeleteRequest' started.
beforeMethodBook
2021-08-18 17:04 INFO  HttpClient - 

REQUEST:
method: POST
uri: http://localhost:8080/api/library/book/37/7448/
queryParam: 
body:
{"bookId":536, "bookName":"Sed sunt et quas", "bookLanguage":"spanish", "bookDescription":"Qui quisquam omnis dolores voluptates ut. Ad officia suscipit nihil et vero. Ut veniam esse aliquam eum ea. Est nesciunt est id iure fuga.", "publicationYear":1974, "additional":{"pageCount":573, "size":{"height":14.9, "width":0.0, "lenght":0.0}}}

2021-08-18 17:04 INFO  HttpClient - 

RESPONSE:
status line: HTTP/1.1 201 
location: null
body:
{
    "bookId": 536,
    "bookName": "Sed sunt et quas",
    "bookLanguage": "spanish",
    "bookDescription": "Qui quisquam omnis dolores voluptates ut. Ad officia suscipit nihil et vero. Ut veniam esse aliquam eum ea. Est nesciunt est id iure fuga.",
    "additional": {
        "pageCount": 573,
        "size": {
            "height": 14.9,
            "width": 0.0,
            "length": 0.0
        }
    },
    "publicationYear": 1974
}

2021-08-18 17:04 INFO  HttpClient - 

REQUEST:
method: DELETE
uri: http://localhost:8080/api/library/book/536/
queryParam: 
body:
null

2021-08-18 17:04 INFO  HttpClient - 

RESPONSE:
status line: HTTP/1.1 204 
location: null
body:


2021-08-18 17:04 INFO  HttpClient - 

REQUEST:
method: GET
uri: http://localhost:8080/api/library/book/536/
queryParam: 
body:
null

2021-08-18 17:04 INFO  HttpClient - 

RESPONSE:
status line: HTTP/1.1 404 
location: null
body:
{
    "timeStamp": "17:04:19.521 18-08-2021",
    "statusCode": 404,
    "error": "Not Found",
    "errorMessage": "Book with 'bookId' = '536' doesn't exist!"
}

]]></system-out>
  </testcase>
  <testcase name="verifyUpdatingBookPutRequest[{&quot;bookId&quot;:536, &quot;bookName&quot;:&quot;Sed sunt et quas&quot;, &quot;bookLanguage&quot;:&quot;spanish&quot;, &quot;bookDescription&quot;:&quot;updated book description&quot;, &quot;publicationYear&quot;:1974, &quot;additional&quot;:{&quot;pageCount&quot;:573, &quot;size&quot;:{&quot;height&quot;:14.9, &quot;width&quot;:0.0, &quot;lenght&quot;:0.0}}}](1)" classname="BookTest" time="0.056">
    <system-out><![CDATA[afterMethod
2021-08-18 17:04 INFO  BaseTest - Test 'verifyDeletingBookByIdDeleteRequest' completed.
afterMethodBook
beforeMethod
2021-08-18 17:04 INFO  BaseTest - Test 'verifyUpdatingBookPutRequest' started.
beforeMethodBook
2021-08-18 17:04 INFO  HttpClient - 

REQUEST:
method: POST
uri: http://localhost:8080/api/library/book/37/7448/
queryParam: 
body:
{"bookId":536, "bookName":"Sed sunt et quas", "bookLanguage":"spanish", "bookDescription":"Qui quisquam omnis dolores voluptates ut. Ad officia suscipit nihil et vero. Ut veniam esse aliquam eum ea. Est nesciunt est id iure fuga.", "publicationYear":1974, "additional":{"pageCount":573, "size":{"height":14.9, "width":0.0, "lenght":0.0}}}

2021-08-18 17:04 INFO  HttpClient - 

RESPONSE:
status line: HTTP/1.1 201 
location: null
body:
{
    "bookId": 536,
    "bookName": "Sed sunt et quas",
    "bookLanguage": "spanish",
    "bookDescription": "Qui quisquam omnis dolores voluptates ut. Ad officia suscipit nihil et vero. Ut veniam esse aliquam eum ea. Est nesciunt est id iure fuga.",
    "additional": {
        "pageCount": 573,
        "size": {
            "height": 14.9,
            "width": 0.0,
            "length": 0.0
        }
    },
    "publicationYear": 1974
}

2021-08-18 17:04 INFO  HttpClient - 

REQUEST:
method: PUT
uri: http://localhost:8080/api/library/book/
queryParam: 
body:
{"bookId":536, "bookName":"Sed sunt et quas", "bookLanguage":"spanish", "bookDescription":"updated book description", "publicationYear":1974, "additional":{"pageCount":573, "size":{"height":14.9, "width":0.0, "lenght":0.0}}}

2021-08-18 17:04 INFO  HttpClient - 

RESPONSE:
status line: HTTP/1.1 200 
location: null
body:
{
    "bookId": 536,
    "bookName": "Sed sunt et quas",
    "bookLanguage": "spanish",
    "bookDescription": "updated book description",
    "additional": {
        "pageCount": 573,
        "size": {
            "height": 14.9,
            "width": 0.0,
            "length": 0.0
        }
    },
    "publicationYear": 1974
}

]]></system-out>
  </testcase>
  <testcase name="verifyGetAllBooksGetRequest" classname="BookTest" time="0.709">
    <system-out><![CDATA[afterMethod
2021-08-18 17:04 INFO  BaseTest - Test 'verifyUpdatingBookPutRequest' completed.
afterMethodBook
2021-08-18 17:04 INFO  HttpClient - 

REQUEST:
method: DELETE
uri: http://localhost:8080/api/library/book/536/
queryParam: 
body:
null

2021-08-18 17:04 INFO  HttpClient - 

RESPONSE:
status line: HTTP/1.1 204 
location: null
body:


afterGroupBook
beforeMethod
2021-08-18 17:04 INFO  BaseTest - Test 'verifyGetAllBooksGetRequest' started.
2021-08-18 17:04 INFO  HttpClient - 

REQUEST:
method: GET
uri: http://localhost:8080/api/library/books?page=1&pagination=true&size=10/
queryParam: 
body:
null

2021-08-18 17:04 INFO  HttpClient - 

RESPONSE:
status line: HTTP/1.1 200 
location: null
body:
[
    {
        "bookId": 52,
        "bookName": "Dolorem ut explicabo",
        "bookLanguage": "russian",
        "bookDescription": "Reiciendis recusandae voluptas eaque eligendi aliquid voluptatem possimus. Qui voluptatum quo maiores nemo totam cum consequatur. Et neque hic temporibus totam exercitationem temporibus itaque. Praesentium ut sunt aliquid nesciunt id animi. Possimus unde fugit repudiandae.",
        "additional": {
            "pageCount": 183,
            "size": {
                "height": 27.8,
                "width": 26.1,
                "length": 4.9
            }
        },
        "publicationYear": 1988
    },
    {
        "bookId": 94,
        "bookName": "Illum labore nesciunt inventore",
        "bookLanguage": "farsi",
        "bookDescription": "Quidem quae corrupti aut animi ea omnis culpa. Dignissimos id est ea labore aliquam fugit. Maiores neque occaecati voluptatem. Vero consequuntur qui sit id. Odio a ea non provident aut magni omnis.",
        "additional": {
            "pageCount": 885,
            "size": {
                "height": 34.1,
                "width": 24.4,
                "length": 1.6
            }
        },
        "publicationYear": 1971
    },
    {
        "bookId": 111,
        "bookName": "Eaque recusandae voluptatibus",
        "bookLanguage": "spanish",
        "bookDescription": "Molestias autem quam voluptas perferendis sed dicta dolorem. Vero ipsum et minima qui quo quis quaerat. Explicabo optio velit tempora iure voluptatibus. Consequatur officia ea laborum asperiores ut consequatur.",
        "additional": {
            "pageCount": 936,
            "size": {
                "height": 10.0,
                "width": 32.7,
                "length": 4.4
            }
        },
        "publicationYear": 1991
    },
    {
        "bookId": 167,
        "bookName": "Esse facilis architecto",
        "bookLanguage": "farsi",
        "bookDescription": "Odit voluptatem totam. Voluptatibus ut vel qui. Non quos autem dicta. Sed qui debitis. Delectus et corporis voluptas enim minima.",
        "additional": {
            "pageCount": 846,
            "size": {
                "height": 18.6,
                "width": 14.5,
                "length": 3.4
            }
        },
        "publicationYear": 2010
    },
    {
        "bookId": 210,
        "bookName": "Qui vitae rerum",
        "bookLanguage": "german",
        "bookDescription": "Vel repellat architecto ullam culpa dolorem dignissimos sint. Aliquam qui dolor. Et dolor ab vel rerum cupiditate dignissimos exercitationem.",
        "additional": {
            "pageCount": 675,
            "size": {
                "height": 15.9,
                "width": 9.3,
                "length": 2.7
            }
        },
        "publicationYear": 1971
    },
    {
        "bookId": 238,
        "bookName": "Eum maxime blanditiis",
        "bookLanguage": "armenian",
        "bookDescription": "Fugit repudiandae sapiente. Est non culpa et hic autem laudantium autem. Iste assumenda officiis dolores quo fugit. Non non iste autem culpa.",
        "additional": {
            "pageCount": 610,
            "size": {
                "height": 32.5,
                "width": 15.2,
                "length": 2.7
            }
        },
        "publicationYear": 2000
    },
    {
        "bookId": 292,
        "bookName": "Ipsa dolor laboriosam",
        "bookLanguage": "croatian",
        "bookDescription": "Sit aut architecto ab voluptatem. Rerum itaque voluptatem corrupti vero laboriosam. Officiis esse dolor. Qui sunt quasi laudantium.",
        "additional": {
            "pageCount": 682,
            "size": {
                "height": 16.1,
                "width": 22.4,
                "length": 3.2
            }
        },
        "publicationYear": 2008
    },
    {
        "bookId": 327,
        "bookName": "Eius iure sint",
        "bookLanguage": "russian",
        "bookDescription": "Consequatur non ducimus minima. Placeat et placeat nesciunt officia vel eius accusantium. Dolore ut est modi atque alias laudantium molestias.",
        "additional": {
            "pageCount": 908,
            "size": {
                "height": 15.8,
                "width": 16.6,
                "length": 2.4
            }
        },
        "publicationYear": 1988
    },
    {
        "bookId": 421,
        "bookName": "Fugiat sit architecto",
        "bookLanguage": "urdu",
        "bookDescription": "Voluptatem distinctio dolor voluptatem praesentium consequatur et. Beatae suscipit vero. Beatae hic sed optio.",
        "additional": {
            "pageCount": 13,
            "size": {
                "height": 14.2,
                "width": 8.8,
                "length": 1.7
            }
        },
        "publicationYear": 1985
    },
    {
        "bookId": 562,
        "bookName": "Cumque magni quisquam",
        "bookLanguage": "belorussian",
        "bookDescription": "Saepe sapiente amet nemo porro voluptate occaecati. Ipsa sapiente et illo quis molestiae. Quaerat ullam rerum nostrum perspiciatis. Harum commodi non nesciunt at exercitationem.",
        "additional": {
            "pageCount": 530,
            "size": {
                "height": 30.0,
                "width": 12.2,
                "length": 1.5
            }
        },
        "publicationYear": 2002
    }
]

]]></system-out>
  </testcase>
  <testcase name="verifyGetBookByIdGetRequest[{&quot;bookId&quot;:292, &quot;bookName&quot;:&quot;Ipsa dolor laboriosam&quot;, &quot;bookLanguage&quot;:&quot;croatian&quot;, &quot;bookDescription&quot;:&quot;Sit aut architecto ab voluptatem. Rerum itaque voluptatem corrupti vero laboriosam. Officiis esse dolor. Qui sunt quasi laudantium.&quot;, &quot;publicationYear&quot;:2008, &quot;additional&quot;:{&quot;pageCount&quot;:682, &quot;size&quot;:{&quot;height&quot;:16.1, &quot;width&quot;:0.0, &quot;lenght&quot;:0.0}}}](1)" classname="BookTest" time="0.052">
    <system-out><![CDATA[afterMethod
2021-08-18 17:04 INFO  BaseTest - Test 'verifyGetAllBooksGetRequest' completed.
beforeMethod
2021-08-18 17:04 INFO  BaseTest - Test 'verifyGetBookByIdGetRequest' started.
2021-08-18 17:04 INFO  HttpClient - 

REQUEST:
method: GET
uri: http://localhost:8080/api/library/book/292/
queryParam: 
body:
null

2021-08-18 17:04 INFO  HttpClient - 

RESPONSE:
status line: HTTP/1.1 200 
location: null
body:
{
    "bookId": 292,
    "bookName": "Ipsa dolor laboriosam",
    "bookLanguage": "croatian",
    "bookDescription": "Sit aut architecto ab voluptatem. Rerum itaque voluptatem corrupti vero laboriosam. Officiis esse dolor. Qui sunt quasi laudantium.",
    "additional": {
        "pageCount": 682,
        "size": {
            "height": 16.1,
            "width": 22.4,
            "length": 3.2
        }
    },
    "publicationYear": 2008
}

]]></system-out>
  </testcase>
  <testcase name="verifyGetBooksByAuthorIdGenreIdGetRequest[{&quot;authorDescription&quot;:&quot;Neque natus sequi. Sunt molestiae quia numquam qui qui quasi ipsa. Vel ea iusto assumenda voluptatem eos qui. Qui excepturi dolor vitae ea et repudiandae. Voluptas mollitia vero autem minima unde commodi sint.&quot;, &quot;authorId&quot;:37, &quot;authorName&quot;:{&quot;first&quot;:&quot;Alexandro&quot;, &quot;second&quot;:&quot;Kris&quot;}, &quot;birth&quot;:{&quot;city&quot;:&quot;Doylechester&quot;, &quot;country&quot;:&quot;Venezuela&quot;, &quot;date&quot;:&quot;1930-09-19&quot;}, &quot;nationality&quot;:&quot;Turkish&quot;}, {&quot;genreDescription&quot;:&quot;Impedit velit distinctio fuga. Asperiores enim impedit et et. Aut cum eum.&quot;, &quot;genreId&quot;:7448, &quot;genreName&quot;:&quot;Folklore&quot;}](1)" classname="BookTest" time="0.101">
    <system-out><![CDATA[afterMethod
2021-08-18 17:04 INFO  BaseTest - Test 'verifyGetBookByIdGetRequest' completed.
beforeMethod
2021-08-18 17:04 INFO  BaseTest - Test 'verifyGetBooksByAuthorIdGenreIdGetRequest' started.
2021-08-18 17:04 INFO  HttpClient - 

REQUEST:
method: GET
uri: http://localhost:8080/api/library/author/37/genre/7448/books?page=1&pagination=true&size=10/
queryParam: 
body:
null

2021-08-18 17:04 INFO  HttpClient - 

RESPONSE:
status line: HTTP/1.1 200 
location: null
body:
[
    {
        "bookId": 7019,
        "bookName": "Aliquam quia ut",
        "bookLanguage": "german",
        "bookDescription": "Vel praesentium in illo natus aliquam. Dolor excepturi qui est et velit magnam. Quaerat earum nulla dolores quisquam. Aut saepe in quo laborum sed. Ut repellendus nihil similique voluptatem tenetur.",
        "additional": {
            "pageCount": 766,
            "size": {
                "height": 28.2,
                "width": 13.9,
                "length": 1.2
            }
        },
        "publicationYear": 1976
    },
    {
        "bookId": 9377,
        "bookName": "Necessitatibus debitis aut",
        "bookLanguage": "spanish",
        "bookDescription": "Unde similique cum praesentium quo molestias ut nihil. Voluptas quibusdam qui perspiciatis vel. Eveniet repellat molestias ratione vel. Aspernatur expedita minima.",
        "additional": {
            "pageCount": 713,
            "size": {
                "height": 27.1,
                "width": 25.5,
                "length": 3.1
            }
        },
        "publicationYear": 1997
    }
]

]]></system-out>
  </testcase>
  <testcase name="verifyGetBooksByAuthorIdGetRequest[{&quot;authorDescription&quot;:&quot;Neque natus sequi. Sunt molestiae quia numquam qui qui quasi ipsa. Vel ea iusto assumenda voluptatem eos qui. Qui excepturi dolor vitae ea et repudiandae. Voluptas mollitia vero autem minima unde commodi sint.&quot;, &quot;authorId&quot;:37, &quot;authorName&quot;:{&quot;first&quot;:&quot;Alexandro&quot;, &quot;second&quot;:&quot;Kris&quot;}, &quot;birth&quot;:{&quot;city&quot;:&quot;Doylechester&quot;, &quot;country&quot;:&quot;Venezuela&quot;, &quot;date&quot;:&quot;1930-09-19&quot;}, &quot;nationality&quot;:&quot;Turkish&quot;}](1)" classname="BookTest" time="0.242">
    <system-out><![CDATA[afterMethod
2021-08-18 17:04 INFO  BaseTest - Test 'verifyGetBooksByAuthorIdGenreIdGetRequest' completed.
beforeMethod
2021-08-18 17:04 INFO  BaseTest - Test 'verifyGetBooksByAuthorIdGetRequest' started.
2021-08-18 17:04 INFO  HttpClient - 

REQUEST:
method: GET
uri: http://localhost:8080/api/library/author/37/books?page=1&pagination=true&size=10/
queryParam: 
body:
null

2021-08-18 17:04 INFO  HttpClient - 

RESPONSE:
status line: HTTP/1.1 200 
location: null
body:
[
    {
        "bookId": 1407,
        "bookName": "Aut ratione ab",
        "bookLanguage": "arabic",
        "bookDescription": "Qui non recusandae. Vitae delectus dolor voluptas rerum. Consequatur sapiente quod similique eum.",
        "additional": {
            "pageCount": 104,
            "size": {
                "height": 17.0,
                "width": 21.9,
                "length": 4.8
            }
        },
        "publicationYear": 1987
    },
    {
        "bookId": 3792,
        "bookName": "Est eveniet et",
        "bookLanguage": "polish",
        "bookDescription": "Voluptas autem sint eos minus culpa fugiat unde. Velit ut iste voluptatum et tempora iusto hic. Nisi enim est occaecati reiciendis voluptas.",
        "additional": {
            "pageCount": 393,
            "size": {
                "height": 28.0,
                "width": 22.3,
                "length": 1.3
            }
        },
        "publicationYear": 1991
    },
    {
        "bookId": 7019,
        "bookName": "Aliquam quia ut",
        "bookLanguage": "german",
        "bookDescription": "Vel praesentium in illo natus aliquam. Dolor excepturi qui est et velit magnam. Quaerat earum nulla dolores quisquam. Aut saepe in quo laborum sed. Ut repellendus nihil similique voluptatem tenetur.",
        "additional": {
            "pageCount": 766,
            "size": {
                "height": 28.2,
                "width": 13.9,
                "length": 1.2
            }
        },
        "publicationYear": 1976
    },
    {
        "bookId": 7904,
        "bookName": "Eos quasi ipsum quaerat",
        "bookLanguage": "croatian",
        "bookDescription": "Molestiae eligendi sunt autem sint ut pariatur voluptatem. Dolore aut accusantium sit quidem. Aspernatur sed velit minima voluptatibus sequi et. Velit doloribus tempora ea eos molestiae.",
        "additional": {
            "pageCount": 961,
            "size": {
                "height": 9.9,
                "width": 23.6,
                "length": 3.7
            }
        },
        "publicationYear": 2014
    },
    {
        "bookId": 9377,
        "bookName": "Necessitatibus debitis aut",
        "bookLanguage": "spanish",
        "bookDescription": "Unde similique cum praesentium quo molestias ut nihil. Voluptas quibusdam qui perspiciatis vel. Eveniet repellat molestias ratione vel. Aspernatur expedita minima.",
        "additional": {
            "pageCount": 713,
            "size": {
                "height": 27.1,
                "width": 25.5,
                "length": 3.1
            }
        },
        "publicationYear": 1997
    }
]

]]></system-out>
  </testcase>
  <testcase name="verifyGetBooksByGenreIdGetRequest[{&quot;genreDescription&quot;:&quot;Impedit velit distinctio fuga. Asperiores enim impedit et et. Aut cum eum.&quot;, &quot;genreId&quot;:7448, &quot;genreName&quot;:&quot;Folklore&quot;}](1)" classname="BookTest" time="0.487">
    <system-out><![CDATA[afterMethod
2021-08-18 17:04 INFO  BaseTest - Test 'verifyGetBooksByAuthorIdGetRequest' completed.
beforeMethod
2021-08-18 17:04 INFO  BaseTest - Test 'verifyGetBooksByGenreIdGetRequest' started.
2021-08-18 17:04 INFO  HttpClient - 

REQUEST:
method: GET
uri: http://localhost:8080/api/library/genre/7448/books?page=1&pagination=true&size=10/
queryParam: 
body:
null

2021-08-18 17:04 INFO  HttpClient - 

RESPONSE:
status line: HTTP/1.1 200 
location: null
body:
[
    {
        "bookId": 852,
        "bookName": "Quis quaerat asperiores voluptates",
        "bookLanguage": "arabic",
        "bookDescription": "Enim sit quisquam ad saepe. Maiores dolor officiis maxime voluptatem. Nesciunt doloremque rerum voluptas quis aut rerum dolores. Repellat et ipsa officiis non.",
        "additional": {
            "pageCount": 264,
            "size": {
                "height": 9.5,
                "width": 29.5,
                "length": 1.3
            }
        },
        "publicationYear": 2001
    },
    {
        "bookId": 863,
        "bookName": "Accusamus saepe voluptatem harum",
        "bookLanguage": "russian",
        "bookDescription": "Sed occaecati quia id enim itaque ullam consequatur. Perferendis consequuntur quis quidem. Est necessitatibus alias et. A et odit. Architecto ut adipisci debitis officia et quod.",
        "additional": {
            "pageCount": 829,
            "size": {
                "height": 11.0,
                "width": 18.2,
                "length": 4.0
            }
        },
        "publicationYear": 2017
    },
    {
        "bookId": 1023,
        "bookName": "Consequatur est quae",
        "bookLanguage": "ukrainian",
        "bookDescription": "Magnam et est facere facere aperiam est. Quia inventore cumque architecto voluptatibus. Illo nulla repellendus quidem veritatis nulla maiores. Praesentium nam ad voluptatem earum dolor.",
        "additional": {
            "pageCount": 214,
            "size": {
                "height": 34.1,
                "width": 14.5,
                "length": 2.4
            }
        },
        "publicationYear": 1970
    },
    {
        "bookId": 1450,
        "bookName": "Asperiores eius qui",
        "bookLanguage": "armenian",
        "bookDescription": "Iste voluptates expedita eaque cum. Repellat inventore suscipit adipisci sed debitis commodi. Aliquam eius delectus corporis consequatur.",
        "additional": {
            "pageCount": 889,
            "size": {
                "height": 10.2,
                "width": 33.3,
                "length": 3.9
            }
        },
        "publicationYear": 1994
    },
    {
        "bookId": 1731,
        "bookName": "Vel nemo voluptas",
        "bookLanguage": "arabic",
        "bookDescription": "Beatae sapiente eum harum dicta sapiente nostrum aut. Quia provident in praesentium molestiae vitae. Beatae voluptas est. Quaerat vero excepturi maiores.",
        "additional": {
            "pageCount": 774,
            "size": {
                "height": 27.5,
                "width": 12.7,
                "length": 2.5
            }
        },
        "publicationYear": 2017
    },
    {
        "bookId": 2713,
        "bookName": "Et rem labore",
        "bookLanguage": "english",
        "bookDescription": "Autem omnis placeat autem. Quaerat praesentium non sapiente quae deleniti. Porro voluptatem cupiditate. Sed sit sed accusantium labore quas nulla. Tempore quod voluptas consequatur odio autem.",
        "additional": {
            "pageCount": 295,
            "size": {
                "height": 16.9,
                "width": 20.5,
                "length": 1.8
            }
        },
        "publicationYear": 1999
    },
    {
        "bookId": 2918,
        "bookName": "Laboriosam quae quas nam",
        "bookLanguage": "belorussian",
        "bookDescription": "Eum odio eaque totam sunt omnis. Mollitia asperiores perferendis. Commodi tenetur totam repudiandae sit porro est.",
        "additional": {
            "pageCount": 785,
            "size": {
                "height": 16.0,
                "width": 12.9,
                "length": 2.3
            }
        },
        "publicationYear": 1977
    },
    {
        "bookId": 3673,
        "bookName": "Et iure labore nisi",
        "bookLanguage": "farsi",
        "bookDescription": "Quibusdam sit aliquam dolore est sed fuga. Esse doloremque iusto. Quia praesentium rerum. Dolorum aut ducimus assumenda est. Sed debitis minima perspiciatis quidem cumque non.",
        "additional": {
            "pageCount": 462,
            "size": {
                "height": 25.0,
                "width": 10.6,
                "length": 1.1
            }
        },
        "publicationYear": 2012
    },
    {
        "bookId": 3946,
        "bookName": "Adipisci sunt non",
        "bookLanguage": "armenian",
        "bookDescription": "Placeat id voluptas dolores officiis placeat culpa. Laudantium non eum dolores eaque corrupti officia. Nam mollitia culpa. Est tenetur cum repellat sed.",
        "additional": {
            "pageCount": 254,
            "size": {
                "height": 26.8,
                "width": 18.4,
                "length": 3.1
            }
        },
        "publicationYear": 2018
    },
    {
        "bookId": 4013,
        "bookName": "Omnis debitis reprehenderit",
        "bookLanguage": "german",
        "bookDescription": "Quas omnis hic officia molestiae adipisci ut. Necessitatibus perspiciatis accusantium sunt minus odio eos. Ex incidunt sunt hic ut maiores est.",
        "additional": {
            "pageCount": 771,
            "size": {
                "height": 28.6,
                "width": 5.8,
                "length": 4.9
            }
        },
        "publicationYear": 1988
    }
]

]]></system-out>
  </testcase>
  <testcase name="verifyGetNotFoundBookByIdGetRequestNegativeCase[{&quot;bookId&quot;:536, &quot;bookName&quot;:&quot;Sed sunt et quas&quot;, &quot;bookLanguage&quot;:&quot;spanish&quot;, &quot;bookDescription&quot;:&quot;Qui quisquam omnis dolores voluptates ut. Ad officia suscipit nihil et vero. Ut veniam esse aliquam eum ea. Est nesciunt est id iure fuga.&quot;, &quot;publicationYear&quot;:1974, &quot;additional&quot;:{&quot;pageCount&quot;:573, &quot;size&quot;:{&quot;height&quot;:14.9, &quot;width&quot;:0.0, &quot;lenght&quot;:0.0}}}](1)" classname="BookTest" time="0.028">
    <system-out><![CDATA[afterMethod
2021-08-18 17:04 INFO  BaseTest - Test 'verifyGetBooksByGenreIdGetRequest' completed.
beforeMethod
2021-08-18 17:04 INFO  BaseTest - Test 'verifyGetNotFoundBookByIdGetRequestNegativeCase' started.
2021-08-18 17:04 INFO  HttpClient - 

REQUEST:
method: GET
uri: http://localhost:8080/api/library/book/536/
queryParam: 
body:
null

2021-08-18 17:04 INFO  HttpClient - 

RESPONSE:
status line: HTTP/1.1 404 
location: null
body:
{
    "timeStamp": "17:04:20.522 18-08-2021",
    "statusCode": 404,
    "error": "Not Found",
    "errorMessage": "Book with 'bookId' = '536' doesn't exist!"
}

]]></system-out>
  </testcase>
  <testcase name="verifySearchBooksGetRequest" classname="BookTest" time="0.02">
    <failure message="Actual StatusCode not matching to Expected one. expected [200] but found [400]" type="java.lang.AssertionError"><![CDATA[java.lang.AssertionError: Actual StatusCode not matching to Expected one. expected [200] but found [400]
	at BookTest.verifySearchBooksGetRequest(BookTest.java:116)
]]></failure>
    <system-out><![CDATA[afterMethod
2021-08-18 17:04 INFO  BaseTest - Test 'verifyGetNotFoundBookByIdGetRequestNegativeCase' completed.
beforeMethod
2021-08-18 17:04 INFO  BaseTest - Test 'verifySearchBooksGetRequest' started.
2021-08-18 17:04 INFO  HttpClient - 

REQUEST:
method: GET
uri: http://localhost:8080/api/library/books/search?q=Dolor&page=1&pagination=true&size=10/
queryParam: 
body:
null

2021-08-18 17:04 INFO  HttpClient - 

RESPONSE:
status line: HTTP/1.1 400 
location: null
body:


]]></system-out>
  </testcase>
  <testcase name="verifyCreatingAuthorPostRequest[{&quot;authorDescription&quot;:&quot;updated author descr&quot;, &quot;authorId&quot;:9999, &quot;authorName&quot;:{&quot;first&quot;:&quot;firstName&quot;, &quot;second&quot;:&quot;secondName&quot;}, &quot;birth&quot;:{&quot;city&quot;:&quot;Mykolaiv&quot;, &quot;country&quot;:&quot;Ukraine&quot;, &quot;date&quot;:&quot;1990-11-17&quot;}, &quot;nationality&quot;:&quot;ukrainian&quot;}](1)" classname="AuthorTest" time="0.053">
    <system-out><![CDATA[afterMethod
2021-08-18 17:04 INFO  BaseTest - Test 'verifySearchBooksGetRequest' completed.
beforeGroupAuthor
beforeMethod
2021-08-18 17:04 INFO  BaseTest - Test 'verifyCreatingAuthorPostRequest' started.
beforeMethodAuthor
2021-08-18 17:04 INFO  HttpClient - 

REQUEST:
method: POST
uri: http://localhost:8080/api/library/author/
queryParam: 
body:
{"authorDescription":"updated author descr", "authorId":9999, "authorName":{"first":"firstName", "second":"secondName"}, "birth":{"city":"Mykolaiv", "country":"Ukraine", "date":"1990-11-17"}, "nationality":"ukrainian"}

2021-08-18 17:04 INFO  HttpClient - 

RESPONSE:
status line: HTTP/1.1 201 
location: null
body:
{
    "authorId": 9999,
    "authorName": {
        "first": "firstName",
        "second": "secondName"
    },
    "nationality": "ukrainian",
    "birth": {
        "date": "1990-11-17",
        "country": "Ukraine",
        "city": "Mykolaiv"
    },
    "authorDescription": "updated author descr"
}

]]></system-out>
  </testcase>
  <testcase name="verifyDeletingAuthorByIdDeleteRequest[{&quot;authorDescription&quot;:&quot;updated author descr&quot;, &quot;authorId&quot;:9999, &quot;authorName&quot;:{&quot;first&quot;:&quot;firstName&quot;, &quot;second&quot;:&quot;secondName&quot;}, &quot;birth&quot;:{&quot;city&quot;:&quot;Mykolaiv&quot;, &quot;country&quot;:&quot;Ukraine&quot;, &quot;date&quot;:&quot;1990-11-17&quot;}, &quot;nationality&quot;:&quot;ukrainian&quot;}](1)" classname="AuthorTest" time="0.059">
    <system-out><![CDATA[afterMethod
2021-08-18 17:04 INFO  BaseTest - Test 'verifyCreatingAuthorPostRequest' completed.
afterMethodAuthor
2021-08-18 17:04 INFO  HttpClient - 

REQUEST:
method: DELETE
uri: http://localhost:8080/api/library/author/9999/
queryParam: 
body:
null

2021-08-18 17:04 INFO  HttpClient - 

RESPONSE:
status line: HTTP/1.1 204 
location: null
body:


beforeMethod
2021-08-18 17:04 INFO  BaseTest - Test 'verifyDeletingAuthorByIdDeleteRequest' started.
beforeMethodAuthor
2021-08-18 17:04 INFO  HttpClient - 

REQUEST:
method: POST
uri: http://localhost:8080/api/library/author/
queryParam: 
body:
{"authorDescription":"updated author descr", "authorId":9999, "authorName":{"first":"firstName", "second":"secondName"}, "birth":{"city":"Mykolaiv", "country":"Ukraine", "date":"1990-11-17"}, "nationality":"ukrainian"}

2021-08-18 17:04 INFO  HttpClient - 

RESPONSE:
status line: HTTP/1.1 201 
location: null
body:
{
    "authorId": 9999,
    "authorName": {
        "first": "firstName",
        "second": "secondName"
    },
    "nationality": "ukrainian",
    "birth": {
        "date": "1990-11-17",
        "country": "Ukraine",
        "city": "Mykolaiv"
    },
    "authorDescription": "updated author descr"
}

2021-08-18 17:04 INFO  HttpClient - 

REQUEST:
method: DELETE
uri: http://localhost:8080/api/library/author/9999/
queryParam: 
body:
null

2021-08-18 17:04 INFO  HttpClient - 

RESPONSE:
status line: HTTP/1.1 204 
location: null
body:


2021-08-18 17:04 INFO  HttpClient - 

REQUEST:
method: GET
uri: http://localhost:8080/api/library/author/9999/
queryParam: 
body:
null

2021-08-18 17:04 INFO  HttpClient - 

RESPONSE:
status line: HTTP/1.1 404 
location: null
body:
{
    "timeStamp": "17:04:20.863 18-08-2021",
    "statusCode": 404,
    "error": "Not Found",
    "errorMessage": "Author with 'authorId' = '9999' doesn't exist!"
}

]]></system-out>
  </testcase>
  <testcase name="verifyUpdatingAuthorPutRequest[{&quot;authorDescription&quot;:&quot;updated author description&quot;, &quot;authorId&quot;:9999, &quot;authorName&quot;:{&quot;first&quot;:&quot;firstName&quot;, &quot;second&quot;:&quot;secondName&quot;}, &quot;birth&quot;:{&quot;city&quot;:&quot;Mykolaiv&quot;, &quot;country&quot;:&quot;Ukraine&quot;, &quot;date&quot;:&quot;1990-11-17&quot;}, &quot;nationality&quot;:&quot;ukrainian&quot;}](1)" classname="AuthorTest" time="0.055">
    <system-out><![CDATA[afterMethod
2021-08-18 17:04 INFO  BaseTest - Test 'verifyDeletingAuthorByIdDeleteRequest' completed.
afterMethodAuthor
beforeMethod
2021-08-18 17:04 INFO  BaseTest - Test 'verifyUpdatingAuthorPutRequest' started.
beforeMethodAuthor
2021-08-18 17:04 INFO  HttpClient - 

REQUEST:
method: POST
uri: http://localhost:8080/api/library/author/
queryParam: 
body:
{"authorDescription":"updated author descr", "authorId":9999, "authorName":{"first":"firstName", "second":"secondName"}, "birth":{"city":"Mykolaiv", "country":"Ukraine", "date":"1990-11-17"}, "nationality":"ukrainian"}

2021-08-18 17:04 INFO  HttpClient - 

RESPONSE:
status line: HTTP/1.1 201 
location: null
body:
{
    "authorId": 9999,
    "authorName": {
        "first": "firstName",
        "second": "secondName"
    },
    "nationality": "ukrainian",
    "birth": {
        "date": "1990-11-17",
        "country": "Ukraine",
        "city": "Mykolaiv"
    },
    "authorDescription": "updated author descr"
}

2021-08-18 17:04 INFO  HttpClient - 

REQUEST:
method: PUT
uri: http://localhost:8080/api/library/author/
queryParam: 
body:
{"authorDescription":"updated author description", "authorId":9999, "authorName":{"first":"firstName", "second":"secondName"}, "birth":{"city":"Mykolaiv", "country":"Ukraine", "date":"1990-11-17"}, "nationality":"ukrainian"}

2021-08-18 17:04 INFO  HttpClient - 

RESPONSE:
status line: HTTP/1.1 200 
location: null
body:
{
    "authorId": 9999,
    "authorName": {
        "first": "firstName",
        "second": "secondName"
    },
    "nationality": "ukrainian",
    "birth": {
        "date": "1990-11-17",
        "country": "Ukraine",
        "city": "Mykolaiv"
    },
    "authorDescription": "updated author description"
}

]]></system-out>
  </testcase>
  <testcase name="verifyGetAllAuthorsGetRequest" classname="AuthorTest" time="0.367">
    <system-out><![CDATA[afterMethod
2021-08-18 17:04 INFO  BaseTest - Test 'verifyUpdatingAuthorPutRequest' completed.
afterMethodAuthor
2021-08-18 17:04 INFO  HttpClient - 

REQUEST:
method: DELETE
uri: http://localhost:8080/api/library/author/9999/
queryParam: 
body:
null

2021-08-18 17:04 INFO  HttpClient - 

RESPONSE:
status line: HTTP/1.1 204 
location: null
body:


afterGroupAuthor
beforeMethod
2021-08-18 17:04 INFO  BaseTest - Test 'verifyGetAllAuthorsGetRequest' started.
2021-08-18 17:04 INFO  HttpClient - 

REQUEST:
method: GET
uri: http://localhost:8080/api/library/authors?page=1&pagination=true&size=10/
queryParam: 
body:
null

2021-08-18 17:04 INFO  HttpClient - 

RESPONSE:
status line: HTTP/1.1 200 
location: null
body:
[
    {
        "authorId": 37,
        "authorName": {
            "first": "Alexandro",
            "second": "Kris"
        },
        "nationality": "Turkish",
        "birth": {
            "date": "1930-09-19",
            "country": "Venezuela",
            "city": "Doylechester"
        },
        "authorDescription": "Neque natus sequi. Sunt molestiae quia numquam qui qui quasi ipsa. Vel ea iusto assumenda voluptatem eos qui. Qui excepturi dolor vitae ea et repudiandae. Voluptas mollitia vero autem minima unde commodi sint."
    },
    {
        "authorId": 44,
        "authorName": {
            "first": "Dennis",
            "second": "Will"
        },
        "nationality": "Mexican",
        "birth": {
            "date": "1990-02-25",
            "country": "Syrian Arab Republic",
            "city": "Port Tyreek"
        },
        "authorDescription": "Qui velit perspiciatis qui mollitia quidem nihil velit. Doloremque dolorem veniam culpa qui soluta quisquam porro. Consectetur iure est temporibus nihil ut. Aut et provident."
    },
    {
        "authorId": 64,
        "authorName": {
            "first": "Thurman",
            "second": "Shanahan"
        },
        "nationality": "Luxembourger",
        "birth": {
            "date": "1957-03-13",
            "country": "Saint Helena",
            "city": "East Sydnie"
        },
        "authorDescription": "Recusandae aut ea. Ut in unde ut nesciunt. Qui praesentium vitae iusto veritatis."
    },
    {
        "authorId": 97,
        "authorName": {
            "first": "Willa",
            "second": "Herzog"
        },
        "nationality": "Irish",
        "birth": {
            "date": "1965-03-28",
            "country": "Kiribati",
            "city": "Port Terrill"
        },
        "authorDescription": "Dolorum voluptatem quo aspernatur illo sed mollitia blanditiis. Quia voluptas libero. Facilis nobis et aliquid voluptatem enim est consequuntur. Velit non nisi tempora modi fugit dolorum sequi. Dolores similique voluptate at."
    },
    {
        "authorId": 147,
        "authorName": {
            "first": "Broderick",
            "second": "Feest"
        },
        "nationality": "Liechtensteiner",
        "birth": {
            "date": "1946-10-17",
            "country": "Svalbard & Jan Mayen Islands",
            "city": "New Imogenechester"
        },
        "authorDescription": "Eaque repellendus et est in iusto quis similique. Reiciendis laborum laudantium ipsam delectus quo voluptas. Ratione maiores asperiores tenetur nobis dolorem omnis. Velit vitae commodi distinctio vel."
    },
    {
        "authorId": 763,
        "authorName": {
            "first": "Arjun",
            "second": "Hettinger"
        },
        "nationality": "Nepalese",
        "birth": {
            "date": "1977-04-21",
            "country": "Finland",
            "city": "Fletcherside"
        },
        "authorDescription": "Autem amet nam quo pariatur unde iste omnis. Eos dolore deleniti dolorem sunt velit sunt. Quisquam ut iusto. Qui blanditiis quos voluptates. Unde eum a dicta repellendus."
    },
    {
        "authorId": 793,
        "authorName": {
            "first": "Stephan",
            "second": "King"
        },
        "nationality": "Nepalese",
        "birth": {
            "date": "1950-09-01",
            "country": "Mozambique",
            "city": "Trantowfort"
        },
        "authorDescription": "Excepturi natus maiores odio itaque. Non laudantium est facilis consequatur minus iure ut. Quae ducimus placeat id. Perferendis animi velit dolorem id excepturi molestias quia. Sequi quia alias quia culpa ea id quisquam."
    },
    {
        "authorId": 835,
        "authorName": {
            "first": "Nyah",
            "second": "Hermann"
        },
        "nationality": "Angolan",
        "birth": {
            "date": "1982-10-02",
            "country": "Bouvet Island (Bouvetoya)",
            "city": "Gilberttown"
        },
        "authorDescription": "Qui aliquam dolorem accusamus esse vitae. Vitae ducimus odit modi. Iusto nisi quas eius quo harum. Voluptatem officia est sit iste quibusdam. Repudiandae laudantium corporis aut dignissimos."
    },
    {
        "authorId": 1237,
        "authorName": {
            "first": "Rashad",
            "second": "Hoppe"
        },
        "nationality": "Spanish",
        "birth": {
            "date": "1998-07-26",
            "country": "Guinea",
            "city": "Danielchester"
        },
        "authorDescription": "Neque minus fugit similique. Qui non molestias minus assumenda quia. Enim non inventore est numquam velit. Est nostrum iure esse qui nulla quidem."
    },
    {
        "authorId": 2207,
        "authorName": {
            "first": "Caleb",
            "second": "Jast"
        },
        "nationality": "Belgian",
        "birth": {
            "date": "1997-05-14",
            "country": "Bahrain",
            "city": "New Marcia"
        },
        "authorDescription": "Ullam et minus dolor accusantium non voluptatem esse. Enim maxime alias voluptates et omnis minus. Id id sint eligendi occaecati. Consequatur consequuntur incidunt voluptate dolore sapiente totam perferendis."
    }
]

]]></system-out>
  </testcase>
  <testcase name="verifyGetAuthorByBookIdGetRequest[{&quot;bookId&quot;:292, &quot;bookName&quot;:&quot;Ipsa dolor laboriosam&quot;, &quot;bookLanguage&quot;:&quot;croatian&quot;, &quot;bookDescription&quot;:&quot;Sit aut architecto ab voluptatem. Rerum itaque voluptatem corrupti vero laboriosam. Officiis esse dolor. Qui sunt quasi laudantium.&quot;, &quot;publicationYear&quot;:2008, &quot;additional&quot;:{&quot;pageCount&quot;:682, &quot;size&quot;:{&quot;height&quot;:16.1, &quot;width&quot;:0.0, &quot;lenght&quot;:0.0}}}](1)" classname="AuthorTest" time="0.058">
    <system-out><![CDATA[afterMethod
2021-08-18 17:04 INFO  BaseTest - Test 'verifyGetAllAuthorsGetRequest' completed.
beforeMethod
2021-08-18 17:04 INFO  BaseTest - Test 'verifyGetAuthorByBookIdGetRequest' started.
2021-08-18 17:04 INFO  HttpClient - 

REQUEST:
method: GET
uri: http://localhost:8080/api/library/book/292/author/
queryParam: 
body:
null

2021-08-18 17:04 INFO  HttpClient - 

RESPONSE:
status line: HTTP/1.1 200 
location: null
body:
{
    "authorId": 2207,
    "authorName": {
        "first": "Caleb",
        "second": "Jast"
    },
    "nationality": "Belgian",
    "birth": {
        "date": "1997-05-14",
        "country": "Bahrain",
        "city": "New Marcia"
    },
    "authorDescription": "Ullam et minus dolor accusantium non voluptatem esse. Enim maxime alias voluptates et omnis minus. Id id sint eligendi occaecati. Consequatur consequuntur incidunt voluptate dolore sapiente totam perferendis."
}

]]></system-out>
  </testcase>
  <testcase name="verifyGetAuthorByIdGetRequest[{&quot;authorDescription&quot;:&quot;Neque natus sequi. Sunt molestiae quia numquam qui qui quasi ipsa. Vel ea iusto assumenda voluptatem eos qui. Qui excepturi dolor vitae ea et repudiandae. Voluptas mollitia vero autem minima unde commodi sint.&quot;, &quot;authorId&quot;:37, &quot;authorName&quot;:{&quot;first&quot;:&quot;Alexandro&quot;, &quot;second&quot;:&quot;Kris&quot;}, &quot;birth&quot;:{&quot;city&quot;:&quot;Doylechester&quot;, &quot;country&quot;:&quot;Venezuela&quot;, &quot;date&quot;:&quot;1930-09-19&quot;}, &quot;nationality&quot;:&quot;Turkish&quot;}](1)" classname="AuthorTest" time="0.171">
    <system-out><![CDATA[afterMethod
2021-08-18 17:04 INFO  BaseTest - Test 'verifyGetAuthorByBookIdGetRequest' completed.
beforeMethod
2021-08-18 17:04 INFO  BaseTest - Test 'verifyGetAuthorByIdGetRequest' started.
2021-08-18 17:04 INFO  HttpClient - 

REQUEST:
method: GET
uri: http://localhost:8080/api/library/author/37/
queryParam: 
body:
null

2021-08-18 17:04 INFO  HttpClient - 

RESPONSE:
status line: HTTP/1.1 200 
location: null
body:
{
    "authorId": 37,
    "authorName": {
        "first": "Alexandro",
        "second": "Kris"
    },
    "nationality": "Turkish",
    "birth": {
        "date": "1930-09-19",
        "country": "Venezuela",
        "city": "Doylechester"
    },
    "authorDescription": "Neque natus sequi. Sunt molestiae quia numquam qui qui quasi ipsa. Vel ea iusto assumenda voluptatem eos qui. Qui excepturi dolor vitae ea et repudiandae. Voluptas mollitia vero autem minima unde commodi sint."
}

]]></system-out>
  </testcase>
  <testcase name="verifyGetAuthorsByGenreIdGetRequest[{&quot;genreDescription&quot;:&quot;Impedit velit distinctio fuga. Asperiores enim impedit et et. Aut cum eum.&quot;, &quot;genreId&quot;:7448, &quot;genreName&quot;:&quot;Folklore&quot;}](1)" classname="AuthorTest" time="0.349">
    <system-out><![CDATA[afterMethod
2021-08-18 17:04 INFO  BaseTest - Test 'verifyGetAuthorByIdGetRequest' completed.
beforeMethod
2021-08-18 17:04 INFO  BaseTest - Test 'verifyGetAuthorsByGenreIdGetRequest' started.
2021-08-18 17:04 INFO  HttpClient - 

REQUEST:
method: GET
uri: http://localhost:8080/api/library/genre/7448/authors?page=1&pagination=true&size=10/
queryParam: 
body:
null

2021-08-18 17:04 INFO  HttpClient - 

RESPONSE:
status line: HTTP/1.1 200 
location: null
body:
[
    {
        "authorId": 37,
        "authorName": {
            "first": "Alexandro",
            "second": "Kris"
        },
        "nationality": "Turkish",
        "birth": {
            "date": "1930-09-19",
            "country": "Venezuela",
            "city": "Doylechester"
        },
        "authorDescription": "Neque natus sequi. Sunt molestiae quia numquam qui qui quasi ipsa. Vel ea iusto assumenda voluptatem eos qui. Qui excepturi dolor vitae ea et repudiandae. Voluptas mollitia vero autem minima unde commodi sint."
    },
    {
        "authorId": 44,
        "authorName": {
            "first": "Dennis",
            "second": "Will"
        },
        "nationality": "Mexican",
        "birth": {
            "date": "1990-02-25",
            "country": "Syrian Arab Republic",
            "city": "Port Tyreek"
        },
        "authorDescription": "Qui velit perspiciatis qui mollitia quidem nihil velit. Doloremque dolorem veniam culpa qui soluta quisquam porro. Consectetur iure est temporibus nihil ut. Aut et provident."
    },
    {
        "authorId": 2539,
        "authorName": {
            "first": "Manuel",
            "second": "Gusikowski"
        },
        "nationality": "Cuban",
        "birth": {
            "date": "1966-11-25",
            "country": "Dominican Republic",
            "city": "New Dangelochester"
        },
        "authorDescription": "Quisquam error deserunt. Est ad aut dolores vel in aut quasi. Quas accusamus fuga delectus non quibusdam itaque."
    },
    {
        "authorId": 2827,
        "authorName": {
            "first": "Reagan",
            "second": "Reilly"
        },
        "nationality": "Liechtensteiner",
        "birth": {
            "date": "1958-06-25",
            "country": "Guinea",
            "city": "Port Trisha"
        },
        "authorDescription": "Aperiam molestiae veniam dolorem facere libero velit. Ea aliquam molestiae ab qui ducimus eligendi. Aut iure consequatur dolores. Ratione eos et nobis beatae. Nam est eum nesciunt perspiciatis laborum eveniet minus."
    },
    {
        "authorId": 3475,
        "authorName": {
            "first": "Mustafa",
            "second": "Ritchie"
        },
        "nationality": "Irish",
        "birth": {
            "date": "1959-10-10",
            "country": "Virgin Islands, U.S.",
            "city": "South Isac"
        },
        "authorDescription": "Eos ut quia cum aliquid. Officia rerum a laborum. Dolores qui et non explicabo molestias ab est. Ad quos fuga beatae culpa temporibus voluptates commodi."
    },
    {
        "authorId": 4882,
        "authorName": {
            "first": "Dee",
            "second": "Smith"
        },
        "nationality": "Romanian",
        "birth": {
            "date": "1981-07-04",
            "country": "Bhutan",
            "city": "Ornborough"
        },
        "authorDescription": "Cupiditate amet et eveniet et. Perspiciatis ratione ipsa dolor. Rerum tempora cumque in et quo ea fugit. Quia minima similique nostrum autem sit facere."
    },
    {
        "authorId": 5294,
        "authorName": {
            "first": "Lisandro",
            "second": "Crooks"
        },
        "nationality": "Dutch",
        "birth": {
            "date": "1938-11-04",
            "country": "Qatar",
            "city": "Burdettemouth"
        },
        "authorDescription": "Facere similique non sint eius quos dolores. Eum cupiditate fugiat consequatur eum sequi. Sunt nihil quis."
    },
    {
        "authorId": 5413,
        "authorName": {
            "first": "Prudence",
            "second": "Block"
        },
        "nationality": "Luxembourger",
        "birth": {
            "date": "1922-11-29",
            "country": "Virgin Islands, British",
            "city": "New Lupe"
        },
        "authorDescription": "At est nulla iure aliquid quod in. Dolores vel ut esse eaque. Id consequatur iusto culpa dolor expedita veritatis. Et recusandae commodi recusandae qui amet officiis."
    },
    {
        "authorId": 5540,
        "authorName": {
            "first": "Kacie",
            "second": "Bartoletti"
        },
        "nationality": "Liechtensteiner",
        "birth": {
            "date": "1998-04-07",
            "country": "Samoa",
            "city": "West Breanneville"
        },
        "authorDescription": "Aspernatur magni id. Unde ea aut facere corporis. Nihil quia qui possimus eligendi occaecati."
    },
    {
        "authorId": 5628,
        "authorName": {
            "first": "Cassie",
            "second": "Braun"
        },
        "nationality": "American",
        "birth": {
            "date": "1956-05-17",
            "country": "Belarus",
            "city": "New Domenicashire"
        },
        "authorDescription": "Minima quia libero numquam deserunt quia ut. Ut nam repellat. Placeat laudantium quos et. Saepe ut exercitationem doloremque aut."
    }
]

]]></system-out>
  </testcase>
  <testcase name="verifyGetNotFoundAuthorByIdGetRequestNegativeCase[{&quot;authorDescription&quot;:&quot;updated author descr&quot;, &quot;authorId&quot;:9999, &quot;authorName&quot;:{&quot;first&quot;:&quot;firstName&quot;, &quot;second&quot;:&quot;secondName&quot;}, &quot;birth&quot;:{&quot;city&quot;:&quot;Mykolaiv&quot;, &quot;country&quot;:&quot;Ukraine&quot;, &quot;date&quot;:&quot;1990-11-17&quot;}, &quot;nationality&quot;:&quot;ukrainian&quot;}](1)" classname="AuthorTest" time="0.02">
    <system-out><![CDATA[afterMethod
2021-08-18 17:04 INFO  BaseTest - Test 'verifyGetAuthorsByGenreIdGetRequest' completed.
beforeMethod
2021-08-18 17:04 INFO  BaseTest - Test 'verifyGetNotFoundAuthorByIdGetRequestNegativeCase' started.
2021-08-18 17:04 INFO  HttpClient - 

REQUEST:
method: GET
uri: http://localhost:8080/api/library/author/9999/
queryParam: 
body:
null

2021-08-18 17:04 INFO  HttpClient - 

RESPONSE:
status line: HTTP/1.1 404 
location: null
body:
{
    "timeStamp": "17:04:21.399 18-08-2021",
    "statusCode": 404,
    "error": "Not Found",
    "errorMessage": "Author with 'authorId' = '9999' doesn't exist!"
}

]]></system-out>
  </testcase>
  <testcase name="verifySearchAuthorsGetRequest" classname="AuthorTest" time="0.011">
    <failure message="Actual StatusCode not matching to Expected one. expected [200] but found [400]" type="java.lang.AssertionError"><![CDATA[java.lang.AssertionError: Actual StatusCode not matching to Expected one. expected [200] but found [400]
	at AuthorTest.verifySearchAuthorsGetRequest(AuthorTest.java:101)
]]></failure>
    <system-out><![CDATA[afterMethod
2021-08-18 17:04 INFO  BaseTest - Test 'verifyGetNotFoundAuthorByIdGetRequestNegativeCase' completed.
beforeMethod
2021-08-18 17:04 INFO  BaseTest - Test 'verifySearchAuthorsGetRequest' started.
2021-08-18 17:04 INFO  HttpClient - 

REQUEST:
method: GET
uri: http://localhost:8080/api/library/authors/search?query=Sch&page=1&pagination=true&size=10/
queryParam: 
body:
null

2021-08-18 17:04 INFO  HttpClient - 

RESPONSE:
status line: HTTP/1.1 400 
location: null
body:


]]></system-out>
  </testcase>
  <testcase name="verifyCreatingGenrePostRequest[{&quot;genreDescription&quot;:&quot;genre description&quot;, &quot;genreId&quot;:9999, &quot;genreName&quot;:&quot;genre name&quot;}](1)" classname="GenreTest" time="0.024">
    <system-out><![CDATA[afterMethod
2021-08-18 17:04 INFO  BaseTest - Test 'verifySearchAuthorsGetRequest' completed.
beforeGroupGenre
beforeMethod
2021-08-18 17:04 INFO  BaseTest - Test 'verifyCreatingGenrePostRequest' started.
beforeMethodGenre
2021-08-18 17:04 INFO  HttpClient - 

REQUEST:
method: POST
uri: http://localhost:8080/api/library/genre/
queryParam: 
body:
{"genreDescription":"genre description", "genreId":9999, "genreName":"genre name"}

2021-08-18 17:04 INFO  HttpClient - 

RESPONSE:
status line: HTTP/1.1 201 
location: null
body:
{
    "genreId": 9999,
    "genreName": "genre name",
    "genreDescription": "genre description"
}

]]></system-out>
  </testcase>
  <testcase name="verifyDeletingGenreByIdDeleteRequest[{&quot;genreDescription&quot;:&quot;genre description&quot;, &quot;genreId&quot;:9999, &quot;genreName&quot;:&quot;genre name&quot;}](1)" classname="GenreTest" time="0.037">
    <system-out><![CDATA[afterMethod
2021-08-18 17:04 INFO  BaseTest - Test 'verifyCreatingGenrePostRequest' completed.
afterMethodGenre
2021-08-18 17:04 INFO  HttpClient - 

REQUEST:
method: DELETE
uri: http://localhost:8080/api/library/genre/9999/
queryParam: 
body:
null

2021-08-18 17:04 INFO  HttpClient - 

RESPONSE:
status line: HTTP/1.1 204 
location: null
body:


beforeMethod
2021-08-18 17:04 INFO  BaseTest - Test 'verifyDeletingGenreByIdDeleteRequest' started.
beforeMethodGenre
2021-08-18 17:04 INFO  HttpClient - 

REQUEST:
method: POST
uri: http://localhost:8080/api/library/genre/
queryParam: 
body:
{"genreDescription":"genre description", "genreId":9999, "genreName":"genre name"}

2021-08-18 17:04 INFO  HttpClient - 

RESPONSE:
status line: HTTP/1.1 201 
location: null
body:
{
    "genreId": 9999,
    "genreName": "genre name",
    "genreDescription": "genre description"
}

2021-08-18 17:04 INFO  HttpClient - 

REQUEST:
method: DELETE
uri: http://localhost:8080/api/library/genre/9999/
queryParam: 
body:
null

2021-08-18 17:04 INFO  HttpClient - 

RESPONSE:
status line: HTTP/1.1 204 
location: null
body:


2021-08-18 17:04 INFO  HttpClient - 

REQUEST:
method: GET
uri: http://localhost:8080/api/library/genre/9999/
queryParam: 
body:
null

2021-08-18 17:04 INFO  HttpClient - 

RESPONSE:
status line: HTTP/1.1 404 
location: null
body:
{
    "timeStamp": "17:04:21.687 18-08-2021",
    "statusCode": 404,
    "error": "Not Found",
    "errorMessage": "Genre with 'genreId' = '9999' doesn't exist!"
}

]]></system-out>
  </testcase>
  <testcase name="verifyUpdatingGenrePutRequest[{&quot;genreDescription&quot;:&quot;updated genre description&quot;, &quot;genreId&quot;:9999, &quot;genreName&quot;:&quot;genre name&quot;}](1)" classname="GenreTest" time="0.04">
    <system-out><![CDATA[afterMethod
2021-08-18 17:04 INFO  BaseTest - Test 'verifyDeletingGenreByIdDeleteRequest' completed.
afterMethodGenre
beforeMethod
2021-08-18 17:04 INFO  BaseTest - Test 'verifyUpdatingGenrePutRequest' started.
beforeMethodGenre
2021-08-18 17:04 INFO  HttpClient - 

REQUEST:
method: POST
uri: http://localhost:8080/api/library/genre/
queryParam: 
body:
{"genreDescription":"genre description", "genreId":9999, "genreName":"genre name"}

2021-08-18 17:04 INFO  HttpClient - 

RESPONSE:
status line: HTTP/1.1 201 
location: null
body:
{
    "genreId": 9999,
    "genreName": "genre name",
    "genreDescription": "genre description"
}

2021-08-18 17:04 INFO  HttpClient - 

REQUEST:
method: PUT
uri: http://localhost:8080/api/library/genre/
queryParam: 
body:
{"genreDescription":"updated genre description", "genreId":9999, "genreName":"genre name"}

2021-08-18 17:04 INFO  HttpClient - 

RESPONSE:
status line: HTTP/1.1 200 
location: null
body:
{
    "genreId": 9999,
    "genreName": "genre name",
    "genreDescription": "updated genre description"
}

]]></system-out>
  </testcase>
  <testcase name="verifyGetAllGenresByAuthorIdGetRequest[{&quot;authorDescription&quot;:&quot;Neque natus sequi. Sunt molestiae quia numquam qui qui quasi ipsa. Vel ea iusto assumenda voluptatem eos qui. Qui excepturi dolor vitae ea et repudiandae. Voluptas mollitia vero autem minima unde commodi sint.&quot;, &quot;authorId&quot;:37, &quot;authorName&quot;:{&quot;first&quot;:&quot;Alexandro&quot;, &quot;second&quot;:&quot;Kris&quot;}, &quot;birth&quot;:{&quot;city&quot;:&quot;Doylechester&quot;, &quot;country&quot;:&quot;Venezuela&quot;, &quot;date&quot;:&quot;1930-09-19&quot;}, &quot;nationality&quot;:&quot;Turkish&quot;}](1)" classname="GenreTest" time="0.076">
    <system-out><![CDATA[afterMethod
2021-08-18 17:04 INFO  BaseTest - Test 'verifyUpdatingGenrePutRequest' completed.
afterMethodGenre
2021-08-18 17:04 INFO  HttpClient - 

REQUEST:
method: DELETE
uri: http://localhost:8080/api/library/genre/9999/
queryParam: 
body:
null

2021-08-18 17:04 INFO  HttpClient - 

RESPONSE:
status line: HTTP/1.1 204 
location: null
body:


afterGroupGenre
beforeMethod
2021-08-18 17:04 INFO  BaseTest - Test 'verifyGetAllGenresByAuthorIdGetRequest' started.
2021-08-18 17:04 INFO  HttpClient - 

REQUEST:
method: GET
uri: http://localhost:8080/api/library/author/37/genres?page=1&pagination=true&size=10/
queryParam: 
body:
null

2021-08-18 17:04 INFO  HttpClient - 

RESPONSE:
status line: HTTP/1.1 200 
location: null
body:
[
    {
        "genreId": 5542,
        "genreName": "Mythopoeia",
        "genreDescription": "Perferendis ea asperiores id enim. Ut suscipit hic et aliquam nulla. Neque sint fugiat ut sapiente iste quam aut."
    },
    {
        "genreId": 7297,
        "genreName": "Comic/Graphic Novel",
        "genreDescription": "Voluptas esse odio consequatur similique minus qui enim. Quaerat nihil dolorem. Praesentium officia eligendi distinctio quas. Recusandae optio architecto corrupti excepturi et suscipit id."
    },
    {
        "genreId": 7448,
        "genreName": "Folklore",
        "genreDescription": "Impedit velit distinctio fuga. Asperiores enim impedit et et. Aut cum eum."
    },
    {
        "genreId": 9561,
        "genreName": "Science fiction",
        "genreDescription": "Reiciendis est quia accusantium tenetur. Hic cupiditate eligendi cumque quo. Suscipit ut veniam dolorem in reprehenderit tenetur. Quaerat autem aliquid ab repudiandae et molestias ea."
    }
]

]]></system-out>
  </testcase>
  <testcase name="verifyGetAllGenresGetRequest" classname="GenreTest" time="0.158">
    <system-out><![CDATA[afterMethod
2021-08-18 17:04 INFO  BaseTest - Test 'verifyGetAllGenresByAuthorIdGetRequest' completed.
beforeMethod
2021-08-18 17:04 INFO  BaseTest - Test 'verifyGetAllGenresGetRequest' started.
2021-08-18 17:04 INFO  HttpClient - 

REQUEST:
method: GET
uri: http://localhost:8080/api/library/genres?page=1&pagination=true&size=10/
queryParam: 
body:
null

2021-08-18 17:04 INFO  HttpClient - 

RESPONSE:
status line: HTTP/1.1 200 
location: null
body:
[
    {
        "genreId": 644,
        "genreName": "Metafiction",
        "genreDescription": "Id voluptatibus qui ullam omnis laboriosam maxime laudantium. Vel aut dolorem dolorem facilis officiis. Voluptate impedit repellendus iure enim. Modi in sed alias eum. Eaque sunt nihil rerum."
    },
    {
        "genreId": 1437,
        "genreName": "Biography/Autobiography",
        "genreDescription": "Ducimus et eligendi eius non perferendis esse. Dolor dolorem quis. Cumque omnis facere illum praesentium sit."
    },
    {
        "genreId": 2140,
        "genreName": "Textbook",
        "genreDescription": "Voluptates natus ipsam voluptatem rerum ea quos. Dolore quam et. Iusto id commodi quasi aliquam. Nesciunt doloribus nulla adipisci qui et aut. Vel qui dolor omnis consequatur omnis adipisci sed."
    },
    {
        "genreId": 2373,
        "genreName": "Legend",
        "genreDescription": "Quo porro quas sint ratione doloribus. Vel aut quam consectetur unde et. Sed sed dolores quia. Eum aspernatur et."
    },
    {
        "genreId": 2714,
        "genreName": "Fairy tale",
        "genreDescription": "Impedit iusto consequatur autem impedit eligendi. Voluptatem voluptatem esse consectetur aut. Voluptates at ut dicta tempore sunt libero. Exercitationem ut consequuntur corporis saepe ea. Qui ex sed perspiciatis enim quis necessitatibus."
    },
    {
        "genreId": 3436,
        "genreName": "Historical fiction",
        "genreDescription": "Cum quis possimus iste a magni. Qui voluptatem quod doloribus. Facere consequuntur excepturi nihil quidem est et. Blanditiis fugit ut."
    },
    {
        "genreId": 3748,
        "genreName": "Classic",
        "genreDescription": "Officiis repudiandae maxime consectetur quo. Tempore incidunt officiis dignissimos ullam. Non quas et. Ut sequi exercitationem ut similique."
    },
    {
        "genreId": 5310,
        "genreName": "Fiction in verse",
        "genreDescription": "Magni rem non aperiam temporibus. Ea quis rerum ratione ea sapiente explicabo. Earum corrupti sint minus architecto. Officiis veritatis sunt."
    },
    {
        "genreId": 5542,
        "genreName": "Mythopoeia",
        "genreDescription": "Perferendis ea asperiores id enim. Ut suscipit hic et aliquam nulla. Neque sint fugiat ut sapiente iste quam aut."
    },
    {
        "genreId": 5620,
        "genreName": "Suspense/Thriller",
        "genreDescription": "Laborum facilis sint iure tenetur asperiores. Et perspiciatis nesciunt dolorum. Eaque rerum omnis porro."
    }
]

]]></system-out>
  </testcase>
  <testcase name="verifyGetGenreByBookIdGetRequest[{&quot;bookId&quot;:292, &quot;bookName&quot;:&quot;Ipsa dolor laboriosam&quot;, &quot;bookLanguage&quot;:&quot;croatian&quot;, &quot;bookDescription&quot;:&quot;Sit aut architecto ab voluptatem. Rerum itaque voluptatem corrupti vero laboriosam. Officiis esse dolor. Qui sunt quasi laudantium.&quot;, &quot;publicationYear&quot;:2008, &quot;additional&quot;:{&quot;pageCount&quot;:682, &quot;size&quot;:{&quot;height&quot;:16.1, &quot;width&quot;:0.0, &quot;lenght&quot;:0.0}}}](1)" classname="GenreTest" time="0.033">
    <system-out><![CDATA[afterMethod
2021-08-18 17:04 INFO  BaseTest - Test 'verifyGetAllGenresGetRequest' completed.
beforeMethod
2021-08-18 17:04 INFO  BaseTest - Test 'verifyGetGenreByBookIdGetRequest' started.
2021-08-18 17:04 INFO  HttpClient - 

REQUEST:
method: GET
uri: http://localhost:8080/api/library/book/292/genre?page=1&pagination=true&size=10/
queryParam: 
body:
null

2021-08-18 17:04 INFO  HttpClient - 

RESPONSE:
status line: HTTP/1.1 200 
location: null
body:
{
    "genreId": 644,
    "genreName": "Metafiction",
    "genreDescription": "Id voluptatibus qui ullam omnis laboriosam maxime laudantium. Vel aut dolorem dolorem facilis officiis. Voluptate impedit repellendus iure enim. Modi in sed alias eum. Eaque sunt nihil rerum."
}

]]></system-out>
  </testcase>
  <testcase name="verifyGetGenreByIdGetRequest[{&quot;genreDescription&quot;:&quot;Impedit velit distinctio fuga. Asperiores enim impedit et et. Aut cum eum.&quot;, &quot;genreId&quot;:7448, &quot;genreName&quot;:&quot;Folklore&quot;}](1)" classname="GenreTest" time="0.025">
    <system-out><![CDATA[afterMethod
2021-08-18 17:04 INFO  BaseTest - Test 'verifyGetGenreByBookIdGetRequest' completed.
beforeMethod
2021-08-18 17:04 INFO  BaseTest - Test 'verifyGetGenreByIdGetRequest' started.
2021-08-18 17:04 INFO  HttpClient - 

REQUEST:
method: GET
uri: http://localhost:8080/api/library/genre/7448/
queryParam: 
body:
null

2021-08-18 17:04 INFO  HttpClient - 

RESPONSE:
status line: HTTP/1.1 200 
location: null
body:
{
    "genreId": 7448,
    "genreName": "Folklore",
    "genreDescription": "Impedit velit distinctio fuga. Asperiores enim impedit et et. Aut cum eum."
}

]]></system-out>
  </testcase>
  <testcase name="verifyGetNotFoundGenreByIdGetRequestNegativeCase[{&quot;genreDescription&quot;:&quot;genre description&quot;, &quot;genreId&quot;:9999, &quot;genreName&quot;:&quot;genre name&quot;}](1)" classname="GenreTest" time="0.025">
    <system-out><![CDATA[afterMethod
2021-08-18 17:04 INFO  BaseTest - Test 'verifyGetGenreByIdGetRequest' completed.
beforeMethod
2021-08-18 17:04 INFO  BaseTest - Test 'verifyGetNotFoundGenreByIdGetRequestNegativeCase' started.
2021-08-18 17:04 INFO  HttpClient - 

REQUEST:
method: GET
uri: http://localhost:8080/api/library/genre/9999/
queryParam: 
body:
null

2021-08-18 17:04 INFO  HttpClient - 

RESPONSE:
status line: HTTP/1.1 404 
location: null
body:
{
    "timeStamp": "17:04:22.107 18-08-2021",
    "statusCode": 404,
    "error": "Not Found",
    "errorMessage": "Genre with 'genreId' = '9999' doesn't exist!"
}

]]></system-out>
  </testcase>
  <testcase name="verifySearchGenresGetRequest" classname="GenreTest" time="0.012">
    <failure message="Actual StatusCode not matching to Expected one. expected [200] but found [400]" type="java.lang.AssertionError"><![CDATA[java.lang.AssertionError: Actual StatusCode not matching to Expected one. expected [200] but found [400]
	at GenreTest.verifySearchGenresGetRequest(GenreTest.java:106)
]]></failure>
    <system-out><![CDATA[afterMethod
2021-08-18 17:04 INFO  BaseTest - Test 'verifyGetNotFoundGenreByIdGetRequestNegativeCase' completed.
beforeMethod
2021-08-18 17:04 INFO  BaseTest - Test 'verifySearchGenresGetRequest' started.
2021-08-18 17:04 INFO  HttpClient - 

REQUEST:
method: GET
uri: http://localhost:8080/api/library/genres/search?query=Myt&page=1&pagination=true&size=10/
queryParam: 
body:
null

2021-08-18 17:04 INFO  HttpClient - 

RESPONSE:
status line: HTTP/1.1 400 
location: null
body:


]]></system-out>
  </testcase>
</testsuite>