<?xml version="1.0" encoding="UTF-8"?>
<testsuite xmlns:xsi="http://www.w3.org/2001/XMLSchema-instance" xsi:noNamespaceSchemaLocation="https://maven.apache.org/surefire/maven-surefire-plugin/xsd/surefire-test-report-3.0.xsd" version="3.0" name="TestSuite" time="13.776" tests="28" errors="0" skipped="0" failures="12">
  <properties>
[...]
</properties>
  <testcase name="verifyCreatedAuthorPostRequest[{&quot;authorDescription&quot;:&quot;updated author descr&quot;, &quot;authorId&quot;:9999, &quot;authorName&quot;:{&quot;first&quot;:&quot;firstName&quot;, &quot;second&quot;:&quot;secondName&quot;}, &quot;birth&quot;:{&quot;city&quot;:&quot;Mykolaiv&quot;, &quot;country&quot;:&quot;Ukraine&quot;, &quot;date&quot;:&quot;1990-11-17&quot;}, &quot;nationality&quot;:&quot;ukrainian&quot;}](1)" classname="AuthorTest" time="4.018">
    <system-out><![CDATA[2021-08-16 20:34 INFO  BaseTest - Test 'verifyCreatedAuthorPostRequest' started.
Request method:	POST
Request URI:	http://localhost:8080/api/library/author/
Proxy:			<none>
Request params:	<none>
Query params:	<none>
Form params:	<none>
Path params:	<none>
Headers:		Accept=*/*
				Content-Type=application/json
Cookies:		<none>
Multiparts:		<none>
Body:
{
    "authorDescription": "updated author descr",
    "authorId": 9999,
    "authorName": {
        "first": "firstName",
        "second": "secondName"
    },
    "birth": {
        "city": "Mykolaiv",
        "country": "Ukraine",
        "date": "1990-11-17"
    },
    "nationality": "ukrainian"
}
HTTP/1.1 201 
Content-Type: application/json;charset=UTF-8
Transfer-Encoding: chunked
Date: Mon, 16 Aug 2021 17:34:30 GMT

{
    "authorId": 9999,
    "authorName": {
        "first": "firstName",
        "second": "secondName"
    },
    "nationality": "ukrainian",
    "birth": {
        "date": "1990-11-17",
        "country": "Ukraine",
        "city": "Mykolaiv"
    },
    "authorDescription": "updated author descr"
}


REQUEST:
method: io.restassured.internal.RequestSpecificationImpl@1e258d3b
uri: io.restassured.internal.RequestSpecificationImpl@1e258d3b
body:
io.restassured.internal.RequestSpecificationImpl@1e258d3b
2021-08-16 20:34 INFO  HttpClient - org.apache.maven.surefire.api.report.ConsoleOutputCapture$ForwardingPrintStream@164dea80


RESPONSE:
status line: HTTP/1.1 201 
location: null
body:
{
    "authorId": 9999,
    "authorName": {
        "first": "firstName",
        "second": "secondName"
    },
    "nationality": "ukrainian",
    "birth": {
        "date": "1990-11-17",
        "country": "Ukraine",
        "city": "Mykolaiv"
    },
    "authorDescription": "updated author descr"
}
2021-08-16 20:34 INFO  HttpClient - org.apache.maven.surefire.api.report.ConsoleOutputCapture$ForwardingPrintStream@164dea80
Request method:	DELETE
Request URI:	http://localhost:8080/api/library/author/9999/
Proxy:			<none>
Request params:	<none>
Query params:	<none>
Form params:	<none>
Path params:	<none>
Headers:		Accept=*/*
				Content-Type=application/json
Cookies:		<none>
Multiparts:		<none>
Body:			<none>
HTTP/1.1 204 
Content-Type: application/json;charset=UTF-8
Date: Mon, 16 Aug 2021 17:34:30 GMT


REQUEST:
method: io.restassured.internal.RequestSpecificationImpl@3749c2b
uri: io.restassured.internal.RequestSpecificationImpl@3749c2b
body:
io.restassured.internal.RequestSpecificationImpl@3749c2b
2021-08-16 20:34 INFO  HttpClient - org.apache.maven.surefire.api.report.ConsoleOutputCapture$ForwardingPrintStream@164dea80


RESPONSE:
status line: HTTP/1.1 204 
location: null
body:

2021-08-16 20:34 INFO  HttpClient - org.apache.maven.surefire.api.report.ConsoleOutputCapture$ForwardingPrintStream@164dea80
]]></system-out>
    <system-err><![CDATA[SLF4J: Failed to load class "org.slf4j.impl.StaticLoggerBinder".
SLF4J: Defaulting to no-operation (NOP) logger implementation
SLF4J: See http://www.slf4j.org/codes.html#StaticLoggerBinder for further details.
]]></system-err>
  </testcase>
  <testcase name="verifyDeleteAuthorByIdDeleteRequest[{&quot;authorDescription&quot;:&quot;updated author descr&quot;, &quot;authorId&quot;:9999, &quot;authorName&quot;:{&quot;first&quot;:&quot;firstName&quot;, &quot;second&quot;:&quot;secondName&quot;}, &quot;birth&quot;:{&quot;city&quot;:&quot;Mykolaiv&quot;, &quot;country&quot;:&quot;Ukraine&quot;, &quot;date&quot;:&quot;1990-11-17&quot;}, &quot;nationality&quot;:&quot;ukrainian&quot;}](1)" classname="AuthorTest" time="0.387">
    <failure message="Unrecognized field &quot;timeStamp&quot; (class pojo.Author), not marked as ignorable (5 known properties: &quot;authorDescription&quot;, &quot;nationality&quot;, &quot;authorId&quot;, &quot;birth&quot;, &quot;authorName&quot;])&#10; at [Source: (String)&quot;{&quot;timeStamp&quot;:&quot;20:34:31.816 16-08-2021&quot;,&quot;statusCode&quot;:404,&quot;error&quot;:&quot;Not Found&quot;,&quot;errorMessage&quot;:&quot;Author with &apos;authorId&apos; = &apos;9999&apos; doesn&apos;t exist!&quot;}&quot;; line: 1, column: 15] (through reference chain: pojo.Author[&quot;timeStamp&quot;])" type="com.fasterxml.jackson.databind.exc.UnrecognizedPropertyException"><![CDATA[com.fasterxml.jackson.databind.exc.UnrecognizedPropertyException: 
Unrecognized field "timeStamp" (class pojo.Author), not marked as ignorable (5 known properties: "authorDescription", "nationality", "authorId", "birth", "authorName"])
 at [Source: (String)"{"timeStamp":"20:34:31.816 16-08-2021","statusCode":404,"error":"Not Found","errorMessage":"Author with 'authorId' = '9999' doesn't exist!"}"; line: 1, column: 15] (through reference chain: pojo.Author["timeStamp"])
	at AuthorTest.verifyDeleteAuthorByIdDeleteRequest(AuthorTest.java:64)
]]></failure>
    <system-out><![CDATA[2021-08-16 20:34 INFO  BaseTest - Test 'verifyCreatedAuthorPostRequest' completed.
2021-08-16 20:34 INFO  BaseTest - Test 'verifyDeleteAuthorByIdDeleteRequest' started.
Request method:	POST
Request URI:	http://localhost:8080/api/library/author/
Proxy:			<none>
Request params:	<none>
Query params:	<none>
Form params:	<none>
Path params:	<none>
Headers:		Accept=*/*
				Content-Type=application/json
Cookies:		<none>
Multiparts:		<none>
Body:
{
    "authorDescription": "updated author descr",
    "authorId": 9999,
    "authorName": {
        "first": "firstName",
        "second": "secondName"
    },
    "birth": {
        "city": "Mykolaiv",
        "country": "Ukraine",
        "date": "1990-11-17"
    },
    "nationality": "ukrainian"
}
HTTP/1.1 201 
Content-Type: application/json;charset=UTF-8
Transfer-Encoding: chunked
Date: Mon, 16 Aug 2021 17:34:30 GMT

{
    "authorId": 9999,
    "authorName": {
        "first": "firstName",
        "second": "secondName"
    },
    "nationality": "ukrainian",
    "birth": {
        "date": "1990-11-17",
        "country": "Ukraine",
        "city": "Mykolaiv"
    },
    "authorDescription": "updated author descr"
}


REQUEST:
method: io.restassured.internal.RequestSpecificationImpl@24d7657b
uri: io.restassured.internal.RequestSpecificationImpl@24d7657b
body:
io.restassured.internal.RequestSpecificationImpl@24d7657b
2021-08-16 20:34 INFO  HttpClient - org.apache.maven.surefire.api.report.ConsoleOutputCapture$ForwardingPrintStream@164dea80


RESPONSE:
status line: HTTP/1.1 201 
location: null
body:
{
    "authorId": 9999,
    "authorName": {
        "first": "firstName",
        "second": "secondName"
    },
    "nationality": "ukrainian",
    "birth": {
        "date": "1990-11-17",
        "country": "Ukraine",
        "city": "Mykolaiv"
    },
    "authorDescription": "updated author descr"
}
2021-08-16 20:34 INFO  HttpClient - org.apache.maven.surefire.api.report.ConsoleOutputCapture$ForwardingPrintStream@164dea80
Request method:	DELETE
Request URI:	http://localhost:8080/api/library/author/9999/
Proxy:			<none>
Request params:	<none>
Query params:	<none>
Form params:	<none>
Path params:	<none>
Headers:		Accept=*/*
				Content-Type=application/json
Cookies:		<none>
Multiparts:		<none>
Body:			<none>
HTTP/1.1 204 
Content-Type: application/json;charset=UTF-8
Date: Mon, 16 Aug 2021 17:34:31 GMT


REQUEST:
method: io.restassured.internal.RequestSpecificationImpl@26612078
uri: io.restassured.internal.RequestSpecificationImpl@26612078
body:
io.restassured.internal.RequestSpecificationImpl@26612078
2021-08-16 20:34 INFO  HttpClient - org.apache.maven.surefire.api.report.ConsoleOutputCapture$ForwardingPrintStream@164dea80


RESPONSE:
status line: HTTP/1.1 204 
location: null
body:

2021-08-16 20:34 INFO  HttpClient - org.apache.maven.surefire.api.report.ConsoleOutputCapture$ForwardingPrintStream@164dea80
Request method:	GET
Request URI:	http://localhost:8080/api/library/author/9999/
Proxy:			<none>
Request params:	<none>
Query params:	<none>
Form params:	<none>
Path params:	<none>
Headers:		Accept=*/*
				Content-Type=application/json
Cookies:		<none>
Multiparts:		<none>
Body:			<none>
HTTP/1.1 404 
Content-Type: application/json;charset=UTF-8
Transfer-Encoding: chunked
Date: Mon, 16 Aug 2021 17:34:31 GMT

{
    "timeStamp": "20:34:31.816 16-08-2021",
    "statusCode": 404,
    "error": "Not Found",
    "errorMessage": "Author with 'authorId' = '9999' doesn't exist!"
}


REQUEST:
method: io.restassured.internal.RequestSpecificationImpl@2d3c501b
uri: io.restassured.internal.RequestSpecificationImpl@2d3c501b
body:
io.restassured.internal.RequestSpecificationImpl@2d3c501b
2021-08-16 20:34 INFO  HttpClient - org.apache.maven.surefire.api.report.ConsoleOutputCapture$ForwardingPrintStream@164dea80


RESPONSE:
status line: HTTP/1.1 404 
location: null
body:
{
    "timeStamp": "20:34:31.816 16-08-2021",
    "statusCode": 404,
    "error": "Not Found",
    "errorMessage": "Author with 'authorId' = '9999' doesn't exist!"
}
2021-08-16 20:34 INFO  HttpClient - org.apache.maven.surefire.api.report.ConsoleOutputCapture$ForwardingPrintStream@164dea80
]]></system-out>
  </testcase>
  <testcase name="verifyGetAllAuthorsGetRequest" classname="AuthorTest" time="1.098">
    <system-out><![CDATA[2021-08-16 20:34 INFO  BaseTest - Test 'verifyDeleteAuthorByIdDeleteRequest' completed.
2021-08-16 20:34 INFO  BaseTest - Test 'verifyGetAllAuthorsGetRequest' started.
Request method:	GET
Request URI:	http://localhost:8080/api/library/authors
Proxy:			<none>
Request params:	<none>
Query params:	<none>
Form params:	<none>
Path params:	<none>
Headers:		Accept=*/*
				Content-Type=application/json
Cookies:		<none>
Multiparts:		<none>
Body:			<none>
HTTP/1.1 200 
Content-Type: application/json;charset=UTF-8
Transfer-Encoding: chunked
Date: Mon, 16 Aug 2021 17:34:31 GMT

[
    {
        "authorId": 37,
        "authorName": {
            "first": "Alexandro",
            "second": "Kris"
        },
        "nationality": "Turkish",
        "birth": {
            "date": "1930-09-19",
            "country": "Venezuela",
            "city": "Doylechester"
        },
        "authorDescription": "Neque natus sequi. Sunt molestiae quia numquam qui qui quasi ipsa. Vel ea iusto assumenda voluptatem eos qui. Qui excepturi dolor vitae ea et repudiandae. Voluptas mollitia vero autem minima unde commodi sint."
    },
    {
        "authorId": 44,
        "authorName": {
            "first": "Dennis",
            "second": "Will"
        },
        "nationality": "Mexican",
        "birth": {
            "date": "1990-02-25",
            "country": "Syrian Arab Republic",
            "city": "Port Tyreek"
        },
        "authorDescription": "Qui velit perspiciatis qui mollitia quidem nihil velit. Doloremque dolorem veniam culpa qui soluta quisquam porro. Consectetur iure est temporibus nihil ut. Aut et provident."
    },
    {
        "authorId": 64,
        "authorName": {
            "first": "Thurman",
            "second": "Shanahan"
        },
        "nationality": "Luxembourger",
        "birth": {
            "date": "1957-03-13",
            "country": "Saint Helena",
            "city": "East Sydnie"
        },
        "authorDescription": "Recusandae aut ea. Ut in unde ut nesciunt. Qui praesentium vitae iusto veritatis."
    },
    {
        "authorId": 97,
        "authorName": {
            "first": "Willa",
            "second": "Herzog"
        },
        "nationality": "Irish",
        "birth": {
            "date": "1965-03-28",
            "country": "Kiribati",
            "city": "Port Terrill"
        },
        "authorDescription": "Dolorum voluptatem quo aspernatur illo sed mollitia blanditiis. Quia voluptas libero. Facilis nobis et aliquid voluptatem enim est consequuntur. Velit non nisi tempora modi fugit dolorum sequi. Dolores similique voluptate at."
    },
    {
        "authorId": 147,
        "authorName": {
            "first": "Broderick",
            "second": "Feest"
        },
        "nationality": "Liechtensteiner",
        "birth": {
            "date": "1946-10-17",
            "country": "Svalbard & Jan Mayen Islands",
            "city": "New Imogenechester"
        },
        "authorDescription": "Eaque repellendus et est in iusto quis similique. Reiciendis laborum laudantium ipsam delectus quo voluptas. Ratione maiores asperiores tenetur nobis dolorem omnis. Velit vitae commodi distinctio vel."
    },
    {
        "authorId": 763,
        "authorName": {
            "first": "Arjun",
            "second": "Hettinger"
        },
        "nationality": "Nepalese",
        "birth": {
            "date": "1977-04-21",
            "country": "Finland",
            "city": "Fletcherside"
        },
        "authorDescription": "Autem amet nam quo pariatur unde iste omnis. Eos dolore deleniti dolorem sunt velit sunt. Quisquam ut iusto. Qui blanditiis quos voluptates. Unde eum a dicta repellendus."
    },
    {
        "authorId": 793,
        "authorName": {
            "first": "Stephan",
            "second": "King"
        },
        "nationality": "Nepalese",
        "birth": {
            "date": "1950-09-01",
            "country": "Mozambique",
            "city": "Trantowfort"
        },
        "authorDescription": "Excepturi natus maiores odio itaque. Non laudantium est facilis consequatur minus iure ut. Quae ducimus placeat id. Perferendis animi velit dolorem id excepturi molestias quia. Sequi quia alias quia culpa ea id quisquam."
    },
    {
        "authorId": 835,
        "authorName": {
            "first": "Nyah",
            "second": "Hermann"
        },
        "nationality": "Angolan",
        "birth": {
            "date": "1982-10-02",
            "country": "Bouvet Island (Bouvetoya)",
            "city": "Gilberttown"
        },
        "authorDescription": "Qui aliquam dolorem accusamus esse vitae. Vitae ducimus odit modi. Iusto nisi quas eius quo harum. Voluptatem officia est sit iste quibusdam. Repudiandae laudantium corporis aut dignissimos."
    },
    {
        "authorId": 1237,
        "authorName": {
            "first": "Rashad",
            "second": "Hoppe"
        },
        "nationality": "Spanish",
        "birth": {
            "date": "1998-07-26",
            "country": "Guinea",
            "city": "Danielchester"
        },
        "authorDescription": "Neque minus fugit similique. Qui non molestias minus assumenda quia. Enim non inventore est numquam velit. Est nostrum iure esse qui nulla quidem."
    },
    {
        "authorId": 2207,
        "authorName": {
            "first": "Caleb",
            "second": "Jast"
        },
        "nationality": "Belgian",
        "birth": {
            "date": "1997-05-14",
            "country": "Bahrain",
            "city": "New Marcia"
        },
        "authorDescription": "Ullam et minus dolor accusantium non voluptatem esse. Enim maxime alias voluptates et omnis minus. Id id sint eligendi occaecati. Consequatur consequuntur incidunt voluptate dolore sapiente totam perferendis."
    }
]


REQUEST:
method: io.restassured.internal.RequestSpecificationImpl@a6fc1bc
uri: io.restassured.internal.RequestSpecificationImpl@a6fc1bc
body:
io.restassured.internal.RequestSpecificationImpl@a6fc1bc
2021-08-16 20:34 INFO  HttpClient - org.apache.maven.surefire.api.report.ConsoleOutputCapture$ForwardingPrintStream@164dea80


RESPONSE:
status line: HTTP/1.1 200 
location: null
body:
[
    {
        "authorId": 37,
        "authorName": {
            "first": "Alexandro",
            "second": "Kris"
        },
        "nationality": "Turkish",
        "birth": {
            "date": "1930-09-19",
            "country": "Venezuela",
            "city": "Doylechester"
        },
        "authorDescription": "Neque natus sequi. Sunt molestiae quia numquam qui qui quasi ipsa. Vel ea iusto assumenda voluptatem eos qui. Qui excepturi dolor vitae ea et repudiandae. Voluptas mollitia vero autem minima unde commodi sint."
    },
    {
        "authorId": 44,
        "authorName": {
            "first": "Dennis",
            "second": "Will"
        },
        "nationality": "Mexican",
        "birth": {
            "date": "1990-02-25",
            "country": "Syrian Arab Republic",
            "city": "Port Tyreek"
        },
        "authorDescription": "Qui velit perspiciatis qui mollitia quidem nihil velit. Doloremque dolorem veniam culpa qui soluta quisquam porro. Consectetur iure est temporibus nihil ut. Aut et provident."
    },
    {
        "authorId": 64,
        "authorName": {
            "first": "Thurman",
            "second": "Shanahan"
        },
        "nationality": "Luxembourger",
        "birth": {
            "date": "1957-03-13",
            "country": "Saint Helena",
            "city": "East Sydnie"
        },
        "authorDescription": "Recusandae aut ea. Ut in unde ut nesciunt. Qui praesentium vitae iusto veritatis."
    },
    {
        "authorId": 97,
        "authorName": {
            "first": "Willa",
            "second": "Herzog"
        },
        "nationality": "Irish",
        "birth": {
            "date": "1965-03-28",
            "country": "Kiribati",
            "city": "Port Terrill"
        },
        "authorDescription": "Dolorum voluptatem quo aspernatur illo sed mollitia blanditiis. Quia voluptas libero. Facilis nobis et aliquid voluptatem enim est consequuntur. Velit non nisi tempora modi fugit dolorum sequi. Dolores similique voluptate at."
    },
    {
        "authorId": 147,
        "authorName": {
            "first": "Broderick",
            "second": "Feest"
        },
        "nationality": "Liechtensteiner",
        "birth": {
            "date": "1946-10-17",
            "country": "Svalbard & Jan Mayen Islands",
            "city": "New Imogenechester"
        },
        "authorDescription": "Eaque repellendus et est in iusto quis similique. Reiciendis laborum laudantium ipsam delectus quo voluptas. Ratione maiores asperiores tenetur nobis dolorem omnis. Velit vitae commodi distinctio vel."
    },
    {
        "authorId": 763,
        "authorName": {
            "first": "Arjun",
            "second": "Hettinger"
        },
        "nationality": "Nepalese",
        "birth": {
            "date": "1977-04-21",
            "country": "Finland",
            "city": "Fletcherside"
        },
        "authorDescription": "Autem amet nam quo pariatur unde iste omnis. Eos dolore deleniti dolorem sunt velit sunt. Quisquam ut iusto. Qui blanditiis quos voluptates. Unde eum a dicta repellendus."
    },
    {
        "authorId": 793,
        "authorName": {
            "first": "Stephan",
            "second": "King"
        },
        "nationality": "Nepalese",
        "birth": {
            "date": "1950-09-01",
            "country": "Mozambique",
            "city": "Trantowfort"
        },
        "authorDescription": "Excepturi natus maiores odio itaque. Non laudantium est facilis consequatur minus iure ut. Quae ducimus placeat id. Perferendis animi velit dolorem id excepturi molestias quia. Sequi quia alias quia culpa ea id quisquam."
    },
    {
        "authorId": 835,
        "authorName": {
            "first": "Nyah",
            "second": "Hermann"
        },
        "nationality": "Angolan",
        "birth": {
            "date": "1982-10-02",
            "country": "Bouvet Island (Bouvetoya)",
            "city": "Gilberttown"
        },
        "authorDescription": "Qui aliquam dolorem accusamus esse vitae. Vitae ducimus odit modi. Iusto nisi quas eius quo harum. Voluptatem officia est sit iste quibusdam. Repudiandae laudantium corporis aut dignissimos."
    },
    {
        "authorId": 1237,
        "authorName": {
            "first": "Rashad",
            "second": "Hoppe"
        },
        "nationality": "Spanish",
        "birth": {
            "date": "1998-07-26",
            "country": "Guinea",
            "city": "Danielchester"
        },
        "authorDescription": "Neque minus fugit similique. Qui non molestias minus assumenda quia. Enim non inventore est numquam velit. Est nostrum iure esse qui nulla quidem."
    },
    {
        "authorId": 2207,
        "authorName": {
            "first": "Caleb",
            "second": "Jast"
        },
        "nationality": "Belgian",
        "birth": {
            "date": "1997-05-14",
            "country": "Bahrain",
            "city": "New Marcia"
        },
        "authorDescription": "Ullam et minus dolor accusantium non voluptatem esse. Enim maxime alias voluptates et omnis minus. Id id sint eligendi occaecati. Consequatur consequuntur incidunt voluptate dolore sapiente totam perferendis."
    }
]
2021-08-16 20:34 INFO  HttpClient - org.apache.maven.surefire.api.report.ConsoleOutputCapture$ForwardingPrintStream@164dea80
]]></system-out>
  </testcase>
  <testcase name="verifyGetAuthorByBookIdGetRequest[{&quot;bookId&quot;:292, &quot;bookName&quot;:&quot;Ipsa dolor laboriosam&quot;, &quot;bookLanguage&quot;:&quot;croatian&quot;, &quot;bookDescription&quot;:&quot;Sit aut architecto ab voluptatem. Rerum itaque voluptatem corrupti vero laboriosam. Officiis esse dolor. Qui sunt quasi laudantium.&quot;, &quot;publicationYear&quot;:2008, &quot;additional&quot;:{&quot;pageCount&quot;:682, &quot;size&quot;:{&quot;height&quot;:16.1, &quot;width&quot;:0.0, &quot;lenght&quot;:0.0}}}](1)" classname="AuthorTest" time="0.219">
    <system-out><![CDATA[2021-08-16 20:34 INFO  BaseTest - Test 'verifyGetAllAuthorsGetRequest' completed.
2021-08-16 20:34 INFO  BaseTest - Test 'verifyGetAuthorByBookIdGetRequest' started.
Request method:	GET
Request URI:	http://localhost:8080/api/library/book/292/author/
Proxy:			<none>
Request params:	<none>
Query params:	<none>
Form params:	<none>
Path params:	<none>
Headers:		Accept=*/*
				Content-Type=application/json
Cookies:		<none>
Multiparts:		<none>
Body:			<none>
HTTP/1.1 200 
Content-Type: application/json;charset=UTF-8
Transfer-Encoding: chunked
Date: Mon, 16 Aug 2021 17:34:31 GMT

{
    "authorId": 2207,
    "authorName": {
        "first": "Caleb",
        "second": "Jast"
    },
    "nationality": "Belgian",
    "birth": {
        "date": "1997-05-14",
        "country": "Bahrain",
        "city": "New Marcia"
    },
    "authorDescription": "Ullam et minus dolor accusantium non voluptatem esse. Enim maxime alias voluptates et omnis minus. Id id sint eligendi occaecati. Consequatur consequuntur incidunt voluptate dolore sapiente totam perferendis."
}


REQUEST:
method: io.restassured.internal.RequestSpecificationImpl@6f4fc83f
uri: io.restassured.internal.RequestSpecificationImpl@6f4fc83f
body:
io.restassured.internal.RequestSpecificationImpl@6f4fc83f
2021-08-16 20:34 INFO  HttpClient - org.apache.maven.surefire.api.report.ConsoleOutputCapture$ForwardingPrintStream@164dea80


RESPONSE:
status line: HTTP/1.1 200 
location: null
body:
{
    "authorId": 2207,
    "authorName": {
        "first": "Caleb",
        "second": "Jast"
    },
    "nationality": "Belgian",
    "birth": {
        "date": "1997-05-14",
        "country": "Bahrain",
        "city": "New Marcia"
    },
    "authorDescription": "Ullam et minus dolor accusantium non voluptatem esse. Enim maxime alias voluptates et omnis minus. Id id sint eligendi occaecati. Consequatur consequuntur incidunt voluptate dolore sapiente totam perferendis."
}
2021-08-16 20:34 INFO  HttpClient - org.apache.maven.surefire.api.report.ConsoleOutputCapture$ForwardingPrintStream@164dea80
]]></system-out>
  </testcase>
  <testcase name="verifyGetAuthorByIdGetRequest[{&quot;authorDescription&quot;:&quot;Neque natus sequi. Sunt molestiae quia numquam qui qui quasi ipsa. Vel ea iusto assumenda voluptatem eos qui. Qui excepturi dolor vitae ea et repudiandae. Voluptas mollitia vero autem minima unde commodi sint.&quot;, &quot;authorId&quot;:37, &quot;authorName&quot;:{&quot;first&quot;:&quot;Alexandro&quot;, &quot;second&quot;:&quot;Kris&quot;}, &quot;birth&quot;:{&quot;city&quot;:&quot;Doylechester&quot;, &quot;country&quot;:&quot;Venezuela&quot;, &quot;date&quot;:&quot;1930-09-19&quot;}, &quot;nationality&quot;:&quot;Turkish&quot;}](1)" classname="AuthorTest" time="0.181">
    <system-out><![CDATA[2021-08-16 20:34 INFO  BaseTest - Test 'verifyGetAuthorByBookIdGetRequest' completed.
2021-08-16 20:34 INFO  BaseTest - Test 'verifyGetAuthorByIdGetRequest' started.
Request method:	GET
Request URI:	http://localhost:8080/api/library/author/37/
Proxy:			<none>
Request params:	<none>
Query params:	<none>
Form params:	<none>
Path params:	<none>
Headers:		Accept=*/*
				Content-Type=application/json
Cookies:		<none>
Multiparts:		<none>
Body:			<none>
HTTP/1.1 200 
Content-Type: application/json;charset=UTF-8
Transfer-Encoding: chunked
Date: Mon, 16 Aug 2021 17:34:31 GMT

{
    "authorId": 37,
    "authorName": {
        "first": "Alexandro",
        "second": "Kris"
    },
    "nationality": "Turkish",
    "birth": {
        "date": "1930-09-19",
        "country": "Venezuela",
        "city": "Doylechester"
    },
    "authorDescription": "Neque natus sequi. Sunt molestiae quia numquam qui qui quasi ipsa. Vel ea iusto assumenda voluptatem eos qui. Qui excepturi dolor vitae ea et repudiandae. Voluptas mollitia vero autem minima unde commodi sint."
}


REQUEST:
method: io.restassured.internal.RequestSpecificationImpl@74badf19
uri: io.restassured.internal.RequestSpecificationImpl@74badf19
body:
io.restassured.internal.RequestSpecificationImpl@74badf19
2021-08-16 20:34 INFO  HttpClient - org.apache.maven.surefire.api.report.ConsoleOutputCapture$ForwardingPrintStream@164dea80


RESPONSE:
status line: HTTP/1.1 200 
location: null
body:
{
    "authorId": 37,
    "authorName": {
        "first": "Alexandro",
        "second": "Kris"
    },
    "nationality": "Turkish",
    "birth": {
        "date": "1930-09-19",
        "country": "Venezuela",
        "city": "Doylechester"
    },
    "authorDescription": "Neque natus sequi. Sunt molestiae quia numquam qui qui quasi ipsa. Vel ea iusto assumenda voluptatem eos qui. Qui excepturi dolor vitae ea et repudiandae. Voluptas mollitia vero autem minima unde commodi sint."
}
2021-08-16 20:34 INFO  HttpClient - org.apache.maven.surefire.api.report.ConsoleOutputCapture$ForwardingPrintStream@164dea80
]]></system-out>
  </testcase>
  <testcase name="verifyGetAuthorsByGenreIdGetRequest[{&quot;genreDescription&quot;:&quot;Id voluptatibus qui ullam omnis laboriosam maxime laudantium. Vel aut dolorem dolorem facilis officiis. Voluptate impedit repellendus iure enim. Modi in sed alias eum. Eaque sunt nihil rerum.&quot;, &quot;genreId&quot;:644, &quot;genreName&quot;:&quot;Metafiction&quot;}](1)" classname="AuthorTest" time="0.953">
    <system-out><![CDATA[2021-08-16 20:34 INFO  BaseTest - Test 'verifyGetAuthorByIdGetRequest' completed.
2021-08-16 20:34 INFO  BaseTest - Test 'verifyGetAuthorsByGenreIdGetRequest' started.
Request method:	GET
Request URI:	http://localhost:8080/api/library/genre/644/authors
Proxy:			<none>
Request params:	<none>
Query params:	<none>
Form params:	<none>
Path params:	<none>
Headers:		Accept=*/*
				Content-Type=application/json
Cookies:		<none>
Multiparts:		<none>
Body:			<none>
HTTP/1.1 200 
Content-Type: application/json;charset=UTF-8
Transfer-Encoding: chunked
Date: Mon, 16 Aug 2021 17:34:31 GMT

[
    {
        "authorId": 97,
        "authorName": {
            "first": "Willa",
            "second": "Herzog"
        },
        "nationality": "Irish",
        "birth": {
            "date": "1965-03-28",
            "country": "Kiribati",
            "city": "Port Terrill"
        },
        "authorDescription": "Dolorum voluptatem quo aspernatur illo sed mollitia blanditiis. Quia voluptas libero. Facilis nobis et aliquid voluptatem enim est consequuntur. Velit non nisi tempora modi fugit dolorum sequi. Dolores similique voluptate at."
    },
    {
        "authorId": 763,
        "authorName": {
            "first": "Arjun",
            "second": "Hettinger"
        },
        "nationality": "Nepalese",
        "birth": {
            "date": "1977-04-21",
            "country": "Finland",
            "city": "Fletcherside"
        },
        "authorDescription": "Autem amet nam quo pariatur unde iste omnis. Eos dolore deleniti dolorem sunt velit sunt. Quisquam ut iusto. Qui blanditiis quos voluptates. Unde eum a dicta repellendus."
    },
    {
        "authorId": 835,
        "authorName": {
            "first": "Nyah",
            "second": "Hermann"
        },
        "nationality": "Angolan",
        "birth": {
            "date": "1982-10-02",
            "country": "Bouvet Island (Bouvetoya)",
            "city": "Gilberttown"
        },
        "authorDescription": "Qui aliquam dolorem accusamus esse vitae. Vitae ducimus odit modi. Iusto nisi quas eius quo harum. Voluptatem officia est sit iste quibusdam. Repudiandae laudantium corporis aut dignissimos."
    },
    {
        "authorId": 2207,
        "authorName": {
            "first": "Caleb",
            "second": "Jast"
        },
        "nationality": "Belgian",
        "birth": {
            "date": "1997-05-14",
            "country": "Bahrain",
            "city": "New Marcia"
        },
        "authorDescription": "Ullam et minus dolor accusantium non voluptatem esse. Enim maxime alias voluptates et omnis minus. Id id sint eligendi occaecati. Consequatur consequuntur incidunt voluptate dolore sapiente totam perferendis."
    },
    {
        "authorId": 5202,
        "authorName": {
            "first": "Emily",
            "second": "Parisian"
        },
        "nationality": "New Zealander",
        "birth": {
            "date": "1959-01-09",
            "country": "Equatorial Guinea",
            "city": "South Demetriusfurt"
        },
        "authorDescription": "Nulla assumenda ipsum. Voluptatem non ratione quas quo. Rerum voluptas nihil eaque et ea. Doloribus repudiandae cumque."
    },
    {
        "authorId": 5294,
        "authorName": {
            "first": "Lisandro",
            "second": "Crooks"
        },
        "nationality": "Dutch",
        "birth": {
            "date": "1938-11-04",
            "country": "Qatar",
            "city": "Burdettemouth"
        },
        "authorDescription": "Facere similique non sint eius quos dolores. Eum cupiditate fugiat consequatur eum sequi. Sunt nihil quis."
    },
    {
        "authorId": 5628,
        "authorName": {
            "first": "Cassie",
            "second": "Braun"
        },
        "nationality": "American",
        "birth": {
            "date": "1956-05-17",
            "country": "Belarus",
            "city": "New Domenicashire"
        },
        "authorDescription": "Minima quia libero numquam deserunt quia ut. Ut nam repellat. Placeat laudantium quos et. Saepe ut exercitationem doloremque aut."
    },
    {
        "authorId": 5877,
        "authorName": {
            "first": "Grace",
            "second": "Herzog"
        },
        "nationality": "Slovenian",
        "birth": {
            "date": "1932-05-18",
            "country": "Spain",
            "city": "Ivoryfurt"
        },
        "authorDescription": "Repellat culpa nulla sapiente veritatis et qui. Tempore molestiae laborum magnam delectus est nulla. Tempore minima ut cum aliquid iste ut voluptas."
    },
    {
        "authorId": 7310,
        "authorName": {
            "first": "Eden",
            "second": "Stoltenberg"
        },
        "nationality": "Maldivan",
        "birth": {
            "date": "1933-12-31",
            "country": "Moldova",
            "city": "Port Jana"
        },
        "authorDescription": "Voluptates iste incidunt aut voluptatum. Et tempore quis enim ex quas. Ducimus quo voluptates iure. Officiis dignissimos corrupti voluptas."
    },
    {
        "authorId": 7715,
        "authorName": {
            "first": "Noe",
            "second": "Maggio"
        },
        "nationality": "French",
        "birth": {
            "date": "1960-10-30",
            "country": "Botswana",
            "city": "Brodyberg"
        },
        "authorDescription": "Sed aliquam vel quasi quaerat perferendis. Omnis modi vitae aspernatur omnis. Vel iure sed dignissimos. Voluptatem dolor ab minima."
    }
]


REQUEST:
method: io.restassured.internal.RequestSpecificationImpl@5de335cf
uri: io.restassured.internal.RequestSpecificationImpl@5de335cf
body:
io.restassured.internal.RequestSpecificationImpl@5de335cf
2021-08-16 20:34 INFO  HttpClient - org.apache.maven.surefire.api.report.ConsoleOutputCapture$ForwardingPrintStream@164dea80


RESPONSE:
status line: HTTP/1.1 200 
location: null
body:
[
    {
        "authorId": 97,
        "authorName": {
            "first": "Willa",
            "second": "Herzog"
        },
        "nationality": "Irish",
        "birth": {
            "date": "1965-03-28",
            "country": "Kiribati",
            "city": "Port Terrill"
        },
        "authorDescription": "Dolorum voluptatem quo aspernatur illo sed mollitia blanditiis. Quia voluptas libero. Facilis nobis et aliquid voluptatem enim est consequuntur. Velit non nisi tempora modi fugit dolorum sequi. Dolores similique voluptate at."
    },
    {
        "authorId": 763,
        "authorName": {
            "first": "Arjun",
            "second": "Hettinger"
        },
        "nationality": "Nepalese",
        "birth": {
            "date": "1977-04-21",
            "country": "Finland",
            "city": "Fletcherside"
        },
        "authorDescription": "Autem amet nam quo pariatur unde iste omnis. Eos dolore deleniti dolorem sunt velit sunt. Quisquam ut iusto. Qui blanditiis quos voluptates. Unde eum a dicta repellendus."
    },
    {
        "authorId": 835,
        "authorName": {
            "first": "Nyah",
            "second": "Hermann"
        },
        "nationality": "Angolan",
        "birth": {
            "date": "1982-10-02",
            "country": "Bouvet Island (Bouvetoya)",
            "city": "Gilberttown"
        },
        "authorDescription": "Qui aliquam dolorem accusamus esse vitae. Vitae ducimus odit modi. Iusto nisi quas eius quo harum. Voluptatem officia est sit iste quibusdam. Repudiandae laudantium corporis aut dignissimos."
    },
    {
        "authorId": 2207,
        "authorName": {
            "first": "Caleb",
            "second": "Jast"
        },
        "nationality": "Belgian",
        "birth": {
            "date": "1997-05-14",
            "country": "Bahrain",
            "city": "New Marcia"
        },
        "authorDescription": "Ullam et minus dolor accusantium non voluptatem esse. Enim maxime alias voluptates et omnis minus. Id id sint eligendi occaecati. Consequatur consequuntur incidunt voluptate dolore sapiente totam perferendis."
    },
    {
        "authorId": 5202,
        "authorName": {
            "first": "Emily",
            "second": "Parisian"
        },
        "nationality": "New Zealander",
        "birth": {
            "date": "1959-01-09",
            "country": "Equatorial Guinea",
            "city": "South Demetriusfurt"
        },
        "authorDescription": "Nulla assumenda ipsum. Voluptatem non ratione quas quo. Rerum voluptas nihil eaque et ea. Doloribus repudiandae cumque."
    },
    {
        "authorId": 5294,
        "authorName": {
            "first": "Lisandro",
            "second": "Crooks"
        },
        "nationality": "Dutch",
        "birth": {
            "date": "1938-11-04",
            "country": "Qatar",
            "city": "Burdettemouth"
        },
        "authorDescription": "Facere similique non sint eius quos dolores. Eum cupiditate fugiat consequatur eum sequi. Sunt nihil quis."
    },
    {
        "authorId": 5628,
        "authorName": {
            "first": "Cassie",
            "second": "Braun"
        },
        "nationality": "American",
        "birth": {
            "date": "1956-05-17",
            "country": "Belarus",
            "city": "New Domenicashire"
        },
        "authorDescription": "Minima quia libero numquam deserunt quia ut. Ut nam repellat. Placeat laudantium quos et. Saepe ut exercitationem doloremque aut."
    },
    {
        "authorId": 5877,
        "authorName": {
            "first": "Grace",
            "second": "Herzog"
        },
        "nationality": "Slovenian",
        "birth": {
            "date": "1932-05-18",
            "country": "Spain",
            "city": "Ivoryfurt"
        },
        "authorDescription": "Repellat culpa nulla sapiente veritatis et qui. Tempore molestiae laborum magnam delectus est nulla. Tempore minima ut cum aliquid iste ut voluptas."
    },
    {
        "authorId": 7310,
        "authorName": {
            "first": "Eden",
            "second": "Stoltenberg"
        },
        "nationality": "Maldivan",
        "birth": {
            "date": "1933-12-31",
            "country": "Moldova",
            "city": "Port Jana"
        },
        "authorDescription": "Voluptates iste incidunt aut voluptatum. Et tempore quis enim ex quas. Ducimus quo voluptates iure. Officiis dignissimos corrupti voluptas."
    },
    {
        "authorId": 7715,
        "authorName": {
            "first": "Noe",
            "second": "Maggio"
        },
        "nationality": "French",
        "birth": {
            "date": "1960-10-30",
            "country": "Botswana",
            "city": "Brodyberg"
        },
        "authorDescription": "Sed aliquam vel quasi quaerat perferendis. Omnis modi vitae aspernatur omnis. Vel iure sed dignissimos. Voluptatem dolor ab minima."
    }
]
2021-08-16 20:34 INFO  HttpClient - org.apache.maven.surefire.api.report.ConsoleOutputCapture$ForwardingPrintStream@164dea80
]]></system-out>
  </testcase>
  <testcase name="verifyGetNotFoundAuthorByIdGetRequestNegativeCase[{&quot;authorDescription&quot;:&quot;updated author descr&quot;, &quot;authorId&quot;:9999, &quot;authorName&quot;:{&quot;first&quot;:&quot;firstName&quot;, &quot;second&quot;:&quot;secondName&quot;}, &quot;birth&quot;:{&quot;city&quot;:&quot;Mykolaiv&quot;, &quot;country&quot;:&quot;Ukraine&quot;, &quot;date&quot;:&quot;1990-11-17&quot;}, &quot;nationality&quot;:&quot;ukrainian&quot;}](1)" classname="AuthorTest" time="0.12">
    <failure message="Unrecognized field &quot;timeStamp&quot; (class pojo.Author), not marked as ignorable (5 known properties: &quot;authorDescription&quot;, &quot;nationality&quot;, &quot;authorId&quot;, &quot;birth&quot;, &quot;authorName&quot;])&#10; at [Source: (String)&quot;{&quot;timeStamp&quot;:&quot;20:34:32.413 16-08-2021&quot;,&quot;statusCode&quot;:404,&quot;error&quot;:&quot;Not Found&quot;,&quot;errorMessage&quot;:&quot;Author with &apos;authorId&apos; = &apos;9999&apos; doesn&apos;t exist!&quot;}&quot;; line: 1, column: 15] (through reference chain: pojo.Author[&quot;timeStamp&quot;])" type="com.fasterxml.jackson.databind.exc.UnrecognizedPropertyException"><![CDATA[com.fasterxml.jackson.databind.exc.UnrecognizedPropertyException: 
Unrecognized field "timeStamp" (class pojo.Author), not marked as ignorable (5 known properties: "authorDescription", "nationality", "authorId", "birth", "authorName"])
 at [Source: (String)"{"timeStamp":"20:34:32.413 16-08-2021","statusCode":404,"error":"Not Found","errorMessage":"Author with 'authorId' = '9999' doesn't exist!"}"; line: 1, column: 15] (through reference chain: pojo.Author["timeStamp"])
	at AuthorTest.verifyGetNotFoundAuthorByIdGetRequestNegativeCase(AuthorTest.java:73)
]]></failure>
    <system-out><![CDATA[2021-08-16 20:34 INFO  BaseTest - Test 'verifyGetAuthorsByGenreIdGetRequest' completed.
2021-08-16 20:34 INFO  BaseTest - Test 'verifyGetNotFoundAuthorByIdGetRequestNegativeCase' started.
Request method:	GET
Request URI:	http://localhost:8080/api/library/author/9999/
Proxy:			<none>
Request params:	<none>
Query params:	<none>
Form params:	<none>
Path params:	<none>
Headers:		Accept=*/*
				Content-Type=application/json
Cookies:		<none>
Multiparts:		<none>
Body:			<none>
HTTP/1.1 404 
Content-Type: application/json;charset=UTF-8
Transfer-Encoding: chunked
Date: Mon, 16 Aug 2021 17:34:31 GMT

{
    "timeStamp": "20:34:32.413 16-08-2021",
    "statusCode": 404,
    "error": "Not Found",
    "errorMessage": "Author with 'authorId' = '9999' doesn't exist!"
}


REQUEST:
method: io.restassured.internal.RequestSpecificationImpl@215a0264
uri: io.restassured.internal.RequestSpecificationImpl@215a0264
body:
io.restassured.internal.RequestSpecificationImpl@215a0264
2021-08-16 20:34 INFO  HttpClient - org.apache.maven.surefire.api.report.ConsoleOutputCapture$ForwardingPrintStream@164dea80


RESPONSE:
status line: HTTP/1.1 404 
location: null
body:
{
    "timeStamp": "20:34:32.413 16-08-2021",
    "statusCode": 404,
    "error": "Not Found",
    "errorMessage": "Author with 'authorId' = '9999' doesn't exist!"
}
2021-08-16 20:34 INFO  HttpClient - org.apache.maven.surefire.api.report.ConsoleOutputCapture$ForwardingPrintStream@164dea80
]]></system-out>
  </testcase>
  <testcase name="verifySearchAuthorsGetRequest" classname="AuthorTest" time="0.07">
    <failure message="Actual StatusCode not matching to Expected one. expected [200] but found [400]" type="java.lang.AssertionError"><![CDATA[java.lang.AssertionError: Actual StatusCode not matching to Expected one. expected [200] but found [400]
	at AuthorTest.verifySearchAuthorsGetRequest(AuthorTest.java:95)
]]></failure>
    <system-out><![CDATA[2021-08-16 20:34 INFO  BaseTest - Test 'verifyGetNotFoundAuthorByIdGetRequestNegativeCase' completed.
2021-08-16 20:34 INFO  BaseTest - Test 'verifySearchAuthorsGetRequest' started.
Request method:	GET
Request URI:	http://localhost:8080/api/library/authors/search
Proxy:			<none>
Request params:	<none>
Query params:	<none>
Form params:	<none>
Path params:	<none>
Headers:		Accept=*/*
				Content-Type=application/json
Cookies:		<none>
Multiparts:		<none>
Body:			<none>
HTTP/1.1 400 
Content-Length: 0
Date: Mon, 16 Aug 2021 17:34:31 GMT
Connection: close


REQUEST:
method: io.restassured.internal.RequestSpecificationImpl@70421a08
uri: io.restassured.internal.RequestSpecificationImpl@70421a08
body:
io.restassured.internal.RequestSpecificationImpl@70421a08
2021-08-16 20:34 INFO  HttpClient - org.apache.maven.surefire.api.report.ConsoleOutputCapture$ForwardingPrintStream@164dea80


RESPONSE:
status line: HTTP/1.1 400 
location: null
body:

2021-08-16 20:34 INFO  HttpClient - org.apache.maven.surefire.api.report.ConsoleOutputCapture$ForwardingPrintStream@164dea80
]]></system-out>
  </testcase>
  <testcase name="verifyUpdatedAuthorPutRequest[{&quot;authorDescription&quot;:&quot;updated author description&quot;, &quot;authorId&quot;:9999, &quot;authorName&quot;:{&quot;first&quot;:&quot;firstName&quot;, &quot;second&quot;:&quot;secondName&quot;}, &quot;birth&quot;:{&quot;city&quot;:&quot;Mykolaiv&quot;, &quot;country&quot;:&quot;Ukraine&quot;, &quot;date&quot;:&quot;1990-11-17&quot;}, &quot;nationality&quot;:&quot;ukrainian&quot;}](1)" classname="AuthorTest" time="0.318">
    <system-out><![CDATA[2021-08-16 20:34 INFO  BaseTest - Test 'verifySearchAuthorsGetRequest' completed.
2021-08-16 20:34 INFO  BaseTest - Test 'verifyUpdatedAuthorPutRequest' started.
Request method:	POST
Request URI:	http://localhost:8080/api/library/author/
Proxy:			<none>
Request params:	<none>
Query params:	<none>
Form params:	<none>
Path params:	<none>
Headers:		Accept=*/*
				Content-Type=application/json
Cookies:		<none>
Multiparts:		<none>
Body:
{
    "authorDescription": "updated author descr",
    "authorId": 9999,
    "authorName": {
        "first": "firstName",
        "second": "secondName"
    },
    "birth": {
        "city": "Mykolaiv",
        "country": "Ukraine",
        "date": "1990-11-17"
    },
    "nationality": "ukrainian"
}
HTTP/1.1 201 
Content-Type: application/json;charset=UTF-8
Transfer-Encoding: chunked
Date: Mon, 16 Aug 2021 17:34:31 GMT

{
    "authorId": 9999,
    "authorName": {
        "first": "firstName",
        "second": "secondName"
    },
    "nationality": "ukrainian",
    "birth": {
        "date": "1990-11-17",
        "country": "Ukraine",
        "city": "Mykolaiv"
    },
    "authorDescription": "updated author descr"
}


REQUEST:
method: io.restassured.internal.RequestSpecificationImpl@7a247711
uri: io.restassured.internal.RequestSpecificationImpl@7a247711
body:
io.restassured.internal.RequestSpecificationImpl@7a247711
2021-08-16 20:34 INFO  HttpClient - org.apache.maven.surefire.api.report.ConsoleOutputCapture$ForwardingPrintStream@164dea80


RESPONSE:
status line: HTTP/1.1 201 
location: null
body:
{
    "authorId": 9999,
    "authorName": {
        "first": "firstName",
        "second": "secondName"
    },
    "nationality": "ukrainian",
    "birth": {
        "date": "1990-11-17",
        "country": "Ukraine",
        "city": "Mykolaiv"
    },
    "authorDescription": "updated author descr"
}
2021-08-16 20:34 INFO  HttpClient - org.apache.maven.surefire.api.report.ConsoleOutputCapture$ForwardingPrintStream@164dea80
Request method:	PUT
Request URI:	http://localhost:8080/api/library/author/
Proxy:			<none>
Request params:	<none>
Query params:	<none>
Form params:	<none>
Path params:	<none>
Headers:		Accept=*/*
				Content-Type=application/json
Cookies:		<none>
Multiparts:		<none>
Body:
{
    "authorDescription": "updated author description",
    "authorId": 9999,
    "authorName": {
        "first": "firstName",
        "second": "secondName"
    },
    "birth": {
        "city": "Mykolaiv",
        "country": "Ukraine",
        "date": "1990-11-17"
    },
    "nationality": "ukrainian"
}
HTTP/1.1 200 
Content-Type: application/json;charset=UTF-8
Transfer-Encoding: chunked
Date: Mon, 16 Aug 2021 17:34:31 GMT

{
    "authorId": 9999,
    "authorName": {
        "first": "firstName",
        "second": "secondName"
    },
    "nationality": "ukrainian",
    "birth": {
        "date": "1990-11-17",
        "country": "Ukraine",
        "city": "Mykolaiv"
    },
    "authorDescription": "updated author description"
}


REQUEST:
method: io.restassured.internal.RequestSpecificationImpl@399c408c
uri: io.restassured.internal.RequestSpecificationImpl@399c408c
body:
io.restassured.internal.RequestSpecificationImpl@399c408c
2021-08-16 20:34 INFO  HttpClient - org.apache.maven.surefire.api.report.ConsoleOutputCapture$ForwardingPrintStream@164dea80


RESPONSE:
status line: HTTP/1.1 200 
location: null
body:
{
    "authorId": 9999,
    "authorName": {
        "first": "firstName",
        "second": "secondName"
    },
    "nationality": "ukrainian",
    "birth": {
        "date": "1990-11-17",
        "country": "Ukraine",
        "city": "Mykolaiv"
    },
    "authorDescription": "updated author description"
}
2021-08-16 20:34 INFO  HttpClient - org.apache.maven.surefire.api.report.ConsoleOutputCapture$ForwardingPrintStream@164dea80
Request method:	DELETE
Request URI:	http://localhost:8080/api/library/author/9999/
Proxy:			<none>
Request params:	<none>
Query params:	<none>
Form params:	<none>
Path params:	<none>
Headers:		Accept=*/*
				Content-Type=application/json
Cookies:		<none>
Multiparts:		<none>
Body:			<none>
HTTP/1.1 204 
Content-Type: application/json;charset=UTF-8
Date: Mon, 16 Aug 2021 17:34:31 GMT


REQUEST:
method: io.restassured.internal.RequestSpecificationImpl@34fc315d
uri: io.restassured.internal.RequestSpecificationImpl@34fc315d
body:
io.restassured.internal.RequestSpecificationImpl@34fc315d
2021-08-16 20:34 INFO  HttpClient - org.apache.maven.surefire.api.report.ConsoleOutputCapture$ForwardingPrintStream@164dea80


RESPONSE:
status line: HTTP/1.1 204 
location: null
body:

2021-08-16 20:34 INFO  HttpClient - org.apache.maven.surefire.api.report.ConsoleOutputCapture$ForwardingPrintStream@164dea80
]]></system-out>
  </testcase>
  <testcase name="verifyCreatedBookPostRequest" classname="BookTest" time="0.322">
    <failure message="&#10;[public void BookTest.verifyCreatedBookPostRequest(pojo.Book,pojo.Author,pojo.Genre)] has no parameters defined but was found to be using a data provider (either explicitly specified or inherited from class level annotation).&#10;Data provider mismatch&#10;Method: verifyCreatedBookPostRequest([Parameter{index=0, type=pojo.Book, declaredAnnotations=[]}, Parameter{index=1, type=pojo.Author, declaredAnnotations=[]}, Parameter{index=2, type=pojo.Genre, declaredAnnotations=[]}])&#10;Arguments: [(pojo.Book) {&quot;bookId&quot;:536, &quot;bookName&quot;:&quot;Sed sunt et quas&quot;, &quot;bookLanguage&quot;:&quot;spanish&quot;, &quot;bookDescription&quot;:&quot;Qui quisquam omnis dolores voluptates ut. Ad officia suscipit nihil et vero. Ut veniam esse aliquam eum ea. Est nesciunt est id iure fuga.&quot;, &quot;publicationYear&quot;:1974, &quot;additional&quot;:{&quot;pageCount&quot;:573, &quot;size&quot;:{&quot;height&quot;:14.9, &quot;width&quot;:0.0, &quot;lenght&quot;:0.0}}}]" type="org.testng.internal.reflect.MethodMatcherException"><![CDATA[org.testng.internal.reflect.MethodMatcherException: 

[public void BookTest.verifyCreatedBookPostRequest(pojo.Book,pojo.Author,pojo.Genre)] has no parameters defined but was found to be using a data provider (either explicitly specified or inherited from class level annotation).
Data provider mismatch
Method: verifyCreatedBookPostRequest([Parameter{index=0, type=pojo.Book, declaredAnnotations=[]}, Parameter{index=1, type=pojo.Author, declaredAnnotations=[]}, Parameter{index=2, type=pojo.Genre, declaredAnnotations=[]}])
Arguments: [(pojo.Book) {"bookId":536, "bookName":"Sed sunt et quas", "bookLanguage":"spanish", "bookDescription":"Qui quisquam omnis dolores voluptates ut. Ad officia suscipit nihil et vero. Ut veniam esse aliquam eum ea. Est nesciunt est id iure fuga.", "publicationYear":1974, "additional":{"pageCount":573, "size":{"height":14.9, "width":0.0, "lenght":0.0}}}]
]]></failure>
    <system-out><![CDATA[2021-08-16 20:34 INFO  BaseTest - Test 'verifyUpdatedAuthorPutRequest' completed.
]]></system-out>
  </testcase>
  <testcase name="verifyDeleteBookByIdDeleteRequest[{&quot;bookId&quot;:536, &quot;bookName&quot;:&quot;Sed sunt et quas&quot;, &quot;bookLanguage&quot;:&quot;spanish&quot;, &quot;bookDescription&quot;:&quot;Qui quisquam omnis dolores voluptates ut. Ad officia suscipit nihil et vero. Ut veniam esse aliquam eum ea. Est nesciunt est id iure fuga.&quot;, &quot;publicationYear&quot;:1974, &quot;additional&quot;:{&quot;pageCount&quot;:573, &quot;size&quot;:{&quot;height&quot;:14.9, &quot;width&quot;:0.0, &quot;lenght&quot;:0.0}}}](1)" classname="BookTest" time="0.261">
    <failure message="Unrecognized field &quot;timeStamp&quot; (class pojo.Book), not marked as ignorable (6 known properties: &quot;bookLanguage&quot;, &quot;bookDescription&quot;, &quot;bookId&quot;, &quot;additional&quot;, &quot;publicationYear&quot;, &quot;bookName&quot;])&#10; at [Source: (String)&quot;{&quot;timeStamp&quot;:&quot;20:34:32.983 16-08-2021&quot;,&quot;statusCode&quot;:404,&quot;error&quot;:&quot;Not Found&quot;,&quot;errorMessage&quot;:&quot;Book with &apos;bookId&apos; = &apos;536&apos; doesn&apos;t exist!&quot;}&quot;; line: 1, column: 15] (through reference chain: pojo.Book[&quot;timeStamp&quot;])" type="com.fasterxml.jackson.databind.exc.UnrecognizedPropertyException"><![CDATA[com.fasterxml.jackson.databind.exc.UnrecognizedPropertyException: 
Unrecognized field "timeStamp" (class pojo.Book), not marked as ignorable (6 known properties: "bookLanguage", "bookDescription", "bookId", "additional", "publicationYear", "bookName"])
 at [Source: (String)"{"timeStamp":"20:34:32.983 16-08-2021","statusCode":404,"error":"Not Found","errorMessage":"Book with 'bookId' = '536' doesn't exist!"}"; line: 1, column: 15] (through reference chain: pojo.Book["timeStamp"])
	at BookTest.verifyDeleteBookByIdDeleteRequest(BookTest.java:69)
]]></failure>
    <system-out><![CDATA[2021-08-16 20:34 INFO  BaseTest - Test 'verifyDeleteBookByIdDeleteRequest' started.
Request method:	POST
Request URI:	http://localhost:8080/api/library/book/37/644/
Proxy:			<none>
Request params:	<none>
Query params:	<none>
Form params:	<none>
Path params:	<none>
Headers:		Accept=*/*
				Content-Type=application/json
Cookies:		<none>
Multiparts:		<none>
Body:
{
    "bookId": 536,
    "bookName": "Sed sunt et quas",
    "bookLanguage": "spanish",
    "bookDescription": "Qui quisquam omnis dolores voluptates ut. Ad officia suscipit nihil et vero. Ut veniam esse aliquam eum ea. Est nesciunt est id iure fuga.",
    "publicationYear": 1974,
    "additional": {
        "pageCount": 573,
        "size": {
            "height": 14.9,
            "width": 0.0,
            "lenght": 0.0
        }
    }
}
HTTP/1.1 201 
Content-Type: application/json;charset=UTF-8
Transfer-Encoding: chunked
Date: Mon, 16 Aug 2021 17:34:32 GMT

{
    "bookId": 536,
    "bookName": "Sed sunt et quas",
    "bookLanguage": "spanish",
    "bookDescription": "Qui quisquam omnis dolores voluptates ut. Ad officia suscipit nihil et vero. Ut veniam esse aliquam eum ea. Est nesciunt est id iure fuga.",
    "additional": {
        "pageCount": 573,
        "size": {
            "height": 14.9,
            "width": 0.0,
            "length": 0.0
        }
    },
    "publicationYear": 1974
}


REQUEST:
method: io.restassured.internal.RequestSpecificationImpl@6edb1e9c
uri: io.restassured.internal.RequestSpecificationImpl@6edb1e9c
body:
io.restassured.internal.RequestSpecificationImpl@6edb1e9c
2021-08-16 20:34 INFO  HttpClient - org.apache.maven.surefire.api.report.ConsoleOutputCapture$ForwardingPrintStream@164dea80


RESPONSE:
status line: HTTP/1.1 201 
location: null
body:
{
    "bookId": 536,
    "bookName": "Sed sunt et quas",
    "bookLanguage": "spanish",
    "bookDescription": "Qui quisquam omnis dolores voluptates ut. Ad officia suscipit nihil et vero. Ut veniam esse aliquam eum ea. Est nesciunt est id iure fuga.",
    "additional": {
        "pageCount": 573,
        "size": {
            "height": 14.9,
            "width": 0.0,
            "length": 0.0
        }
    },
    "publicationYear": 1974
}
2021-08-16 20:34 INFO  HttpClient - org.apache.maven.surefire.api.report.ConsoleOutputCapture$ForwardingPrintStream@164dea80
Request method:	DELETE
Request URI:	http://localhost:8080/api/library/book/536/
Proxy:			<none>
Request params:	<none>
Query params:	<none>
Form params:	<none>
Path params:	<none>
Headers:		Accept=*/*
				Content-Type=application/json
Cookies:		<none>
Multiparts:		<none>
Body:			<none>
HTTP/1.1 204 
Content-Type: application/json;charset=UTF-8
Date: Mon, 16 Aug 2021 17:34:32 GMT


REQUEST:
method: io.restassured.internal.RequestSpecificationImpl@718ad3a6
uri: io.restassured.internal.RequestSpecificationImpl@718ad3a6
body:
io.restassured.internal.RequestSpecificationImpl@718ad3a6
2021-08-16 20:34 INFO  HttpClient - org.apache.maven.surefire.api.report.ConsoleOutputCapture$ForwardingPrintStream@164dea80


RESPONSE:
status line: HTTP/1.1 204 
location: null
body:

2021-08-16 20:34 INFO  HttpClient - org.apache.maven.surefire.api.report.ConsoleOutputCapture$ForwardingPrintStream@164dea80
Request method:	GET
Request URI:	http://localhost:8080/api/library/book/536/
Proxy:			<none>
Request params:	<none>
Query params:	<none>
Form params:	<none>
Path params:	<none>
Headers:		Accept=*/*
				Content-Type=application/json
Cookies:		<none>
Multiparts:		<none>
Body:			<none>
HTTP/1.1 404 
Content-Type: application/json;charset=UTF-8
Transfer-Encoding: chunked
Date: Mon, 16 Aug 2021 17:34:32 GMT

{
    "timeStamp": "20:34:32.983 16-08-2021",
    "statusCode": 404,
    "error": "Not Found",
    "errorMessage": "Book with 'bookId' = '536' doesn't exist!"
}


REQUEST:
method: io.restassured.internal.RequestSpecificationImpl@190bf8e4
uri: io.restassured.internal.RequestSpecificationImpl@190bf8e4
body:
io.restassured.internal.RequestSpecificationImpl@190bf8e4
2021-08-16 20:34 INFO  HttpClient - org.apache.maven.surefire.api.report.ConsoleOutputCapture$ForwardingPrintStream@164dea80


RESPONSE:
status line: HTTP/1.1 404 
location: null
body:
{
    "timeStamp": "20:34:32.983 16-08-2021",
    "statusCode": 404,
    "error": "Not Found",
    "errorMessage": "Book with 'bookId' = '536' doesn't exist!"
}
2021-08-16 20:34 INFO  HttpClient - org.apache.maven.surefire.api.report.ConsoleOutputCapture$ForwardingPrintStream@164dea80
]]></system-out>
  </testcase>
  <testcase name="verifyGetAllBooksGetRequest" classname="BookTest" time="0.676">
    <system-out><![CDATA[2021-08-16 20:34 INFO  BaseTest - Test 'verifyDeleteBookByIdDeleteRequest' completed.
2021-08-16 20:34 INFO  BaseTest - Test 'verifyGetAllBooksGetRequest' started.
Request method:	GET
Request URI:	http://localhost:8080/api/library/books
Proxy:			<none>
Request params:	<none>
Query params:	<none>
Form params:	<none>
Path params:	<none>
Headers:		Accept=*/*
				Content-Type=application/json
Cookies:		<none>
Multiparts:		<none>
Body:			<none>
HTTP/1.1 200 
Content-Type: application/json;charset=UTF-8
Transfer-Encoding: chunked
Date: Mon, 16 Aug 2021 17:34:32 GMT

[
    {
        "bookId": 52,
        "bookName": "Dolorem ut explicabo",
        "bookLanguage": "russian",
        "bookDescription": "Reiciendis recusandae voluptas eaque eligendi aliquid voluptatem possimus. Qui voluptatum quo maiores nemo totam cum consequatur. Et neque hic temporibus totam exercitationem temporibus itaque. Praesentium ut sunt aliquid nesciunt id animi. Possimus unde fugit repudiandae.",
        "additional": {
            "pageCount": 183,
            "size": {
                "height": 27.8,
                "width": 26.1,
                "length": 4.9
            }
        },
        "publicationYear": 1988
    },
    {
        "bookId": 94,
        "bookName": "Illum labore nesciunt inventore",
        "bookLanguage": "farsi",
        "bookDescription": "Quidem quae corrupti aut animi ea omnis culpa. Dignissimos id est ea labore aliquam fugit. Maiores neque occaecati voluptatem. Vero consequuntur qui sit id. Odio a ea non provident aut magni omnis.",
        "additional": {
            "pageCount": 885,
            "size": {
                "height": 34.1,
                "width": 24.4,
                "length": 1.6
            }
        },
        "publicationYear": 1971
    },
    {
        "bookId": 111,
        "bookName": "Eaque recusandae voluptatibus",
        "bookLanguage": "spanish",
        "bookDescription": "Molestias autem quam voluptas perferendis sed dicta dolorem. Vero ipsum et minima qui quo quis quaerat. Explicabo optio velit tempora iure voluptatibus. Consequatur officia ea laborum asperiores ut consequatur.",
        "additional": {
            "pageCount": 936,
            "size": {
                "height": 10.0,
                "width": 32.7,
                "length": 4.4
            }
        },
        "publicationYear": 1991
    },
    {
        "bookId": 167,
        "bookName": "Esse facilis architecto",
        "bookLanguage": "farsi",
        "bookDescription": "Odit voluptatem totam. Voluptatibus ut vel qui. Non quos autem dicta. Sed qui debitis. Delectus et corporis voluptas enim minima.",
        "additional": {
            "pageCount": 846,
            "size": {
                "height": 18.6,
                "width": 14.5,
                "length": 3.4
            }
        },
        "publicationYear": 2010
    },
    {
        "bookId": 210,
        "bookName": "Qui vitae rerum",
        "bookLanguage": "german",
        "bookDescription": "Vel repellat architecto ullam culpa dolorem dignissimos sint. Aliquam qui dolor. Et dolor ab vel rerum cupiditate dignissimos exercitationem.",
        "additional": {
            "pageCount": 675,
            "size": {
                "height": 15.9,
                "width": 9.3,
                "length": 2.7
            }
        },
        "publicationYear": 1971
    },
    {
        "bookId": 238,
        "bookName": "Eum maxime blanditiis",
        "bookLanguage": "armenian",
        "bookDescription": "Fugit repudiandae sapiente. Est non culpa et hic autem laudantium autem. Iste assumenda officiis dolores quo fugit. Non non iste autem culpa.",
        "additional": {
            "pageCount": 610,
            "size": {
                "height": 32.5,
                "width": 15.2,
                "length": 2.7
            }
        },
        "publicationYear": 2000
    },
    {
        "bookId": 292,
        "bookName": "Ipsa dolor laboriosam",
        "bookLanguage": "croatian",
        "bookDescription": "Sit aut architecto ab voluptatem. Rerum itaque voluptatem corrupti vero laboriosam. Officiis esse dolor. Qui sunt quasi laudantium.",
        "additional": {
            "pageCount": 682,
            "size": {
                "height": 16.1,
                "width": 22.4,
                "length": 3.2
            }
        },
        "publicationYear": 2008
    },
    {
        "bookId": 327,
        "bookName": "Eius iure sint",
        "bookLanguage": "russian",
        "bookDescription": "Consequatur non ducimus minima. Placeat et placeat nesciunt officia vel eius accusantium. Dolore ut est modi atque alias laudantium molestias.",
        "additional": {
            "pageCount": 908,
            "size": {
                "height": 15.8,
                "width": 16.6,
                "length": 2.4
            }
        },
        "publicationYear": 1988
    },
    {
        "bookId": 421,
        "bookName": "Fugiat sit architecto",
        "bookLanguage": "urdu",
        "bookDescription": "Voluptatem distinctio dolor voluptatem praesentium consequatur et. Beatae suscipit vero. Beatae hic sed optio.",
        "additional": {
            "pageCount": 13,
            "size": {
                "height": 14.2,
                "width": 8.8,
                "length": 1.7
            }
        },
        "publicationYear": 1985
    },
    {
        "bookId": 562,
        "bookName": "Cumque magni quisquam",
        "bookLanguage": "belorussian",
        "bookDescription": "Saepe sapiente amet nemo porro voluptate occaecati. Ipsa sapiente et illo quis molestiae. Quaerat ullam rerum nostrum perspiciatis. Harum commodi non nesciunt at exercitationem.",
        "additional": {
            "pageCount": 530,
            "size": {
                "height": 30.0,
                "width": 12.2,
                "length": 1.5
            }
        },
        "publicationYear": 2002
    }
]


REQUEST:
method: io.restassured.internal.RequestSpecificationImpl@73e399cc
uri: io.restassured.internal.RequestSpecificationImpl@73e399cc
body:
io.restassured.internal.RequestSpecificationImpl@73e399cc
2021-08-16 20:34 INFO  HttpClient - org.apache.maven.surefire.api.report.ConsoleOutputCapture$ForwardingPrintStream@164dea80


RESPONSE:
status line: HTTP/1.1 200 
location: null
body:
[
    {
        "bookId": 52,
        "bookName": "Dolorem ut explicabo",
        "bookLanguage": "russian",
        "bookDescription": "Reiciendis recusandae voluptas eaque eligendi aliquid voluptatem possimus. Qui voluptatum quo maiores nemo totam cum consequatur. Et neque hic temporibus totam exercitationem temporibus itaque. Praesentium ut sunt aliquid nesciunt id animi. Possimus unde fugit repudiandae.",
        "additional": {
            "pageCount": 183,
            "size": {
                "height": 27.8,
                "width": 26.1,
                "length": 4.9
            }
        },
        "publicationYear": 1988
    },
    {
        "bookId": 94,
        "bookName": "Illum labore nesciunt inventore",
        "bookLanguage": "farsi",
        "bookDescription": "Quidem quae corrupti aut animi ea omnis culpa. Dignissimos id est ea labore aliquam fugit. Maiores neque occaecati voluptatem. Vero consequuntur qui sit id. Odio a ea non provident aut magni omnis.",
        "additional": {
            "pageCount": 885,
            "size": {
                "height": 34.1,
                "width": 24.4,
                "length": 1.6
            }
        },
        "publicationYear": 1971
    },
    {
        "bookId": 111,
        "bookName": "Eaque recusandae voluptatibus",
        "bookLanguage": "spanish",
        "bookDescription": "Molestias autem quam voluptas perferendis sed dicta dolorem. Vero ipsum et minima qui quo quis quaerat. Explicabo optio velit tempora iure voluptatibus. Consequatur officia ea laborum asperiores ut consequatur.",
        "additional": {
            "pageCount": 936,
            "size": {
                "height": 10.0,
                "width": 32.7,
                "length": 4.4
            }
        },
        "publicationYear": 1991
    },
    {
        "bookId": 167,
        "bookName": "Esse facilis architecto",
        "bookLanguage": "farsi",
        "bookDescription": "Odit voluptatem totam. Voluptatibus ut vel qui. Non quos autem dicta. Sed qui debitis. Delectus et corporis voluptas enim minima.",
        "additional": {
            "pageCount": 846,
            "size": {
                "height": 18.6,
                "width": 14.5,
                "length": 3.4
            }
        },
        "publicationYear": 2010
    },
    {
        "bookId": 210,
        "bookName": "Qui vitae rerum",
        "bookLanguage": "german",
        "bookDescription": "Vel repellat architecto ullam culpa dolorem dignissimos sint. Aliquam qui dolor. Et dolor ab vel rerum cupiditate dignissimos exercitationem.",
        "additional": {
            "pageCount": 675,
            "size": {
                "height": 15.9,
                "width": 9.3,
                "length": 2.7
            }
        },
        "publicationYear": 1971
    },
    {
        "bookId": 238,
        "bookName": "Eum maxime blanditiis",
        "bookLanguage": "armenian",
        "bookDescription": "Fugit repudiandae sapiente. Est non culpa et hic autem laudantium autem. Iste assumenda officiis dolores quo fugit. Non non iste autem culpa.",
        "additional": {
            "pageCount": 610,
            "size": {
                "height": 32.5,
                "width": 15.2,
                "length": 2.7
            }
        },
        "publicationYear": 2000
    },
    {
        "bookId": 292,
        "bookName": "Ipsa dolor laboriosam",
        "bookLanguage": "croatian",
        "bookDescription": "Sit aut architecto ab voluptatem. Rerum itaque voluptatem corrupti vero laboriosam. Officiis esse dolor. Qui sunt quasi laudantium.",
        "additional": {
            "pageCount": 682,
            "size": {
                "height": 16.1,
                "width": 22.4,
                "length": 3.2
            }
        },
        "publicationYear": 2008
    },
    {
        "bookId": 327,
        "bookName": "Eius iure sint",
        "bookLanguage": "russian",
        "bookDescription": "Consequatur non ducimus minima. Placeat et placeat nesciunt officia vel eius accusantium. Dolore ut est modi atque alias laudantium molestias.",
        "additional": {
            "pageCount": 908,
            "size": {
                "height": 15.8,
                "width": 16.6,
                "length": 2.4
            }
        },
        "publicationYear": 1988
    },
    {
        "bookId": 421,
        "bookName": "Fugiat sit architecto",
        "bookLanguage": "urdu",
        "bookDescription": "Voluptatem distinctio dolor voluptatem praesentium consequatur et. Beatae suscipit vero. Beatae hic sed optio.",
        "additional": {
            "pageCount": 13,
            "size": {
                "height": 14.2,
                "width": 8.8,
                "length": 1.7
            }
        },
        "publicationYear": 1985
    },
    {
        "bookId": 562,
        "bookName": "Cumque magni quisquam",
        "bookLanguage": "belorussian",
        "bookDescription": "Saepe sapiente amet nemo porro voluptate occaecati. Ipsa sapiente et illo quis molestiae. Quaerat ullam rerum nostrum perspiciatis. Harum commodi non nesciunt at exercitationem.",
        "additional": {
            "pageCount": 530,
            "size": {
                "height": 30.0,
                "width": 12.2,
                "length": 1.5
            }
        },
        "publicationYear": 2002
    }
]
2021-08-16 20:34 INFO  HttpClient - org.apache.maven.surefire.api.report.ConsoleOutputCapture$ForwardingPrintStream@164dea80
]]></system-out>
  </testcase>
  <testcase name="verifyGetBookByIdGetRequest[{&quot;bookId&quot;:292, &quot;bookName&quot;:&quot;Ipsa dolor laboriosam&quot;, &quot;bookLanguage&quot;:&quot;croatian&quot;, &quot;bookDescription&quot;:&quot;Sit aut architecto ab voluptatem. Rerum itaque voluptatem corrupti vero laboriosam. Officiis esse dolor. Qui sunt quasi laudantium.&quot;, &quot;publicationYear&quot;:2008, &quot;additional&quot;:{&quot;pageCount&quot;:682, &quot;size&quot;:{&quot;height&quot;:16.1, &quot;width&quot;:0.0, &quot;lenght&quot;:0.0}}}](1)" classname="BookTest" time="0.117">
    <system-out><![CDATA[2021-08-16 20:34 INFO  BaseTest - Test 'verifyGetAllBooksGetRequest' completed.
2021-08-16 20:34 INFO  BaseTest - Test 'verifyGetBookByIdGetRequest' started.
Request method:	GET
Request URI:	http://localhost:8080/api/library/book/292/
Proxy:			<none>
Request params:	<none>
Query params:	<none>
Form params:	<none>
Path params:	<none>
Headers:		Accept=*/*
				Content-Type=application/json
Cookies:		<none>
Multiparts:		<none>
Body:			<none>
HTTP/1.1 200 
Content-Type: application/json;charset=UTF-8
Transfer-Encoding: chunked
Date: Mon, 16 Aug 2021 17:34:32 GMT

{
    "bookId": 292,
    "bookName": "Ipsa dolor laboriosam",
    "bookLanguage": "croatian",
    "bookDescription": "Sit aut architecto ab voluptatem. Rerum itaque voluptatem corrupti vero laboriosam. Officiis esse dolor. Qui sunt quasi laudantium.",
    "additional": {
        "pageCount": 682,
        "size": {
            "height": 16.1,
            "width": 22.4,
            "length": 3.2
        }
    },
    "publicationYear": 2008
}


REQUEST:
method: io.restassured.internal.RequestSpecificationImpl@756200d1
uri: io.restassured.internal.RequestSpecificationImpl@756200d1
body:
io.restassured.internal.RequestSpecificationImpl@756200d1
2021-08-16 20:34 INFO  HttpClient - org.apache.maven.surefire.api.report.ConsoleOutputCapture$ForwardingPrintStream@164dea80


RESPONSE:
status line: HTTP/1.1 200 
location: null
body:
{
    "bookId": 292,
    "bookName": "Ipsa dolor laboriosam",
    "bookLanguage": "croatian",
    "bookDescription": "Sit aut architecto ab voluptatem. Rerum itaque voluptatem corrupti vero laboriosam. Officiis esse dolor. Qui sunt quasi laudantium.",
    "additional": {
        "pageCount": 682,
        "size": {
            "height": 16.1,
            "width": 22.4,
            "length": 3.2
        }
    },
    "publicationYear": 2008
}
2021-08-16 20:34 INFO  HttpClient - org.apache.maven.surefire.api.report.ConsoleOutputCapture$ForwardingPrintStream@164dea80
]]></system-out>
  </testcase>
  <testcase name="verifyGetBooksByAuthorIdGenreIdGetRequest" classname="BookTest" time="0.064">
    <failure message="List of books is empty expected [false] but found [true]" type="java.lang.AssertionError"><![CDATA[java.lang.AssertionError: List of books is empty expected [false] but found [true]
	at BookTest.verifyGetBooksByAuthorIdGenreIdGetRequest(BookTest.java:105)
]]></failure>
    <system-out><![CDATA[2021-08-16 20:34 INFO  BaseTest - Test 'verifyGetBookByIdGetRequest' completed.
2021-08-16 20:34 INFO  BaseTest - Test 'verifyGetBooksByAuthorIdGenreIdGetRequest' started.
Request method:	GET
Request URI:	http://localhost:8080/api/library/author/37/genre/644/books
Proxy:			<none>
Request params:	<none>
Query params:	<none>
Form params:	<none>
Path params:	<none>
Headers:		Accept=*/*
				Content-Type=application/json
Cookies:		<none>
Multiparts:		<none>
Body:			<none>
HTTP/1.1 200 
Content-Type: application/json;charset=UTF-8
Transfer-Encoding: chunked
Date: Mon, 16 Aug 2021 17:34:32 GMT

[
    
]


REQUEST:
method: io.restassured.internal.RequestSpecificationImpl@30c03473
uri: io.restassured.internal.RequestSpecificationImpl@30c03473
body:
io.restassured.internal.RequestSpecificationImpl@30c03473
2021-08-16 20:34 INFO  HttpClient - org.apache.maven.surefire.api.report.ConsoleOutputCapture$ForwardingPrintStream@164dea80


RESPONSE:
status line: HTTP/1.1 200 
location: null
body:
[
    
]
2021-08-16 20:34 INFO  HttpClient - org.apache.maven.surefire.api.report.ConsoleOutputCapture$ForwardingPrintStream@164dea80
]]></system-out>
  </testcase>
  <testcase name="verifyGetBooksByAuthorIdGetRequest[{&quot;authorDescription&quot;:&quot;Neque natus sequi. Sunt molestiae quia numquam qui qui quasi ipsa. Vel ea iusto assumenda voluptatem eos qui. Qui excepturi dolor vitae ea et repudiandae. Voluptas mollitia vero autem minima unde commodi sint.&quot;, &quot;authorId&quot;:37, &quot;authorName&quot;:{&quot;first&quot;:&quot;Alexandro&quot;, &quot;second&quot;:&quot;Kris&quot;}, &quot;birth&quot;:{&quot;city&quot;:&quot;Doylechester&quot;, &quot;country&quot;:&quot;Venezuela&quot;, &quot;date&quot;:&quot;1930-09-19&quot;}, &quot;nationality&quot;:&quot;Turkish&quot;}](1)" classname="BookTest" time="0.409">
    <system-out><![CDATA[2021-08-16 20:34 INFO  BaseTest - Test 'verifyGetBooksByAuthorIdGenreIdGetRequest' completed.
2021-08-16 20:34 INFO  BaseTest - Test 'verifyGetBooksByAuthorIdGetRequest' started.
Request method:	GET
Request URI:	http://localhost:8080/api/library/author/37/books
Proxy:			<none>
Request params:	<none>
Query params:	<none>
Form params:	<none>
Path params:	<none>
Headers:		Accept=*/*
				Content-Type=application/json
Cookies:		<none>
Multiparts:		<none>
Body:			<none>
HTTP/1.1 200 
Content-Type: application/json;charset=UTF-8
Transfer-Encoding: chunked
Date: Mon, 16 Aug 2021 17:34:32 GMT

[
    {
        "bookId": 1407,
        "bookName": "Aut ratione ab",
        "bookLanguage": "arabic",
        "bookDescription": "Qui non recusandae. Vitae delectus dolor voluptas rerum. Consequatur sapiente quod similique eum.",
        "additional": {
            "pageCount": 104,
            "size": {
                "height": 17.0,
                "width": 21.9,
                "length": 4.8
            }
        },
        "publicationYear": 1987
    },
    {
        "bookId": 3792,
        "bookName": "Est eveniet et",
        "bookLanguage": "polish",
        "bookDescription": "Voluptas autem sint eos minus culpa fugiat unde. Velit ut iste voluptatum et tempora iusto hic. Nisi enim est occaecati reiciendis voluptas.",
        "additional": {
            "pageCount": 393,
            "size": {
                "height": 28.0,
                "width": 22.3,
                "length": 1.3
            }
        },
        "publicationYear": 1991
    },
    {
        "bookId": 7019,
        "bookName": "Aliquam quia ut",
        "bookLanguage": "german",
        "bookDescription": "Vel praesentium in illo natus aliquam. Dolor excepturi qui est et velit magnam. Quaerat earum nulla dolores quisquam. Aut saepe in quo laborum sed. Ut repellendus nihil similique voluptatem tenetur.",
        "additional": {
            "pageCount": 766,
            "size": {
                "height": 28.2,
                "width": 13.9,
                "length": 1.2
            }
        },
        "publicationYear": 1976
    },
    {
        "bookId": 7904,
        "bookName": "Eos quasi ipsum quaerat",
        "bookLanguage": "croatian",
        "bookDescription": "Molestiae eligendi sunt autem sint ut pariatur voluptatem. Dolore aut accusantium sit quidem. Aspernatur sed velit minima voluptatibus sequi et. Velit doloribus tempora ea eos molestiae.",
        "additional": {
            "pageCount": 961,
            "size": {
                "height": 9.9,
                "width": 23.6,
                "length": 3.7
            }
        },
        "publicationYear": 2014
    },
    {
        "bookId": 9377,
        "bookName": "Necessitatibus debitis aut",
        "bookLanguage": "spanish",
        "bookDescription": "Unde similique cum praesentium quo molestias ut nihil. Voluptas quibusdam qui perspiciatis vel. Eveniet repellat molestias ratione vel. Aspernatur expedita minima.",
        "additional": {
            "pageCount": 713,
            "size": {
                "height": 27.1,
                "width": 25.5,
                "length": 3.1
            }
        },
        "publicationYear": 1997
    }
]


REQUEST:
method: io.restassured.internal.RequestSpecificationImpl@48860139
uri: io.restassured.internal.RequestSpecificationImpl@48860139
body:
io.restassured.internal.RequestSpecificationImpl@48860139
2021-08-16 20:34 INFO  HttpClient - org.apache.maven.surefire.api.report.ConsoleOutputCapture$ForwardingPrintStream@164dea80


RESPONSE:
status line: HTTP/1.1 200 
location: null
body:
[
    {
        "bookId": 1407,
        "bookName": "Aut ratione ab",
        "bookLanguage": "arabic",
        "bookDescription": "Qui non recusandae. Vitae delectus dolor voluptas rerum. Consequatur sapiente quod similique eum.",
        "additional": {
            "pageCount": 104,
            "size": {
                "height": 17.0,
                "width": 21.9,
                "length": 4.8
            }
        },
        "publicationYear": 1987
    },
    {
        "bookId": 3792,
        "bookName": "Est eveniet et",
        "bookLanguage": "polish",
        "bookDescription": "Voluptas autem sint eos minus culpa fugiat unde. Velit ut iste voluptatum et tempora iusto hic. Nisi enim est occaecati reiciendis voluptas.",
        "additional": {
            "pageCount": 393,
            "size": {
                "height": 28.0,
                "width": 22.3,
                "length": 1.3
            }
        },
        "publicationYear": 1991
    },
    {
        "bookId": 7019,
        "bookName": "Aliquam quia ut",
        "bookLanguage": "german",
        "bookDescription": "Vel praesentium in illo natus aliquam. Dolor excepturi qui est et velit magnam. Quaerat earum nulla dolores quisquam. Aut saepe in quo laborum sed. Ut repellendus nihil similique voluptatem tenetur.",
        "additional": {
            "pageCount": 766,
            "size": {
                "height": 28.2,
                "width": 13.9,
                "length": 1.2
            }
        },
        "publicationYear": 1976
    },
    {
        "bookId": 7904,
        "bookName": "Eos quasi ipsum quaerat",
        "bookLanguage": "croatian",
        "bookDescription": "Molestiae eligendi sunt autem sint ut pariatur voluptatem. Dolore aut accusantium sit quidem. Aspernatur sed velit minima voluptatibus sequi et. Velit doloribus tempora ea eos molestiae.",
        "additional": {
[...]
    },
    {
        "genreId": 7448,
        "genreName": "Folklore",
        "genreDescription": "Impedit velit distinctio fuga. Asperiores enim impedit et et. Aut cum eum."
    },
    {
        "genreId": 9561,
        "genreName": "Science fiction",
        "genreDescription": "Reiciendis est quia accusantium tenetur. Hic cupiditate eligendi cumque quo. Suscipit ut veniam dolorem in reprehenderit tenetur. Quaerat autem aliquid ab repudiandae et molestias ea."
    }
]
2021-08-16 20:34 INFO  HttpClient - org.apache.maven.surefire.api.report.ConsoleOutputCapture$ForwardingPrintStream@164dea80
]]></system-out>
  </testcase>
  <testcase name="verifyGetAllGenresGetRequest" classname="GenreTest" time="0.3">
    <system-out><![CDATA[2021-08-16 20:34 INFO  BaseTest - Test 'verifyGetAllGenresByAuthorIdGetRequest' completed.
2021-08-16 20:34 INFO  BaseTest - Test 'verifyGetAllGenresGetRequest' started.
Request method:	GET
Request URI:	http://localhost:8080/api/library/genres
Proxy:			<none>
Request params:	<none>
Query params:	<none>
Form params:	<none>
Path params:	<none>
Headers:		Accept=*/*
				Content-Type=application/json
Cookies:		<none>
Multiparts:		<none>
Body:			<none>
HTTP/1.1 200 
Content-Type: application/json;charset=UTF-8
Transfer-Encoding: chunked
Date: Mon, 16 Aug 2021 17:34:33 GMT

[
    {
        "genreId": 644,
        "genreName": "Metafiction",
        "genreDescription": "Id voluptatibus qui ullam omnis laboriosam maxime laudantium. Vel aut dolorem dolorem facilis officiis. Voluptate impedit repellendus iure enim. Modi in sed alias eum. Eaque sunt nihil rerum."
    },
    {
        "genreId": 1437,
        "genreName": "Biography/Autobiography",
        "genreDescription": "Ducimus et eligendi eius non perferendis esse. Dolor dolorem quis. Cumque omnis facere illum praesentium sit."
    },
    {
        "genreId": 2140,
        "genreName": "Textbook",
        "genreDescription": "Voluptates natus ipsam voluptatem rerum ea quos. Dolore quam et. Iusto id commodi quasi aliquam. Nesciunt doloribus nulla adipisci qui et aut. Vel qui dolor omnis consequatur omnis adipisci sed."
    },
    {
        "genreId": 2373,
        "genreName": "Legend",
        "genreDescription": "Quo porro quas sint ratione doloribus. Vel aut quam consectetur unde et. Sed sed dolores quia. Eum aspernatur et."
    },
    {
        "genreId": 2714,
        "genreName": "Fairy tale",
        "genreDescription": "Impedit iusto consequatur autem impedit eligendi. Voluptatem voluptatem esse consectetur aut. Voluptates at ut dicta tempore sunt libero. Exercitationem ut consequuntur corporis saepe ea. Qui ex sed perspiciatis enim quis necessitatibus."
    },
    {
        "genreId": 3436,
        "genreName": "Historical fiction",
        "genreDescription": "Cum quis possimus iste a magni. Qui voluptatem quod doloribus. Facere consequuntur excepturi nihil quidem est et. Blanditiis fugit ut."
    },
    {
        "genreId": 3748,
        "genreName": "Classic",
        "genreDescription": "Officiis repudiandae maxime consectetur quo. Tempore incidunt officiis dignissimos ullam. Non quas et. Ut sequi exercitationem ut similique."
    },
    {
        "genreId": 5310,
        "genreName": "Fiction in verse",
        "genreDescription": "Magni rem non aperiam temporibus. Ea quis rerum ratione ea sapiente explicabo. Earum corrupti sint minus architecto. Officiis veritatis sunt."
    },
    {
        "genreId": 5542,
        "genreName": "Mythopoeia",
        "genreDescription": "Perferendis ea asperiores id enim. Ut suscipit hic et aliquam nulla. Neque sint fugiat ut sapiente iste quam aut."
    },
    {
        "genreId": 5620,
        "genreName": "Suspense/Thriller",
        "genreDescription": "Laborum facilis sint iure tenetur asperiores. Et perspiciatis nesciunt dolorum. Eaque rerum omnis porro."
    }
]


REQUEST:
method: io.restassured.internal.RequestSpecificationImpl@2fca282c
uri: io.restassured.internal.RequestSpecificationImpl@2fca282c
body:
io.restassured.internal.RequestSpecificationImpl@2fca282c
2021-08-16 20:34 INFO  HttpClient - org.apache.maven.surefire.api.report.ConsoleOutputCapture$ForwardingPrintStream@164dea80


RESPONSE:
status line: HTTP/1.1 200 
location: null
body:
[
    {
        "genreId": 644,
        "genreName": "Metafiction",
        "genreDescription": "Id voluptatibus qui ullam omnis laboriosam maxime laudantium. Vel aut dolorem dolorem facilis officiis. Voluptate impedit repellendus iure enim. Modi in sed alias eum. Eaque sunt nihil rerum."
    },
    {
        "genreId": 1437,
        "genreName": "Biography/Autobiography",
        "genreDescription": "Ducimus et eligendi eius non perferendis esse. Dolor dolorem quis. Cumque omnis facere illum praesentium sit."
    },
    {
        "genreId": 2140,
        "genreName": "Textbook",
        "genreDescription": "Voluptates natus ipsam voluptatem rerum ea quos. Dolore quam et. Iusto id commodi quasi aliquam. Nesciunt doloribus nulla adipisci qui et aut. Vel qui dolor omnis consequatur omnis adipisci sed."
    },
    {
        "genreId": 2373,
        "genreName": "Legend",
        "genreDescription": "Quo porro quas sint ratione doloribus. Vel aut quam consectetur unde et. Sed sed dolores quia. Eum aspernatur et."
    },
    {
        "genreId": 2714,
        "genreName": "Fairy tale",
        "genreDescription": "Impedit iusto consequatur autem impedit eligendi. Voluptatem voluptatem esse consectetur aut. Voluptates at ut dicta tempore sunt libero. Exercitationem ut consequuntur corporis saepe ea. Qui ex sed perspiciatis enim quis necessitatibus."
    },
    {
        "genreId": 3436,
        "genreName": "Historical fiction",
        "genreDescription": "Cum quis possimus iste a magni. Qui voluptatem quod doloribus. Facere consequuntur excepturi nihil quidem est et. Blanditiis fugit ut."
    },
    {
        "genreId": 3748,
        "genreName": "Classic",
        "genreDescription": "Officiis repudiandae maxime consectetur quo. Tempore incidunt officiis dignissimos ullam. Non quas et. Ut sequi exercitationem ut similique."
    },
    {
        "genreId": 5310,
        "genreName": "Fiction in verse",
        "genreDescription": "Magni rem non aperiam temporibus. Ea quis rerum ratione ea sapiente explicabo. Earum corrupti sint minus architecto. Officiis veritatis sunt."
    },
    {
        "genreId": 5542,
        "genreName": "Mythopoeia",
        "genreDescription": "Perferendis ea asperiores id enim. Ut suscipit hic et aliquam nulla. Neque sint fugiat ut sapiente iste quam aut."
    },
    {
        "genreId": 5620,
        "genreName": "Suspense/Thriller",
        "genreDescription": "Laborum facilis sint iure tenetur asperiores. Et perspiciatis nesciunt dolorum. Eaque rerum omnis porro."
    }
]
2021-08-16 20:34 INFO  HttpClient - org.apache.maven.surefire.api.report.ConsoleOutputCapture$ForwardingPrintStream@164dea80
]]></system-out>
  </testcase>
  <testcase name="verifyGetGenreByIdGetRequest[{&quot;genreDescription&quot;:&quot;Id voluptatibus qui ullam omnis laboriosam maxime laudantium. Vel aut dolorem dolorem facilis officiis. Voluptate impedit repellendus iure enim. Modi in sed alias eum. Eaque sunt nihil rerum.&quot;, &quot;genreId&quot;:644, &quot;genreName&quot;:&quot;Metafiction&quot;}](1)" classname="GenreTest" time="0.078">
    <system-out><![CDATA[2021-08-16 20:34 INFO  BaseTest - Test 'verifyGetAllGenresGetRequest' completed.
2021-08-16 20:34 INFO  BaseTest - Test 'verifyGetGenreByIdGetRequest' started.
Request method:	GET
Request URI:	http://localhost:8080/api/library/genre/644/
Proxy:			<none>
Request params:	<none>
Query params:	<none>
Form params:	<none>
Path params:	<none>
Headers:		Accept=*/*
				Content-Type=application/json
Cookies:		<none>
Multiparts:		<none>
Body:			<none>
HTTP/1.1 200 
Content-Type: application/json;charset=UTF-8
Transfer-Encoding: chunked
Date: Mon, 16 Aug 2021 17:34:33 GMT

{
    "genreId": 644,
    "genreName": "Metafiction",
    "genreDescription": "Id voluptatibus qui ullam omnis laboriosam maxime laudantium. Vel aut dolorem dolorem facilis officiis. Voluptate impedit repellendus iure enim. Modi in sed alias eum. Eaque sunt nihil rerum."
}


REQUEST:
method: io.restassured.internal.RequestSpecificationImpl@2dc73024
uri: io.restassured.internal.RequestSpecificationImpl@2dc73024
body:
io.restassured.internal.RequestSpecificationImpl@2dc73024
2021-08-16 20:34 INFO  HttpClient - org.apache.maven.surefire.api.report.ConsoleOutputCapture$ForwardingPrintStream@164dea80


RESPONSE:
status line: HTTP/1.1 200 
location: null
body:
{
    "genreId": 644,
    "genreName": "Metafiction",
    "genreDescription": "Id voluptatibus qui ullam omnis laboriosam maxime laudantium. Vel aut dolorem dolorem facilis officiis. Voluptate impedit repellendus iure enim. Modi in sed alias eum. Eaque sunt nihil rerum."
}
2021-08-16 20:34 INFO  HttpClient - org.apache.maven.surefire.api.report.ConsoleOutputCapture$ForwardingPrintStream@164dea80
]]></system-out>
  </testcase>
  <testcase name="verifyGetGenresByBookIdGetRequest[{&quot;bookId&quot;:292, &quot;bookName&quot;:&quot;Ipsa dolor laboriosam&quot;, &quot;bookLanguage&quot;:&quot;croatian&quot;, &quot;bookDescription&quot;:&quot;Sit aut architecto ab voluptatem. Rerum itaque voluptatem corrupti vero laboriosam. Officiis esse dolor. Qui sunt quasi laudantium.&quot;, &quot;publicationYear&quot;:2008, &quot;additional&quot;:{&quot;pageCount&quot;:682, &quot;size&quot;:{&quot;height&quot;:16.1, &quot;width&quot;:0.0, &quot;lenght&quot;:0.0}}}](1)" classname="GenreTest" time="0.072">
    <failure message="Actual StatusCode not matching to Expected one. expected [200] but found [405]" type="java.lang.AssertionError"><![CDATA[java.lang.AssertionError: Actual StatusCode not matching to Expected one. expected [200] but found [405]
	at GenreTest.verifyGetGenresByBookIdGetRequest(GenreTest.java:91)
]]></failure>
    <system-out><![CDATA[2021-08-16 20:34 INFO  BaseTest - Test 'verifyGetGenreByIdGetRequest' completed.
2021-08-16 20:34 INFO  BaseTest - Test 'verifyGetGenresByBookIdGetRequest' started.
Request method:	GET
Request URI:	http://localhost:8080/api/library/book/292/genres
Proxy:			<none>
Request params:	<none>
Query params:	<none>
Form params:	<none>
Path params:	<none>
Headers:		Accept=*/*
				Content-Type=application/json
Cookies:		<none>
Multiparts:		<none>
Body:			<none>
HTTP/1.1 405 
Content-Type: application/json;charset=UTF-8
Transfer-Encoding: chunked
Date: Mon, 16 Aug 2021 17:34:33 GMT

{
    "timeStamp": "20:34:34.355 16-08-2021",
    "statusCode": 405,
    "error": "Method Not Allowed",
    "errorMessage": "Method 'GET' mapped by '/api/library/book/292/genres' not supported!"
}


REQUEST:
method: io.restassured.internal.RequestSpecificationImpl@72b10258
uri: io.restassured.internal.RequestSpecificationImpl@72b10258
body:
io.restassured.internal.RequestSpecificationImpl@72b10258
2021-08-16 20:34 INFO  HttpClient - org.apache.maven.surefire.api.report.ConsoleOutputCapture$ForwardingPrintStream@164dea80


RESPONSE:
status line: HTTP/1.1 405 
location: null
body:
{
    "timeStamp": "20:34:34.355 16-08-2021",
    "statusCode": 405,
    "error": "Method Not Allowed",
    "errorMessage": "Method 'GET' mapped by '/api/library/book/292/genres' not supported!"
}
2021-08-16 20:34 INFO  HttpClient - org.apache.maven.surefire.api.report.ConsoleOutputCapture$ForwardingPrintStream@164dea80
]]></system-out>
  </testcase>
  <testcase name="verifyGetNotFoundGenreByIdGetRequestNegativeCase[{&quot;genreDescription&quot;:&quot;genre description&quot;, &quot;genreId&quot;:9999, &quot;genreName&quot;:&quot;genre name&quot;}](1)" classname="GenreTest" time="0.067">
    <failure message="Unrecognized field &quot;timeStamp&quot; (class pojo.Genre), not marked as ignorable (3 known properties: &quot;genreDescription&quot;, &quot;genreId&quot;, &quot;genreName&quot;])&#10; at [Source: (String)&quot;{&quot;timeStamp&quot;:&quot;20:34:34.397 16-08-2021&quot;,&quot;statusCode&quot;:404,&quot;error&quot;:&quot;Not Found&quot;,&quot;errorMessage&quot;:&quot;Genre with &apos;genreId&apos; = &apos;9999&apos; doesn&apos;t exist!&quot;}&quot;; line: 1, column: 15] (through reference chain: pojo.Genre[&quot;timeStamp&quot;])" type="com.fasterxml.jackson.databind.exc.UnrecognizedPropertyException"><![CDATA[com.fasterxml.jackson.databind.exc.UnrecognizedPropertyException: 
Unrecognized field "timeStamp" (class pojo.Genre), not marked as ignorable (3 known properties: "genreDescription", "genreId", "genreName"])
 at [Source: (String)"{"timeStamp":"20:34:34.397 16-08-2021","statusCode":404,"error":"Not Found","errorMessage":"Genre with 'genreId' = '9999' doesn't exist!"}"; line: 1, column: 15] (through reference chain: pojo.Genre["timeStamp"])
	at GenreTest.verifyGetNotFoundGenreByIdGetRequestNegativeCase(GenreTest.java:74)
]]></failure>
    <system-out><![CDATA[2021-08-16 20:34 INFO  BaseTest - Test 'verifyGetGenresByBookIdGetRequest' completed.
2021-08-16 20:34 INFO  BaseTest - Test 'verifyGetNotFoundGenreByIdGetRequestNegativeCase' started.
Request method:	GET
Request URI:	http://localhost:8080/api/library/genre/9999/
Proxy:			<none>
Request params:	<none>
Query params:	<none>
Form params:	<none>
Path params:	<none>
Headers:		Accept=*/*
				Content-Type=application/json
Cookies:		<none>
Multiparts:		<none>
Body:			<none>
HTTP/1.1 404 
Content-Type: application/json;charset=UTF-8
Transfer-Encoding: chunked
Date: Mon, 16 Aug 2021 17:34:33 GMT

{
    "timeStamp": "20:34:34.397 16-08-2021",
    "statusCode": 404,
    "error": "Not Found",
    "errorMessage": "Genre with 'genreId' = '9999' doesn't exist!"
}


REQUEST:
method: io.restassured.internal.RequestSpecificationImpl@34652065
uri: io.restassured.internal.RequestSpecificationImpl@34652065
body:
io.restassured.internal.RequestSpecificationImpl@34652065
2021-08-16 20:34 INFO  HttpClient - org.apache.maven.surefire.api.report.ConsoleOutputCapture$ForwardingPrintStream@164dea80


RESPONSE:
status line: HTTP/1.1 404 
location: null
body:
{
    "timeStamp": "20:34:34.397 16-08-2021",
    "statusCode": 404,
    "error": "Not Found",
    "errorMessage": "Genre with 'genreId' = '9999' doesn't exist!"
}
2021-08-16 20:34 INFO  HttpClient - org.apache.maven.surefire.api.report.ConsoleOutputCapture$ForwardingPrintStream@164dea80
]]></system-out>
  </testcase>
  <testcase name="verifySearchGenressGetRequest" classname="GenreTest" time="0.049">
    <failure message="Actual StatusCode not matching to Expected one. expected [200] but found [400]" type="java.lang.AssertionError"><![CDATA[java.lang.AssertionError: Actual StatusCode not matching to Expected one. expected [200] but found [400]
	at GenreTest.verifySearchGenressGetRequest(GenreTest.java:100)
]]></failure>
    <system-out><![CDATA[2021-08-16 20:34 INFO  BaseTest - Test 'verifyGetNotFoundGenreByIdGetRequestNegativeCase' completed.
2021-08-16 20:34 INFO  BaseTest - Test 'verifySearchGenressGetRequest' started.
Request method:	GET
Request URI:	http://localhost:8080/api/library/genres/search
Proxy:			<none>
Request params:	<none>
Query params:	<none>
Form params:	<none>
Path params:	<none>
Headers:		Accept=*/*
				Content-Type=application/json
Cookies:		<none>
Multiparts:		<none>
Body:			<none>
HTTP/1.1 400 
Content-Length: 0
Date: Mon, 16 Aug 2021 17:34:33 GMT
Connection: close


REQUEST:
method: io.restassured.internal.RequestSpecificationImpl@2066e897
uri: io.restassured.internal.RequestSpecificationImpl@2066e897
body:
io.restassured.internal.RequestSpecificationImpl@2066e897
2021-08-16 20:34 INFO  HttpClient - org.apache.maven.surefire.api.report.ConsoleOutputCapture$ForwardingPrintStream@164dea80


RESPONSE:
status line: HTTP/1.1 400 
location: null
body:

2021-08-16 20:34 INFO  HttpClient - org.apache.maven.surefire.api.report.ConsoleOutputCapture$ForwardingPrintStream@164dea80
]]></system-out>
  </testcase>
  <testcase name="verifyUpdatedGenrePutRequest[{&quot;genreDescription&quot;:&quot;updated genre description&quot;, &quot;genreId&quot;:9999, &quot;genreName&quot;:&quot;genre name&quot;}](1)" classname="GenreTest" time="0.183">
    <system-out><![CDATA[2021-08-16 20:34 INFO  BaseTest - Test 'verifySearchGenressGetRequest' completed.
2021-08-16 20:34 INFO  BaseTest - Test 'verifyUpdatedGenrePutRequest' started.
Request method:	POST
Request URI:	http://localhost:8080/api/library/genre/
Proxy:			<none>
Request params:	<none>
Query params:	<none>
Form params:	<none>
Path params:	<none>
Headers:		Accept=*/*
				Content-Type=application/json
Cookies:		<none>
Multiparts:		<none>
Body:
{
    "genreDescription": "genre description",
    "genreId": 9999,
    "genreName": "genre name"
}
HTTP/1.1 201 
Content-Type: application/json;charset=UTF-8
Transfer-Encoding: chunked
Date: Mon, 16 Aug 2021 17:34:33 GMT

{
    "genreId": 9999,
    "genreName": "genre name",
    "genreDescription": "genre description"
}


REQUEST:
method: io.restassured.internal.RequestSpecificationImpl@7cec3975
uri: io.restassured.internal.RequestSpecificationImpl@7cec3975
body:
io.restassured.internal.RequestSpecificationImpl@7cec3975
2021-08-16 20:34 INFO  HttpClient - org.apache.maven.surefire.api.report.ConsoleOutputCapture$ForwardingPrintStream@164dea80


RESPONSE:
status line: HTTP/1.1 201 
location: null
body:
{
    "genreId": 9999,
    "genreName": "genre name",
    "genreDescription": "genre description"
}
2021-08-16 20:34 INFO  HttpClient - org.apache.maven.surefire.api.report.ConsoleOutputCapture$ForwardingPrintStream@164dea80
Request method:	PUT
Request URI:	http://localhost:8080/api/library/genre/
Proxy:			<none>
Request params:	<none>
Query params:	<none>
Form params:	<none>
Path params:	<none>
Headers:		Accept=*/*
				Content-Type=application/json
Cookies:		<none>
Multiparts:		<none>
Body:
{
    "genreDescription": "updated genre description",
    "genreId": 9999,
    "genreName": "genre name"
}
HTTP/1.1 200 
Content-Type: application/json;charset=UTF-8
Transfer-Encoding: chunked
Date: Mon, 16 Aug 2021 17:34:33 GMT

{
    "genreId": 9999,
    "genreName": "genre name",
    "genreDescription": "updated genre description"
}


REQUEST:
method: io.restassured.internal.RequestSpecificationImpl@29ccab93
uri: io.restassured.internal.RequestSpecificationImpl@29ccab93
body:
io.restassured.internal.RequestSpecificationImpl@29ccab93
2021-08-16 20:34 INFO  HttpClient - org.apache.maven.surefire.api.report.ConsoleOutputCapture$ForwardingPrintStream@164dea80


RESPONSE:
status line: HTTP/1.1 200 
location: null
body:
{
    "genreId": 9999,
    "genreName": "genre name",
    "genreDescription": "updated genre description"
}
2021-08-16 20:34 INFO  HttpClient - org.apache.maven.surefire.api.report.ConsoleOutputCapture$ForwardingPrintStream@164dea80
Request method:	DELETE
Request URI:	http://localhost:8080/api/library/genre/9999/
Proxy:			<none>
Request params:	<none>
Query params:	<none>
Form params:	<none>
Path params:	<none>
Headers:		Accept=*/*
				Content-Type=application/json
Cookies:		<none>
Multiparts:		<none>
Body:			<none>
HTTP/1.1 204 
Content-Type: application/json;charset=UTF-8
Date: Mon, 16 Aug 2021 17:34:33 GMT


REQUEST:
method: io.restassured.internal.RequestSpecificationImpl@9763e61
uri: io.restassured.internal.RequestSpecificationImpl@9763e61
body:
io.restassured.internal.RequestSpecificationImpl@9763e61
2021-08-16 20:34 INFO  HttpClient - org.apache.maven.surefire.api.report.ConsoleOutputCapture$ForwardingPrintStream@164dea80


RESPONSE:
status line: HTTP/1.1 204 
location: null
body:

2021-08-16 20:34 INFO  HttpClient - org.apache.maven.surefire.api.report.ConsoleOutputCapture$ForwardingPrintStream@164dea80
]]></system-out>
  </testcase>
</testsuite>