<?xml version="1.0" encoding="UTF-8"?>
<!-- Generated by org.testng.reporters.JUnitXMLReporter -->
<testsuite hostname="NATA-PC" ignored="7" tests="3" failures="0" timestamp="2021-08-17T21:27:36 EEST" time="4.824" errors="0">
  <testcase name="verifyCreatingBookPostRequest" time="3.936" classname="BookTest"/>
  <testcase name="verifyDeletingBookByIdDeleteRequest" time="0.122" classname="BookTest"/>
  <testcase name="verifyUpdatingBookPutRequest" time="0.086" classname="BookTest"/>
  <testcase name="verifyGetNotFoundBookByIdGetRequestNegativeCase" time="0.0" classname="BookTest">
    <ignored/>
  </testcase> <!-- verifyGetNotFoundBookByIdGetRequestNegativeCase -->
  <testcase name="verifyGetAllBooksGetRequest" time="0.0" classname="BookTest">
    <ignored/>
  </testcase> <!-- verifyGetAllBooksGetRequest -->
  <testcase name="verifyGetBooksByAuthorIdGenreIdGetRequest" time="0.0" classname="BookTest">
    <ignored/>
  </testcase> <!-- verifyGetBooksByAuthorIdGenreIdGetRequest -->
  <testcase name="verifySearchBooksGetRequest" time="0.0" classname="BookTest">
    <ignored/>
  </testcase> <!-- verifySearchBooksGetRequest -->
  <testcase name="verifyGetBookByIdGetRequest" time="0.0" classname="BookTest">
    <ignored/>
  </testcase> <!-- verifyGetBookByIdGetRequest -->
  <testcase name="verifyGetBooksByGenreIdGetRequest" time="0.0" classname="BookTest">
    <ignored/>
  </testcase> <!-- verifyGetBooksByGenreIdGetRequest -->
  <testcase name="verifyGetBooksByAuthorIdGetRequest" time="0.0" classname="BookTest">
    <ignored/>
  </testcase> <!-- verifyGetBooksByAuthorIdGetRequest -->
</testsuite>
