<?xml version="1.0" encoding="UTF-8"?>
<!-- Generated by org.testng.reporters.JUnitXMLReporter -->
<testsuite hostname="NATA-PC" ignored="3" tests="7" failures="1" timestamp="2021-08-17T21:27:36 EEST" time="0.627" errors="0">
  <testcase name="verifyGetAllBooksGetRequest" time="0.125" classname="BookTest"/>
  <testcase name="verifyGetBookByIdGetRequest" time="0.055" classname="BookTest"/>
  <testcase name="verifyGetBooksByAuthorIdGenreIdGetRequest" time="0.081" classname="BookTest"/>
  <testcase name="verifyGetBooksByAuthorIdGetRequest" time="0.096" classname="BookTest"/>
  <testcase name="verifyGetBooksByGenreIdGetRequest" time="0.11" classname="BookTest"/>
  <testcase name="verifyGetNotFoundBookByIdGetRequestNegativeCase" time="0.057" classname="BookTest"/>
  <testcase name="verifySearchBooksGetRequest" time="0.025" classname="BookTest">
    <failure type="java.lang.AssertionError" message="Actual StatusCode not matching to Expected one. expected [200] but found [400]">
      <![CDATA[java.lang.AssertionError: Actual StatusCode not matching to Expected one. expected [200] but found [400]
at utils.Validator.validateStatusCode(Validator.java:21)
at BookTest.verifySearchBooksGetRequest(BookTest.java:118)
at java.util.ArrayList.forEach(ArrayList.java:1257)
... Removed 37 stack frames]]>
    </failure>
  </testcase> <!-- verifySearchBooksGetRequest -->
  <testcase name="verifyUpdatingBookPutRequest" time="0.0" classname="BookTest">
    <ignored/>
  </testcase> <!-- verifyUpdatingBookPutRequest -->
  <testcase name="verifyDeletingBookByIdDeleteRequest" time="0.0" classname="BookTest">
    <ignored/>
  </testcase> <!-- verifyDeletingBookByIdDeleteRequest -->
  <testcase name="verifyCreatingBookPostRequest" time="0.0" classname="BookTest">
    <ignored/>
  </testcase> <!-- verifyCreatingBookPostRequest -->
</testsuite>
