<?xml version="1.0" encoding="UTF-8"?>
<!-- Generated by org.testng.reporters.JUnitXMLReporter -->
<testsuite hostname="NATA-PC" ignored="3" tests="6" failures="1" timestamp="2021-08-18T17:04:21 EEST" time="0.391" errors="0">
  <testcase name="verifyGetAllAuthorsGetRequest" time="0.073" classname="AuthorTest"/>
  <testcase name="verifyGetAuthorByBookIdGetRequest" time="0.056" classname="AuthorTest"/>
  <testcase name="verifyGetAuthorByIdGetRequest" time="0.058" classname="AuthorTest"/>
  <testcase name="verifyGetAuthorsByGenreIdGetRequest" time="0.064" classname="AuthorTest"/>
  <testcase name="verifyGetNotFoundAuthorByIdGetRequestNegativeCase" time="0.049" classname="AuthorTest"/>
  <testcase name="verifySearchAuthorsGetRequest" time="0.034" classname="AuthorTest">
    <failure type="java.lang.AssertionError" message="Actual StatusCode not matching to Expected one. expected [200] but found [400]">
      <![CDATA[java.lang.AssertionError: Actual StatusCode not matching to Expected one. expected [200] but found [400]
at utils.Validator.validateStatusCode(Validator.java:25)
at AuthorTest.verifySearchAuthorsGetRequest(AuthorTest.java:101)
at java.util.ArrayList.forEach(ArrayList.java:1257)
... Removed 37 stack frames]]>
    </failure>
  </testcase> <!-- verifySearchAuthorsGetRequest -->
  <testcase name="verifyUpdatingAuthorPutRequest" time="0.0" classname="AuthorTest">
    <ignored/>
  </testcase> <!-- verifyUpdatingAuthorPutRequest -->
  <testcase name="verifyDeletingAuthorByIdDeleteRequest" time="0.0" classname="AuthorTest">
    <ignored/>
  </testcase> <!-- verifyDeletingAuthorByIdDeleteRequest -->
  <testcase name="verifyCreatingAuthorPostRequest" time="0.0" classname="AuthorTest">
    <ignored/>
  </testcase> <!-- verifyCreatingAuthorPostRequest -->
</testsuite>
