<?xml version="1.0" encoding="UTF-8"?>
<!-- Generated by org.testng.reporters.JUnitXMLReporter -->
<testsuite hostname="NATA-PC" ignored="6" tests="3" failures="0" timestamp="2021-08-18T17:04:21 EEST" time="0.461" errors="0">
  <testcase name="verifyCreatingAuthorPostRequest" time="0.065" classname="AuthorTest"/>
  <testcase name="verifyDeletingAuthorByIdDeleteRequest" time="0.102" classname="AuthorTest"/>
  <testcase name="verifyUpdatingAuthorPutRequest" time="0.066" classname="AuthorTest"/>
  <testcase name="verifyGetAuthorsByGenreIdGetRequest" time="0.0" classname="AuthorTest">
    <ignored/>
  </testcase> <!-- verifyGetAuthorsByGenreIdGetRequest -->
  <testcase name="verifySearchAuthorsGetRequest" time="0.0" classname="AuthorTest">
    <ignored/>
  </testcase> <!-- verifySearchAuthorsGetRequest -->
  <testcase name="verifyGetNotFoundAuthorByIdGetRequestNegativeCase" time="0.0" classname="AuthorTest">
    <ignored/>
  </testcase> <!-- verifyGetNotFoundAuthorByIdGetRequestNegativeCase -->
  <testcase name="verifyGetAllAuthorsGetRequest" time="0.0" classname="AuthorTest">
    <ignored/>
  </testcase> <!-- verifyGetAllAuthorsGetRequest -->
  <testcase name="verifyGetAuthorByIdGetRequest" time="0.0" classname="AuthorTest">
    <ignored/>
  </testcase> <!-- verifyGetAuthorByIdGetRequest -->
  <testcase name="verifyGetAuthorByBookIdGetRequest" time="0.0" classname="AuthorTest">
    <ignored/>
  </testcase> <!-- verifyGetAuthorByBookIdGetRequest -->
</testsuite>
